#
# A fatal error has been detected by the Java Runtime Environment:
#
#  EXCEPTION_ACCESS_VIOLATION (0xc0000005) at pc=0x00000001800044cb, pid=16020, tid=12152
#
# JRE version: Java(TM) SE Runtime Environment (23.0.2+7) (build 23.0.2+7-58)
# Java VM: Java HotSpot(TM) 64-Bit Server VM (23.0.2+7-58, mixed mode, sharing, tiered, compressed oops, compressed class ptrs, g1 gc, windows-amd64)
# Problematic frame:
# C  [rxtxSerial.dll+0x44cb]
#
# No core dump will be written. Minidumps are not enabled by default on client versions of Windows
#
# If you would like to submit a bug report, please visit:
#   https://bugreport.java.com/bugreport/crash.jsp
# The crash happened outside the Java Virtual Machine in native code.
# See problematic frame for where to report the bug.
#

---------------  S U M M A R Y ------------

Command Line: -Djava.library.path=C:\Users\Usuario\Documents\GitHub\Java_HandLight_Control\libs\opencv\build\java\x64;C:\Users\Usuario\Documents\GitHub\Java_HandLight_Control\libs\rxtx -javaagent:C:\Program Files\JetBrains\IntelliJ IDEA 2024.3.5\lib\idea_rt.jar=55272 -Dfile.encoding=UTF-8 -Dsun.stdout.encoding=UTF-8 -Dsun.stderr.encoding=UTF-8 Main

Host: AMD Ryzen 5 1400 Quad-Core Processor           , 8 cores, 15G,  Windows 11 , 64 bit Build 22621 (10.0.22621.4974)
Time: Sat Mar 29 12:43:21 2025 Hora estándar central (México) elapsed time: 2.820171 seconds (0d 0h 0m 2s)

---------------  T H R E A D  ---------------

Current thread (0x00000226e60c0ca0):  JavaThread "main"             [_thread_in_native, id=12152, stack(0x0000003cf2000000,0x0000003cf2100000) (1024K)]

Stack: [0x0000003cf2000000,0x0000003cf2100000],  sp=0x0000003cf20fee40,  free space=1019k
Native frames: (J=compiled Java code, j=interpreted, Vv=VM code, C=native code)
C  [rxtxSerial.dll+0x44cb]  (no source info available)
C  0x00000226f811d207  (no source info available)

The last pc belongs to native method entry point (kind = native) (printed below).
Java frames: (J=compiled Java code, j=interpreted, Vv=VM code)
j  gnu.io.RXTXPort.nativeDrain(Z)Z+0
j  gnu.io.RXTXPort$SerialOutputStream.flush()V+92
j  Main.sendData(Ljava/lang/String;)V+24
j  Main.executeButtonAction(I)V+8
j  Main.handleButtonInteractions(Lorg/opencv/core/Rect;)V+42
j  Main.main([Ljava/lang/String;)V+97
v  ~StubRoutines::call_stub 0x00000226f8110fcd

siginfo: EXCEPTION_ACCESS_VIOLATION (0xc0000005), reading address 0xfffffffff31fedcc


Registers:
RAX=0x000000000000001c, RBX=0x0000000000000001, RCX=0x0000003cf20ff21c, RDX=0x0000000000000000
RSP=0x0000003cf20fee40, RBP=0x0000000000000001, RSI=0x0000000000000000, RDI=0x00000226e60c1060
R8 =0x0000003cf20feb00, R9 =0x0000000180000000, R10=0x0000000000000000, R11=0x0000000000000200
R12=0xfffffffff31fedc0, R13=0x0000000000000000, R14=0x0000003cf20ff330, R15=0x00000226e60c0ca0
RIP=0x00000001800044cb, EFLAGS=0x0000000000010286


Register to memory mapping:

RAX=0x000000000000001c is an unknown value
RBX=0x0000000000000001 is an unknown value
RCX=0x0000003cf20ff21c is pointing into the stack for thread: 0x00000226e60c0ca0
RDX=0x0 is null
RSP=0x0000003cf20fee40 is pointing into the stack for thread: 0x00000226e60c0ca0
RBP=0x0000000000000001 is an unknown value
RSI=0x0 is null
RDI=0x00000226e60c1060 points into unknown readable memory: 0x00007fff70126e10 | 10 6e 12 70 ff 7f 00 00
R8 =0x0000003cf20feb00 is pointing into the stack for thread: 0x00000226e60c0ca0
R9 =0x0000000180000000 rxtxSerial.dll
R10=0x0 is null
R11=0x0000000000000200 is an unknown value
R12=0xfffffffff31fedc0 is an unknown value
R13=0x0 is null
R14=0x0000003cf20ff330 is pointing into the stack for thread: 0x00000226e60c0ca0
R15=0x00000226e60c0ca0 is a thread

Top of Stack: (sp=0x0000003cf20fee40)
0x0000003cf20fee40:   00000226c947b270 000000018001c4c0
0x0000003cf20fee50:   0000000000000000 0000000000000000
0x0000003cf20fee60:   0000003cf20ff050 00000226f811a5c0
0x0000003cf20fee70:   0000003cf20ff330 0000194a00000000
0x0000003cf20fee80:   0000003cf20ff190 00007fff6f9110f5
0x0000003cf20fee90:   0000003cf20ff190 0000000000000400
0x0000003cf20feea0:   0000000000000400 00007fff6f8e34c0
0x0000003cf20feeb0:   00000226c947b270 00000226e60c0ca0
0x0000003cf20feec0:   00007fff6fefd588 0000000000000000
0x0000003cf20feed0:   0000000000000007 00000226f811a5c0
0x0000003cf20feee0:   00000226c947b270 00000000ffffff00
0x0000003cf20feef0:   0000003cf20ff240 0000000000000012
0x0000003cf20fef00:   0000000000000088 00000226f813774e
0x0000003cf20fef10:   0000003cf20fefd0 00007fff6f768f4c
0x0000003cf20fef20:   000000000000008d 0000003cf20ff050
0x0000003cf20fef30:   0000000000000012 0000003cf20ff330
0x0000003cf20fef40:   00007fff701b2e08 00007fff6f9125b2
0x0000003cf20fef50:   00000000ffffffff 000000000000008d
0x0000003cf20fef60:   00000226e60c0ca0 0000000000000008
0x0000003cf20fef70:   00007fff6fef8738 0000002000000000
0x0000003cf20fef80:   0000000000000000 0000000000000000
0x0000003cf20fef90:   00000226e61438e0 00000226e60c1310
0x0000003cf20fefa0:   00000226e60c1320 00000226e60c16f8
0x0000003cf20fefb0:   00000000000003d8 6e675f6176614a00
0x0000003cf20fefc0:   00000226c947b270 616e5f74726f5058
0x0000003cf20fefd0:   00007fff6fefd620 0000000000000000
0x0000003cf20fefe0:   0000000000000000 0000000000000000
0x0000003cf20feff0:   0000000000000000 0000000000000000
0x0000003cf20ff000:   0000000000000000 0000000000000000
0x0000003cf20ff010:   0000000000000000 00000000f20f0000
0x0000003cf20ff020:   00000226e60c1300 0000003cf20fefd0
0x0000003cf20ff030:   00000226f8135dc0 0000000000000000 

Instructions: (pc=0x00000001800044cb)
0x00000001800043cb:   89 54 24 30 e8 3c f4 ff ff 48 8b 54 24 30 4c 8d
0x00000001800043db:   0d b4 80 01 00 4c 8d 05 b1 80 01 00 48 8b cf 8b
0x00000001800043eb:   e8 e8 1f f4 ff ff 33 db 4c 63 e0 8b cd e8 43 41
0x00000001800043fb:   00 00 ff c3 8b f0 85 c0 74 0f e8 72 63 00 00 83
0x000000018000440b:   38 04 75 05 83 fb 03 7c e2 48 8d 15 a5 80 01 00
0x000000018000441b:   48 8d 8c 24 c0 03 00 00 44 8b c6 e8 11 5e 00 00
0x000000018000442b:   85 f6 0f 84 86 00 00 00 e8 44 63 00 00 8b 08 e8
0x000000018000443b:   59 62 00 00 4c 8b 07 48 8d 15 a7 80 01 00 48 8b
0x000000018000444b:   cf 48 8b f0 41 ff 50 30 48 8b d8 48 85 c0 75 1b
0x000000018000445b:   48 8b 07 48 8b cf ff 90 80 00 00 00 4c 8b 1f 48
0x000000018000446b:   8b cf 41 ff 93 88 00 00 00 eb 43 4c 8d 0d 63 80
0x000000018000447b:   01 00 48 8d 15 7c 90 01 00 48 8d 8c 24 78 03 00
0x000000018000448b:   00 4c 8b c6 e8 a8 5d 00 00 4c 8b 1f 4c 8d 84 24
0x000000018000449b:   78 03 00 00 48 8b d3 48 8b cf 41 ff 53 70 4c 8b
0x00000001800044ab:   1f 48 8b d3 48 8b cf 41 ff 93 b8 00 00 00 45 84
0x00000001800044bb:   ed 0f 85 b7 00 00 00 4d 85 e4 0f 84 ae 00 00 00
0x00000001800044cb:   41 83 7c 24 0c 00 0f 84 a2 00 00 00 48 8d 4c 24
0x00000001800044db:   38 49 8b d4 41 b8 40 03 00 00 e8 06 64 00 00 4c
0x00000001800044eb:   8b 1f 48 8b 54 24 30 48 8b cf 41 ff 93 f8 00 00
0x00000001800044fb:   00 48 8b 54 24 30 4c 8d 0d f8 7a 01 00 4c 8d 05
0x000000018000450b:   f5 7a 01 00 48 8b cf 48 8b d8 e8 f6 f2 ff ff 4c
0x000000018000451b:   8b 1f 4c 8d 0d e4 7a 01 00 4c 8d 05 e5 7a 01 00
0x000000018000452b:   48 8b d3 48 8b cf 41 ff 93 08 01 00 00 83 bc 24
0x000000018000453b:   d0 00 00 00 01 48 8b f0 7f 34 48 85 db 74 2f 48
0x000000018000454b:   8b 17 48 8b cf ff 92 88 00 00 00 4c 8b 1f 48 8b
0x000000018000455b:   54 24 30 41 b9 02 00 00 00 4c 8b c6 48 8b cf c7
0x000000018000456b:   44 24 20 01 00 00 00 41 ff 93 28 01 00 00 32 c0
0x000000018000457b:   48 8b 8c 24 10 04 00 00 48 33 cc e8 05 5b 00 00
0x000000018000458b:   48 8b 9c 24 60 04 00 00 48 81 c4 20 04 00 00 41
0x000000018000459b:   5d 41 5c 5f 5e 5d c3 cc cc cc cc cc cc cc cc cc
0x00000001800045ab:   cc cc cc cc cc 40 53 48 83 ec 20 41 8b d8 4c 8d
0x00000001800045bb:   0d dc 7e 01 00 4c 8d 05 25 7f 01 00 e8 44 f2 ff 


Stack slot to memory mapping:

stack at sp + 0 slots: {method} {0x00000226c947b278} 'nativeDrain' '(Z)Z' in 'gnu/io/RXTXPort'
stack at sp + 1 slots: 0x000000018001c4c0 rxtxSerial.dll
stack at sp + 2 slots: 0x0 is null
stack at sp + 3 slots: 0x0 is null
stack at sp + 4 slots: 0x0000003cf20ff050 is pointing into the stack for thread: 0x00000226e60c0ca0
stack at sp + 5 slots: 0x00000226f811a5c0 is at code_begin+0 in an Interpreter codelet
result handlers for native calls  [0x00000226f811a5c0, 0x00000226f811a5e0]  32 bytes
stack at sp + 6 slots: 0x0000003cf20ff330 is pointing into the stack for thread: 0x00000226e60c0ca0
stack at sp + 7 slots: 0x0000194a00000000 is an unknown value

Lock stack of current Java thread (top to bottom):

native method entry point (kind = native)  [0x00000226f811cde0, 0x00000226f811d938]  2904 bytes
[MachCode]
  0x00000226f811cde0: 488b 4b08 | 0fb7 492e | 584c 8d74 | ccf8 6800 | 0000 0068 | 0000 0000 | 5055 488b | ec41 5568 
  0x00000226f811ce00: 0000 0000 | 4c8b 6b08 | 4d8d 6d38 | 5348 8b53 | 0848 8b52 | 0848 8b52 | 1848 8b52 | 7048 8b12 
  0x00000226f811ce20: 5248 8b53 | 1048 85d2 | 0f84 0700 | 0000 4881 | c210 0100 | 0052 488b | 5308 488b | 5208 488b 
  0x00000226f811ce40: 5210 5249 | 8bc6 482b | c548 c1e8 | 0350 6800 | 0000 0068 | f7ff ffff | 41c6 8771 | 0400 0001 
  0x00000226f811ce60: 488b 4310 | 4885 c074 | 208b 88cc | 0000 0083 | c102 8988 | cc00 0000 | 2388 e000 | 0000 0f84 
  0x00000226f811ce80: 000a 0000 | e9cf 0000 | 0048 8b43 | 1848 85c0 | 0f85 b000 | 0000 e805 | 0000 00e9 | 9900 0000 
  0x00000226f811cea0: 488b d348 | 8d44 2408 | 4c89 6dc0 | 498b cfc5 | f877 4989 | afb0 0300 | 0049 8987 | a003 0000 
  0x00000226f811cec0: 4883 ec20 | 40f6 c40f | 0f84 1900 | 0000 4883 | ec08 48b8 | 8028 916f | ff7f 0000 | ffd0 4883 
  0x00000226f811cee0: c408 e90c | 0000 0048 | b880 2891 | 6fff 7f00 | 00ff d048 | 83c4 2049 | c787 a003 | 0000 0000 
  0x00000226f811cf00: 0000 49c7 | 87b0 0300 | 0000 0000 | 0049 c787 | a803 0000 | 0000 0000 | c5f8 7749 | 837f 0800 
  0x00000226f811cf20: 0f84 0500 | 0000 e995 | 3fff ff4c | 8b6d c04c | 8b75 c84e | 8d74 f500 | c348 8b43 | 1848 85c0 
  0x00000226f811cf40: 0f84 1200 | 0000 8b48 | 0883 c102 | 8948 0823 | 481c 0f84 | 2c09 0000 | 493b a7e8 | 0400 000f 
  0x00000226f811cf60: 8748 0000 | 0089 8424 | 00f0 ffff | 8984 2400 | e0ff ff89 | 8424 00d0 | ffff 8984 | 2400 c0ff 
  0x00000226f811cf80: ff89 8424 | 00b0 ffff | 8984 2400 | a0ff ff89 | 8424 0090 | ffff 8984 | 2400 80ff | ff49 3ba7 
  0x00000226f811cfa0: e004 0000 | 7607 4989 | a7e8 0400 | 0041 c687 | 7104 0000 | 0049 ba41 | bd18 70ff | 7f00 0041 
  0x00000226f811cfc0: 803a 000f | 843e 0000 | 0048 8b55 | e849 8bcf | 4883 ec20 | 40f6 c40f | 0f84 1900 | 0000 4883 
  0x00000226f811cfe0: ec08 48b8 | f0f0 c86f | ff7f 0000 | ffd0 4883 | c408 e90c | 0000 0048 | b8f0 f0c8 | 6fff 7f00 
  0x00000226f811d000: 00ff d048 | 83c4 2048 | 8b5d e84c | 8b5b 0845 | 0fb7 5b2e | 41c1 e303 | 492b e348 | 83ec 2048 
  0x00000226f811d020: 83e4 f04c | 8b5b 604d | 85db 0f85 | ab00 0000 | e805 0000 | 00e9 9900 | 0000 488b | d348 8d44 
  0x00000226f811d040: 2408 4c89 | 6dc0 498b | cfc5 f877 | 4989 afb0 | 0300 0049 | 8987 a003 | 0000 4883 | ec20 40f6 
  0x00000226f811d060: c40f 0f84 | 1900 0000 | 4883 ec08 | 48b8 e04f | 916f ff7f | 0000 ffd0 | 4883 c408 | e90c 0000 
  0x00000226f811d080: 0048 b8e0 | 4f91 6fff | 7f00 00ff | d048 83c4 | 2049 c787 | a003 0000 | 0000 0000 | 49c7 87b0 
  0x00000226f811d0a0: 0300 0000 | 0000 0049 | c787 a803 | 0000 0000 | 0000 c5f8 | 7749 837f | 0800 0f84 | 0500 0000 
  0x00000226f811d0c0: e9fb 3dff | ff4c 8b6d | c04c 8b75 | c84e 8d74 | f500 c348 | 8b5d e84c | 8b5b 6041 | ffd3 488b 
  0x00000226f811d0e0: 5de8 4889 | 4518 448b | 5b28 41f6 | c308 0f84 | 1b00 0000 | 4c8b 5b08 | 4d8b 5b08 | 4d8b 5b18 
  0x00000226f811d100: 4d8b 5b70 | 4d8b 1b4c | 895d 1048 | 8d55 1048 | 8b43 5849 | ba40 3fc9 | 6fff 7f00 | 0049 3bc2 
  0x00000226f811d120: 0f85 ab00 | 0000 e805 | 0000 00e9 | 9900 0000 | 488b d348 | 8d44 2408 | 4c89 6dc0 | 498b cfc5 
  0x00000226f811d140: f877 4989 | afb0 0300 | 0049 8987 | a003 0000 | 4883 ec20 | 40f6 c40f | 0f84 1900 | 0000 4883 
  0x00000226f811d160: ec08 48b8 | e04f 916f | ff7f 0000 | ffd0 4883 | c408 e90c | 0000 0048 | b8e0 4f91 | 6fff 7f00 
  0x00000226f811d180: 00ff d048 | 83c4 2049 | c787 a003 | 0000 0000 | 0000 49c7 | 87b0 0300 | 0000 0000 | 0049 c787 
  0x00000226f811d1a0: a803 0000 | 0000 0000 | c5f8 7749 | 837f 0800 | 0f84 0500 | 0000 e905 | 3dff ff4c | 8b6d c04c 
  0x00000226f811d1c0: 8b75 c84e | 8d74 f500 | c348 8b5d | e848 8b43 | 5849 8d8f | c003 0000 | c5f8 7749 | 89af b003 
  0x00000226f811d1e0: 0000 49ba | d8d1 11f8 | 2602 0000 | 4d89 97a8 | 0300 0049 | 89a7 a003 | 0000 41c7 | 8744 0400 
  0x00000226f811d200: 0004 0000 | 00ff d0c5 | f877 4883 | ec10 c5fb | 1104 2448 | 83ec 1048 | 8904 2448 | c744 2408 
  0x00000226f811d220: 0000 0000 | 41c7 8744 | 0400 0005 | 0000 00f0 | 8344 24c0 | 0049 3baf | 4804 0000 | 0f87 0e00 
  0x00000226f811d240: 0000 4183 | bf40 0400 | 0000 0f84 | 2000 0000 | 498b cf4c | 8be4 4883 | ec20 4883 | e4f0 48b8 
  0x00000226f811d260: 80ab 926f | ff7f 0000 | ffd0 498b | e44d 33e4 | 41c7 8744 | 0400 0008 | 0000 0049 | c787 a003 
  0x00000226f811d280: 0000 0000 | 0000 49c7 | 87b0 0300 | 0000 0000 | 0049 c787 | a803 0000 | 0000 0000 | c5f8 774d 
  0x00000226f811d2a0: 8b9f 3004 | 0000 41c7 | 8300 0100 | 0000 0000 | 0049 bbda | a511 f826 | 0200 004c | 3b5d 180f 
  0x00000226f811d2c0: 8524 0200 | 0048 8b04 | 2448 83c4 | 1048 85c0 | 0f84 fe01 | 0000 a803 | 0f85 0800 | 0000 488b 
  0x00000226f811d2e0: 00e9 ee01 | 0000 a801 | 0f85 0900 | 0000 488b | 40fe e9dd | 0100 0048 | 8b40 ff41 | 807f 3800 
  0x00000226f811d300: 0f84 ce01 | 0000 4883 | f800 0f84 | c401 0000 | 4d8b 5f28 | 4983 fb00 | 0f84 1400 | 0000 4983 
  0x00000226f811d320: eb08 4d89 | 5f28 4d03 | 5f30 4989 | 03e9 a201 | 0000 4881 | ecd0 0000 | 0048 8904 | 2448 894c 
  0x00000226f811d340: 2408 4889 | 5424 1048 | 8974 2418 | 4889 7c24 | 204c 8944 | 2428 4c89 | 4c24 304c | 8954 2438 
  0x00000226f811d360: 4c89 5c24 | 40c5 fb11 | 4424 50c5 | fb11 4c24 | 58c5 fb11 | 5424 60c5 | fb11 5c24 | 68c5 fb11 
  0x00000226f811d380: 6424 70c5 | fb11 6c24 | 78c5 fb11 | b424 8000 | 0000 c5fb | 11bc 2488 | 0000 00c5 | 7b11 8424 
  0x00000226f811d3a0: 9000 0000 | c57b 118c | 2498 0000 | 00c5 7b11 | 9424 a000 | 0000 c57b | 119c 24a8 | 0000 00c5 
  0x00000226f811d3c0: 7b11 a424 | b000 0000 | c57b 11ac | 24b8 0000 | 00c5 7b11 | b424 c000 | 0000 c57b | 11bc 24c8 
  0x00000226f811d3e0: 0000 0049 | 8bd7 488b | c848 83ec | 2040 f6c4 | 0f0f 8419 | 0000 0048 | 83ec 0848 | b800 0986 
  0x00000226f811d400: 6fff 7f00 | 00ff d048 | 83c4 08e9 | 0c00 0000 | 48b8 0009 | 866f ff7f | 0000 ffd0 | 4883 c420 
  0x00000226f811d420: c57b 10bc | 24c8 0000 | 00c5 7b10 | b424 c000 | 0000 c57b | 10ac 24b8 | 0000 00c5 | 7b10 a424 
  0x00000226f811d440: b000 0000 | c57b 109c | 24a8 0000 | 00c5 7b10 | 9424 a000 | 0000 c57b | 108c 2498 | 0000 00c5 
  0x00000226f811d460: 7b10 8424 | 9000 0000 | c5fb 10bc | 2488 0000 | 00c5 fb10 | b424 8000 | 0000 c5fb | 106c 2478 
  0x00000226f811d480: c5fb 1064 | 2470 c5fb | 105c 2468 | c5fb 1054 | 2460 c5fb | 104c 2458 | c5fb 1044 | 2450 4c8b 
  0x00000226f811d4a0: 5c24 404c | 8b54 2438 | 4c8b 4c24 | 304c 8b44 | 2428 488b | 7c24 2048 | 8b74 2418 | 488b 5424 
  0x00000226f811d4c0: 1048 8b4c | 2408 488b | 0424 4881 | c4d0 0000 | 00c5 f877 | 4889 4510 | 4883 ec10 | 4889 0424 
  0x00000226f811d4e0: 48c7 4424 | 0800 0000 | 0041 83bf | c804 0000 | 020f 85bf | 0000 0048 | 81ec 8000 | 0000 4889 
  0x00000226f811d500: 4424 7848 | 894c 2470 | 4889 5424 | 6848 895c | 2460 4889 | 6c24 5048 | 8974 2448 | 4889 7c24 
  0x00000226f811d520: 404c 8944 | 2438 4c89 | 4c24 304c | 8954 2428 | 4c89 5c24 | 204c 8964 | 2418 4c89 | 6c24 104c 
  0x00000226f811d540: 8974 2408 | 4c89 3c24 | 4c8b e448 | 83ec 2048 | 83e4 f048 | b8a0 25c9 | 6fff 7f00 | 00ff d049 
  0x00000226f811d560: 8be4 4c8b | 3c24 4c8b | 7424 084c | 8b6c 2410 | 4c8b 6424 | 184c 8b5c | 2420 4c8b | 5424 284c 
  0x00000226f811d580: 8b4c 2430 | 4c8b 4424 | 3848 8b7c | 2440 488b | 7424 4848 | 8b6c 2450 | 488b 5c24 | 6048 8b54 
  0x00000226f811d5a0: 2468 488b | 4c24 7048 | 8b44 2478 | 4881 c480 | 0000 004d | 33e4 488b | 5de8 4c8b | 6b08 4d8d 
  0x00000226f811d5c0: 6d38 4983 | 7f08 000f | 84bb 0000 | 00e8 0500 | 0000 e996 | 0000 0048 | 8d44 2408 | 4c89 6dc0 
  0x00000226f811d5e0: 498b cfc5 | f877 4989 | afb0 0300 | 0049 8987 | a003 0000 | 4883 ec20 | 40f6 c40f | 0f84 1900 
  0x00000226f811d600: 0000 4883 | ec08 48b8 | f06d 916f | ff7f 0000 | ffd0 4883 | c408 e90c | 0000 0048 | b8f0 6d91 
  0x00000226f811d620: 6fff 7f00 | 00ff d048 | 83c4 2049 | c787 a003 | 0000 0000 | 0000 49c7 | 87b0 0300 | 0000 0000 
  0x00000226f811d640: 0049 c787 | a803 0000 | 0000 0000 | c5f8 7749 | 837f 0800 | 0f84 0500 | 0000 e961 | 38ff ff4c 
  0x00000226f811d660: 8b6d c04c | 8b75 c84e | 8d74 f500 | c348 b940 | e5f0 6fff | 7f00 0048 | 83e4 f048 | b850 4db7 
  0x00000226f811d680: 6fff 7f00 | 00ff d0f4 | 448b 5b28 | 41f6 c320 | 0f84 7901 | 0000 488d | 55a8 4c8b | 5a08 4d85 
  0x00000226f811d6a0: db0f 85bb | 0000 00e8 | 0500 0000 | e996 0000 | 0048 8d44 | 2408 4c89 | 6dc0 498b | cfc5 f877 
  0x00000226f811d6c0: 4989 afb0 | 0300 0049 | 8987 a003 | 0000 4883 | ec20 40f6 | c40f 0f84 | 1900 0000 | 4883 ec08 
  0x00000226f811d6e0: 48b8 206d | 916f ff7f | 0000 ffd0 | 4883 c408 | e90c 0000 | 0048 b820 | 6d91 6fff | 7f00 00ff 
  0x00000226f811d700: d048 83c4 | 2049 c787 | a003 0000 | 0000 0000 | 49c7 87b0 | 0300 0000 | 0000 0049 | c787 a803 
  0x00000226f811d720: 0000 0000 | 0000 c5f8 | 7749 837f | 0800 0f84 | 0500 0000 | e987 37ff | ff4c 8b6d | c04c 8b75 
  0x00000226f811d740: c84e 8d74 | f500 c348 | b940 e5f0 | 6fff 7f00 | 0048 83e4 | f048 b850 | 4db7 6fff | 7f00 00ff 
  0x00000226f811d760: d0f4 4c89 | 6dc0 4c8b | 4a08 48c7 | 4208 0000 | 0000 458b | 8718 0600 | 004f 3b4c | 07f8 0f85 
  0x00000226f811d780: 4900 0000 | 4183 af18 | 0600 0008 | 4f3b 4c07 | f00f 842a | 0000 0049 | 8b01 a802 | 0f85 1200 
  0x00000226f811d7a0: 0000 4c8b | c049 83c8 | 01f0 4d0f | b101 0f84 | 0d00 0000 | 4183 8718 | 0600 0008 | e90c 0000 
  0x00000226f811d7c0: 0049 ff8f | 5005 0000 | e93e 0000 | 004c 894a | 0848 8bca | 4883 ec20 | 40f6 c40f | 0f84 1900 
  0x00000226f811d7e0: 0000 4883 | ec08 48b8 | e03f 916f | ff7f 0000 | ffd0 4883 | c408 e90c | 0000 0048 | b8e0 3f91 
  0x00000226f811d800: 6fff 7f00 | 00ff d048 | 83c4 204c | 8b6d c049 | ba41 bd18 | 70ff 7f00 | 0041 803a | 000f 843e 
  0x00000226f811d820: 0000 0048 | 8b55 e849 | 8bcf 4883 | ec20 40f6 | c40f 0f84 | 1900 0000 | 4883 ec08 | 48b8 f0f0 
  0x00000226f811d840: c86f ff7f | 0000 ffd0 | 4883 c408 | e90c 0000 | 0048 b8f0 | f0c8 6fff | 7f00 00ff | d048 83c4 
  0x00000226f811d860: 2048 8b04 | 2448 83c4 | 10c5 fb10 | 0424 4883 | c410 4c8b | 5d18 41ff | d34c 8b5d | f8c9 5f49 
  0x00000226f811d880: 8be3 ffe7 | ba00 0000 | 00e8 0500 | 0000 e996 | 0000 0048 | 8d44 2408 | 4c89 6dc0 | 498b cfc5 
  0x00000226f811d8a0: f877 4989 | afb0 0300 | 0049 8987 | a003 0000 | 4883 ec20 | 40f6 c40f | 0f84 1900 | 0000 4883 
  0x00000226f811d8c0: ec08 48b8 | 9033 916f | ff7f 0000 | ffd0 4883 | c408 e90c | 0000 0048 | b890 3391 | 6fff 7f00 
  0x00000226f811d8e0: 00ff d048 | 83c4 2049 | c787 a003 | 0000 0000 | 0000 49c7 | 87b0 0300 | 0000 0000 | 0049 c787 
  0x00000226f811d900: a803 0000 | 0000 0000 | c5f8 7749 | 837f 0800 | 0f84 0500 | 0000 e9a5 | 35ff ff4c | 8b6d c04c 
  0x00000226f811d920: 8b75 c84e | 8d74 f500 | c348 8b5d | e8e9 26f6 | ffff 660f | 1f44 0000 
[/MachCode]

---------------  P R O C E S S  ---------------

Threads class SMR info:
_java_thread_list=0x00000226d23bb710, length=22, elements={
0x00000226e60c0ca0, 0x0000022687b030f0, 0x0000022687b03f10, 0x0000022687b07300,
0x0000022687b09d70, 0x0000022687b0a7d0, 0x0000022687b0d240, 0x0000022687b22800,
0x0000022687b236b0, 0x0000022687c487d0, 0x0000022687d43b90, 0x0000022687e19e50,
0x00000226d220f690, 0x00000226d22eb7d0, 0x00000226d23f1010, 0x00000226d254bc40,
0x0000022687ce6cb0, 0x00000226d20e9910, 0x00000226d20e71b0, 0x00000226d20ea630,
0x00000226d20ec700, 0x00000226d20e7840
}

Java Threads: ( => current thread )
=>0x00000226e60c0ca0 JavaThread "main"                              [_thread_in_native, id=12152, stack(0x0000003cf2000000,0x0000003cf2100000) (1024K)]
  0x0000022687b030f0 JavaThread "Reference Handler"          daemon [_thread_blocked, id=15448, stack(0x0000003cf2800000,0x0000003cf2900000) (1024K)]
  0x0000022687b03f10 JavaThread "Finalizer"                  daemon [_thread_blocked, id=8896, stack(0x0000003cf2900000,0x0000003cf2a00000) (1024K)]
  0x0000022687b07300 JavaThread "Signal Dispatcher"          daemon [_thread_blocked, id=68, stack(0x0000003cf2a00000,0x0000003cf2b00000) (1024K)]
  0x0000022687b09d70 JavaThread "Attach Listener"            daemon [_thread_blocked, id=5088, stack(0x0000003cf2b00000,0x0000003cf2c00000) (1024K)]
  0x0000022687b0a7d0 JavaThread "Service Thread"             daemon [_thread_blocked, id=2248, stack(0x0000003cf2c00000,0x0000003cf2d00000) (1024K)]
  0x0000022687b0d240 JavaThread "Monitor Deflation Thread"   daemon [_thread_blocked, id=10584, stack(0x0000003cf2d00000,0x0000003cf2e00000) (1024K)]
  0x0000022687b22800 JavaThread "C2 CompilerThread0"         daemon [_thread_blocked, id=17904, stack(0x0000003cf2e00000,0x0000003cf2f00000) (1024K)]
  0x0000022687b236b0 JavaThread "C1 CompilerThread0"         daemon [_thread_blocked, id=12184, stack(0x0000003cf2f00000,0x0000003cf3000000) (1024K)]
  0x0000022687c487d0 JavaThread "Common-Cleaner"             daemon [_thread_blocked, id=9412, stack(0x0000003cf3000000,0x0000003cf3100000) (1024K)]
  0x0000022687d43b90 JavaThread "Monitor Ctrl-Break"         daemon [_thread_in_native, id=17448, stack(0x0000003cf3200000,0x0000003cf3300000) (1024K)]
  0x0000022687e19e50 JavaThread "Notification Thread"        daemon [_thread_blocked, id=6328, stack(0x0000003cf3300000,0x0000003cf3400000) (1024K)]
  0x00000226d220f690 JavaThread "RMI TCP Accept-0"           daemon [_thread_in_native, id=14276, stack(0x0000003cf3ee0000,0x0000003cf3fe0000) (1024K)]
  0x00000226d22eb7d0 JavaThread "RMI TCP Connection(1)-192.168.1.72" daemon [_thread_in_native, id=10504, stack(0x0000003cf3fe0000,0x0000003cf40e0000) (1024K)]
  0x00000226d23f1010 JavaThread "RMI Scheduler(0)"           daemon [_thread_blocked, id=13016, stack(0x0000003cf41e0000,0x0000003cf42e0000) (1024K)]
  0x00000226d254bc40 JavaThread "JMX server connection timeout 26" daemon [_thread_blocked, id=13600, stack(0x0000003cf4350000,0x0000003cf4450000) (1024K)]
  0x0000022687ce6cb0 JavaThread "Thread-0"                          [_thread_in_native, id=10140, stack(0x0000003cf3100000,0x0000003cf3200000) (1024K)]
  0x00000226d20e9910 JavaThread "Java2D Disposer"            daemon [_thread_blocked, id=7764, stack(0x0000003cf4c50000,0x0000003cf4d50000) (1024K)]
  0x00000226d20e71b0 JavaThread "AWT-Shutdown"                      [_thread_blocked, id=8572, stack(0x0000003cf4d50000,0x0000003cf4e50000) (1024K)]
  0x00000226d20ea630 JavaThread "AWT-Windows"                daemon [_thread_in_native, id=5516, stack(0x0000003cf4e50000,0x0000003cf4f50000) (1024K)]
  0x00000226d20ec700 JavaThread "AWT-EventQueue-0"                  [_thread_blocked, id=2336, stack(0x0000003cf5050000,0x0000003cf5150000) (1024K)]
  0x00000226d20e7840 JavaThread "D3D Screen Updater"         daemon [_thread_blocked, id=13688, stack(0x0000003cf5150000,0x0000003cf5250000) (1024K)]
Total: 22

Other Threads:
  0x0000022687ae80e0 VMThread "VM Thread"                           [id=12668, stack(0x0000003cf2700000,0x0000003cf2800000) (1024K)]
  0x0000022687ad1c10 WatcherThread "VM Periodic Task Thread"        [id=16504, stack(0x0000003cf2600000,0x0000003cf2700000) (1024K)]
  0x00000226e84fefb0 WorkerThread "GC Thread#0"                     [id=11828, stack(0x0000003cf2100000,0x0000003cf2200000) (1024K)]
  0x00000226e8513eb0 ConcurrentGCThread "G1 Main Marker"            [id=9576, stack(0x0000003cf2200000,0x0000003cf2300000) (1024K)]
  0x00000226e8514b70 WorkerThread "G1 Conc#0"                       [id=16960, stack(0x0000003cf2300000,0x0000003cf2400000) (1024K)]
  0x0000022687993580 ConcurrentGCThread "G1 Refine#0"               [id=16112, stack(0x0000003cf2400000,0x0000003cf2500000) (1024K)]
  0x0000022687994100 ConcurrentGCThread "G1 Service"                [id=16304, stack(0x0000003cf2500000,0x0000003cf2600000) (1024K)]
Total: 7

Threads with active compile tasks:
Total: 0

VM state: not at safepoint (normal execution)

VM Mutex/Monitor currently owned by a thread: None

Heap address: 0x0000000701600000, size: 4074 MB, Compressed Oops mode: Zero based, Oop shift amount: 3

CDS archive(s) mapped at: [0x0000022688000000-0x0000022688d70000-0x0000022688d70000), size 14090240, SharedBaseAddress: 0x0000022688000000, ArchiveRelocationMode: 1.
Compressed class space mapped at: 0x0000022689000000-0x00000226c9000000, reserved size: 1073741824
Narrow klass base: 0x0000022688000000, Narrow klass shift: 0, Narrow klass range: 0x41000000

GC Precious Log:
 CardTable entry size: 512
 Card Set container configuration: InlinePtr #cards 4 size 8 Array Of Cards #cards 16 size 48 Howl #buckets 8 coarsen threshold 3686 Howl Bitmap #cards 512 size 80 coarsen threshold 460 Card regions per heap region 1 cards per card region 4096
 CPUs: 8 total, 8 available
 Memory: 16288M
 Large Page Support: Disabled
 NUMA Support: Disabled
 Compressed Oops: Enabled (Zero based)
 Heap Region Size: 2M
 Heap Min Capacity: 8M
 Heap Initial Capacity: 256M
 Heap Max Capacity: 4074M
 Pre-touch: Disabled
 Parallel Workers: 8
 Concurrent Workers: 2
 Concurrent Refinement Workers: 8
 Periodic GC: Disabled

Heap:
 garbage-first heap   total reserved 4171776K, committed 262144K, used 20480K [0x0000000701600000, 0x0000000800000000)
  region size 2048K, 10 young (20480K), 0 survivors (0K)
 Metaspace       used 12736K, committed 12992K, reserved 1114112K
  class space    used 1427K, committed 1536K, reserved 1048576K

Heap Regions: E=young(eden), S=young(survivor), O=old, HS=humongous(starts), HC=humongous(continues), CS=collection set, F=free, TAMS=top-at-mark-start, PB=parsable bottom
|   0|0x0000000701600000, 0x0000000701800000, 0x0000000701800000|100%|HS|  |TAMS 0x0000000701600000| PB 0x0000000701600000| Complete |  0
|   1|0x0000000701800000, 0x0000000701800000, 0x0000000701a00000|  0%| F|  |TAMS 0x0000000701800000| PB 0x0000000701800000| Untracked |  0
|   2|0x0000000701a00000, 0x0000000701a00000, 0x0000000701c00000|  0%| F|  |TAMS 0x0000000701a00000| PB 0x0000000701a00000| Untracked |  0
|   3|0x0000000701c00000, 0x0000000701c00000, 0x0000000701e00000|  0%| F|  |TAMS 0x0000000701c00000| PB 0x0000000701c00000| Untracked |  0
|   4|0x0000000701e00000, 0x0000000701e00000, 0x0000000702000000|  0%| F|  |TAMS 0x0000000701e00000| PB 0x0000000701e00000| Untracked |  0
|   5|0x0000000702000000, 0x0000000702000000, 0x0000000702200000|  0%| F|  |TAMS 0x0000000702000000| PB 0x0000000702000000| Untracked |  0
|   6|0x0000000702200000, 0x0000000702200000, 0x0000000702400000|  0%| F|  |TAMS 0x0000000702200000| PB 0x0000000702200000| Untracked |  0
|   7|0x0000000702400000, 0x0000000702400000, 0x0000000702600000|  0%| F|  |TAMS 0x0000000702400000| PB 0x0000000702400000| Untracked |  0
|   8|0x0000000702600000, 0x0000000702600000, 0x0000000702800000|  0%| F|  |TAMS 0x0000000702600000| PB 0x0000000702600000| Untracked |  0
|   9|0x0000000702800000, 0x0000000702800000, 0x0000000702a00000|  0%| F|  |TAMS 0x0000000702800000| PB 0x0000000702800000| Untracked |  0
|  10|0x0000000702a00000, 0x0000000702a00000, 0x0000000702c00000|  0%| F|  |TAMS 0x0000000702a00000| PB 0x0000000702a00000| Untracked |  0
|  11|0x0000000702c00000, 0x0000000702c00000, 0x0000000702e00000|  0%| F|  |TAMS 0x0000000702c00000| PB 0x0000000702c00000| Untracked |  0
|  12|0x0000000702e00000, 0x0000000702e00000, 0x0000000703000000|  0%| F|  |TAMS 0x0000000702e00000| PB 0x0000000702e00000| Untracked |  0
|  13|0x0000000703000000, 0x0000000703000000, 0x0000000703200000|  0%| F|  |TAMS 0x0000000703000000| PB 0x0000000703000000| Untracked |  0
|  14|0x0000000703200000, 0x0000000703200000, 0x0000000703400000|  0%| F|  |TAMS 0x0000000703200000| PB 0x0000000703200000| Untracked |  0
|  15|0x0000000703400000, 0x0000000703400000, 0x0000000703600000|  0%| F|  |TAMS 0x0000000703400000| PB 0x0000000703400000| Untracked |  0
|  16|0x0000000703600000, 0x0000000703600000, 0x0000000703800000|  0%| F|  |TAMS 0x0000000703600000| PB 0x0000000703600000| Untracked |  0
|  17|0x0000000703800000, 0x0000000703800000, 0x0000000703a00000|  0%| F|  |TAMS 0x0000000703800000| PB 0x0000000703800000| Untracked |  0
|  18|0x0000000703a00000, 0x0000000703a00000, 0x0000000703c00000|  0%| F|  |TAMS 0x0000000703a00000| PB 0x0000000703a00000| Untracked |  0
|  19|0x0000000703c00000, 0x0000000703c00000, 0x0000000703e00000|  0%| F|  |TAMS 0x0000000703c00000| PB 0x0000000703c00000| Untracked |  0
|  20|0x0000000703e00000, 0x0000000703e00000, 0x0000000704000000|  0%| F|  |TAMS 0x0000000703e00000| PB 0x0000000703e00000| Untracked |  0
|  21|0x0000000704000000, 0x0000000704000000, 0x0000000704200000|  0%| F|  |TAMS 0x0000000704000000| PB 0x0000000704000000| Untracked |  0
|  22|0x0000000704200000, 0x0000000704200000, 0x0000000704400000|  0%| F|  |TAMS 0x0000000704200000| PB 0x0000000704200000| Untracked |  0
|  23|0x0000000704400000, 0x0000000704400000, 0x0000000704600000|  0%| F|  |TAMS 0x0000000704400000| PB 0x0000000704400000| Untracked |  0
|  24|0x0000000704600000, 0x0000000704600000, 0x0000000704800000|  0%| F|  |TAMS 0x0000000704600000| PB 0x0000000704600000| Untracked |  0
|  25|0x0000000704800000, 0x0000000704800000, 0x0000000704a00000|  0%| F|  |TAMS 0x0000000704800000| PB 0x0000000704800000| Untracked |  0
|  26|0x0000000704a00000, 0x0000000704a00000, 0x0000000704c00000|  0%| F|  |TAMS 0x0000000704a00000| PB 0x0000000704a00000| Untracked |  0
|  27|0x0000000704c00000, 0x0000000704c00000, 0x0000000704e00000|  0%| F|  |TAMS 0x0000000704c00000| PB 0x0000000704c00000| Untracked |  0
|  28|0x0000000704e00000, 0x0000000704e00000, 0x0000000705000000|  0%| F|  |TAMS 0x0000000704e00000| PB 0x0000000704e00000| Untracked |  0
|  29|0x0000000705000000, 0x0000000705000000, 0x0000000705200000|  0%| F|  |TAMS 0x0000000705000000| PB 0x0000000705000000| Untracked |  0
|  30|0x0000000705200000, 0x0000000705200000, 0x0000000705400000|  0%| F|  |TAMS 0x0000000705200000| PB 0x0000000705200000| Untracked |  0
|  31|0x0000000705400000, 0x0000000705400000, 0x0000000705600000|  0%| F|  |TAMS 0x0000000705400000| PB 0x0000000705400000| Untracked |  0
|  32|0x0000000705600000, 0x0000000705600000, 0x0000000705800000|  0%| F|  |TAMS 0x0000000705600000| PB 0x0000000705600000| Untracked |  0
|  33|0x0000000705800000, 0x0000000705800000, 0x0000000705a00000|  0%| F|  |TAMS 0x0000000705800000| PB 0x0000000705800000| Untracked |  0
|  34|0x0000000705a00000, 0x0000000705a00000, 0x0000000705c00000|  0%| F|  |TAMS 0x0000000705a00000| PB 0x0000000705a00000| Untracked |  0
|  35|0x0000000705c00000, 0x0000000705c00000, 0x0000000705e00000|  0%| F|  |TAMS 0x0000000705c00000| PB 0x0000000705c00000| Untracked |  0
|  36|0x0000000705e00000, 0x0000000705e00000, 0x0000000706000000|  0%| F|  |TAMS 0x0000000705e00000| PB 0x0000000705e00000| Untracked |  0
|  37|0x0000000706000000, 0x0000000706000000, 0x0000000706200000|  0%| F|  |TAMS 0x0000000706000000| PB 0x0000000706000000| Untracked |  0
|  38|0x0000000706200000, 0x0000000706200000, 0x0000000706400000|  0%| F|  |TAMS 0x0000000706200000| PB 0x0000000706200000| Untracked |  0
|  39|0x0000000706400000, 0x0000000706400000, 0x0000000706600000|  0%| F|  |TAMS 0x0000000706400000| PB 0x0000000706400000| Untracked |  0
|  40|0x0000000706600000, 0x0000000706600000, 0x0000000706800000|  0%| F|  |TAMS 0x0000000706600000| PB 0x0000000706600000| Untracked |  0
|  41|0x0000000706800000, 0x0000000706800000, 0x0000000706a00000|  0%| F|  |TAMS 0x0000000706800000| PB 0x0000000706800000| Untracked |  0
|  42|0x0000000706a00000, 0x0000000706a00000, 0x0000000706c00000|  0%| F|  |TAMS 0x0000000706a00000| PB 0x0000000706a00000| Untracked |  0
|  43|0x0000000706c00000, 0x0000000706c00000, 0x0000000706e00000|  0%| F|  |TAMS 0x0000000706c00000| PB 0x0000000706c00000| Untracked |  0
|  44|0x0000000706e00000, 0x0000000706e00000, 0x0000000707000000|  0%| F|  |TAMS 0x0000000706e00000| PB 0x0000000706e00000| Untracked |  0
|  45|0x0000000707000000, 0x0000000707000000, 0x0000000707200000|  0%| F|  |TAMS 0x0000000707000000| PB 0x0000000707000000| Untracked |  0
|  46|0x0000000707200000, 0x0000000707200000, 0x0000000707400000|  0%| F|  |TAMS 0x0000000707200000| PB 0x0000000707200000| Untracked |  0
|  47|0x0000000707400000, 0x0000000707400000, 0x0000000707600000|  0%| F|  |TAMS 0x0000000707400000| PB 0x0000000707400000| Untracked |  0
|  48|0x0000000707600000, 0x0000000707600000, 0x0000000707800000|  0%| F|  |TAMS 0x0000000707600000| PB 0x0000000707600000| Untracked |  0
|  49|0x0000000707800000, 0x0000000707800000, 0x0000000707a00000|  0%| F|  |TAMS 0x0000000707800000| PB 0x0000000707800000| Untracked |  0
|  50|0x0000000707a00000, 0x0000000707a00000, 0x0000000707c00000|  0%| F|  |TAMS 0x0000000707a00000| PB 0x0000000707a00000| Untracked |  0
|  51|0x0000000707c00000, 0x0000000707c00000, 0x0000000707e00000|  0%| F|  |TAMS 0x0000000707c00000| PB 0x0000000707c00000| Untracked |  0
|  52|0x0000000707e00000, 0x0000000707e00000, 0x0000000708000000|  0%| F|  |TAMS 0x0000000707e00000| PB 0x0000000707e00000| Untracked |  0
|  53|0x0000000708000000, 0x0000000708000000, 0x0000000708200000|  0%| F|  |TAMS 0x0000000708000000| PB 0x0000000708000000| Untracked |  0
|  54|0x0000000708200000, 0x0000000708200000, 0x0000000708400000|  0%| F|  |TAMS 0x0000000708200000| PB 0x0000000708200000| Untracked |  0
|  55|0x0000000708400000, 0x0000000708400000, 0x0000000708600000|  0%| F|  |TAMS 0x0000000708400000| PB 0x0000000708400000| Untracked |  0
|  56|0x0000000708600000, 0x0000000708600000, 0x0000000708800000|  0%| F|  |TAMS 0x0000000708600000| PB 0x0000000708600000| Untracked |  0
|  57|0x0000000708800000, 0x0000000708800000, 0x0000000708a00000|  0%| F|  |TAMS 0x0000000708800000| PB 0x0000000708800000| Untracked |  0
|  58|0x0000000708a00000, 0x0000000708a00000, 0x0000000708c00000|  0%| F|  |TAMS 0x0000000708a00000| PB 0x0000000708a00000| Untracked |  0
|  59|0x0000000708c00000, 0x0000000708c00000, 0x0000000708e00000|  0%| F|  |TAMS 0x0000000708c00000| PB 0x0000000708c00000| Untracked |  0
|  60|0x0000000708e00000, 0x0000000708e00000, 0x0000000709000000|  0%| F|  |TAMS 0x0000000708e00000| PB 0x0000000708e00000| Untracked |  0
|  61|0x0000000709000000, 0x0000000709000000, 0x0000000709200000|  0%| F|  |TAMS 0x0000000709000000| PB 0x0000000709000000| Untracked |  0
|  62|0x0000000709200000, 0x0000000709200000, 0x0000000709400000|  0%| F|  |TAMS 0x0000000709200000| PB 0x0000000709200000| Untracked |  0
|  63|0x0000000709400000, 0x0000000709400000, 0x0000000709600000|  0%| F|  |TAMS 0x0000000709400000| PB 0x0000000709400000| Untracked |  0
|  64|0x0000000709600000, 0x0000000709600000, 0x0000000709800000|  0%| F|  |TAMS 0x0000000709600000| PB 0x0000000709600000| Untracked |  0
|  65|0x0000000709800000, 0x0000000709800000, 0x0000000709a00000|  0%| F|  |TAMS 0x0000000709800000| PB 0x0000000709800000| Untracked |  0
|  66|0x0000000709a00000, 0x0000000709a00000, 0x0000000709c00000|  0%| F|  |TAMS 0x0000000709a00000| PB 0x0000000709a00000| Untracked |  0
|  67|0x0000000709c00000, 0x0000000709c00000, 0x0000000709e00000|  0%| F|  |TAMS 0x0000000709c00000| PB 0x0000000709c00000| Untracked |  0
|  68|0x0000000709e00000, 0x0000000709e00000, 0x000000070a000000|  0%| F|  |TAMS 0x0000000709e00000| PB 0x0000000709e00000| Untracked |  0
|  69|0x000000070a000000, 0x000000070a000000, 0x000000070a200000|  0%| F|  |TAMS 0x000000070a000000| PB 0x000000070a000000| Untracked |  0
|  70|0x000000070a200000, 0x000000070a200000, 0x000000070a400000|  0%| F|  |TAMS 0x000000070a200000| PB 0x000000070a200000| Untracked |  0
|  71|0x000000070a400000, 0x000000070a400000, 0x000000070a600000|  0%| F|  |TAMS 0x000000070a400000| PB 0x000000070a400000| Untracked |  0
|  72|0x000000070a600000, 0x000000070a600000, 0x000000070a800000|  0%| F|  |TAMS 0x000000070a600000| PB 0x000000070a600000| Untracked |  0
|  73|0x000000070a800000, 0x000000070a800000, 0x000000070aa00000|  0%| F|  |TAMS 0x000000070a800000| PB 0x000000070a800000| Untracked |  0
|  74|0x000000070aa00000, 0x000000070aa00000, 0x000000070ac00000|  0%| F|  |TAMS 0x000000070aa00000| PB 0x000000070aa00000| Untracked |  0
|  75|0x000000070ac00000, 0x000000070ac00000, 0x000000070ae00000|  0%| F|  |TAMS 0x000000070ac00000| PB 0x000000070ac00000| Untracked |  0
|  76|0x000000070ae00000, 0x000000070ae00000, 0x000000070b000000|  0%| F|  |TAMS 0x000000070ae00000| PB 0x000000070ae00000| Untracked |  0
|  77|0x000000070b000000, 0x000000070b000000, 0x000000070b200000|  0%| F|  |TAMS 0x000000070b000000| PB 0x000000070b000000| Untracked |  0
|  78|0x000000070b200000, 0x000000070b200000, 0x000000070b400000|  0%| F|  |TAMS 0x000000070b200000| PB 0x000000070b200000| Untracked |  0
|  79|0x000000070b400000, 0x000000070b400000, 0x000000070b600000|  0%| F|  |TAMS 0x000000070b400000| PB 0x000000070b400000| Untracked |  0
|  80|0x000000070b600000, 0x000000070b600000, 0x000000070b800000|  0%| F|  |TAMS 0x000000070b600000| PB 0x000000070b600000| Untracked |  0
|  81|0x000000070b800000, 0x000000070b800000, 0x000000070ba00000|  0%| F|  |TAMS 0x000000070b800000| PB 0x000000070b800000| Untracked |  0
|  82|0x000000070ba00000, 0x000000070ba00000, 0x000000070bc00000|  0%| F|  |TAMS 0x000000070ba00000| PB 0x000000070ba00000| Untracked |  0
|  83|0x000000070bc00000, 0x000000070bc00000, 0x000000070be00000|  0%| F|  |TAMS 0x000000070bc00000| PB 0x000000070bc00000| Untracked |  0
|  84|0x000000070be00000, 0x000000070be00000, 0x000000070c000000|  0%| F|  |TAMS 0x000000070be00000| PB 0x000000070be00000| Untracked |  0
|  85|0x000000070c000000, 0x000000070c000000, 0x000000070c200000|  0%| F|  |TAMS 0x000000070c000000| PB 0x000000070c000000| Untracked |  0
|  86|0x000000070c200000, 0x000000070c200000, 0x000000070c400000|  0%| F|  |TAMS 0x000000070c200000| PB 0x000000070c200000| Untracked |  0
|  87|0x000000070c400000, 0x000000070c400000, 0x000000070c600000|  0%| F|  |TAMS 0x000000070c400000| PB 0x000000070c400000| Untracked |  0
|  88|0x000000070c600000, 0x000000070c600000, 0x000000070c800000|  0%| F|  |TAMS 0x000000070c600000| PB 0x000000070c600000| Untracked |  0
|  89|0x000000070c800000, 0x000000070c800000, 0x000000070ca00000|  0%| F|  |TAMS 0x000000070c800000| PB 0x000000070c800000| Untracked |  0
|  90|0x000000070ca00000, 0x000000070ca00000, 0x000000070cc00000|  0%| F|  |TAMS 0x000000070ca00000| PB 0x000000070ca00000| Untracked |  0
|  91|0x000000070cc00000, 0x000000070cc00000, 0x000000070ce00000|  0%| F|  |TAMS 0x000000070cc00000| PB 0x000000070cc00000| Untracked |  0
|  92|0x000000070ce00000, 0x000000070ce00000, 0x000000070d000000|  0%| F|  |TAMS 0x000000070ce00000| PB 0x000000070ce00000| Untracked |  0
|  93|0x000000070d000000, 0x000000070d000000, 0x000000070d200000|  0%| F|  |TAMS 0x000000070d000000| PB 0x000000070d000000| Untracked |  0
|  94|0x000000070d200000, 0x000000070d200000, 0x000000070d400000|  0%| F|  |TAMS 0x000000070d200000| PB 0x000000070d200000| Untracked |  0
|  95|0x000000070d400000, 0x000000070d400000, 0x000000070d600000|  0%| F|  |TAMS 0x000000070d400000| PB 0x000000070d400000| Untracked |  0
|  96|0x000000070d600000, 0x000000070d600000, 0x000000070d800000|  0%| F|  |TAMS 0x000000070d600000| PB 0x000000070d600000| Untracked |  0
|  97|0x000000070d800000, 0x000000070d800000, 0x000000070da00000|  0%| F|  |TAMS 0x000000070d800000| PB 0x000000070d800000| Untracked |  0
|  98|0x000000070da00000, 0x000000070da00000, 0x000000070dc00000|  0%| F|  |TAMS 0x000000070da00000| PB 0x000000070da00000| Untracked |  0
|  99|0x000000070dc00000, 0x000000070dc00000, 0x000000070de00000|  0%| F|  |TAMS 0x000000070dc00000| PB 0x000000070dc00000| Untracked |  0
| 100|0x000000070de00000, 0x000000070de00000, 0x000000070e000000|  0%| F|  |TAMS 0x000000070de00000| PB 0x000000070de00000| Untracked |  0
| 101|0x000000070e000000, 0x000000070e000000, 0x000000070e200000|  0%| F|  |TAMS 0x000000070e000000| PB 0x000000070e000000| Untracked |  0
| 102|0x000000070e200000, 0x000000070e200000, 0x000000070e400000|  0%| F|  |TAMS 0x000000070e200000| PB 0x000000070e200000| Untracked |  0
| 103|0x000000070e400000, 0x000000070e400000, 0x000000070e600000|  0%| F|  |TAMS 0x000000070e400000| PB 0x000000070e400000| Untracked |  0
| 104|0x000000070e600000, 0x000000070e600000, 0x000000070e800000|  0%| F|  |TAMS 0x000000070e600000| PB 0x000000070e600000| Untracked |  0
| 105|0x000000070e800000, 0x000000070e800000, 0x000000070ea00000|  0%| F|  |TAMS 0x000000070e800000| PB 0x000000070e800000| Untracked |  0
| 106|0x000000070ea00000, 0x000000070ea00000, 0x000000070ec00000|  0%| F|  |TAMS 0x000000070ea00000| PB 0x000000070ea00000| Untracked |  0
| 107|0x000000070ec00000, 0x000000070ec00000, 0x000000070ee00000|  0%| F|  |TAMS 0x000000070ec00000| PB 0x000000070ec00000| Untracked |  0
| 108|0x000000070ee00000, 0x000000070ee00000, 0x000000070f000000|  0%| F|  |TAMS 0x000000070ee00000| PB 0x000000070ee00000| Untracked |  0
| 109|0x000000070f000000, 0x000000070f000000, 0x000000070f200000|  0%| F|  |TAMS 0x000000070f000000| PB 0x000000070f000000| Untracked |  0
| 110|0x000000070f200000, 0x000000070f200000, 0x000000070f400000|  0%| F|  |TAMS 0x000000070f200000| PB 0x000000070f200000| Untracked |  0
| 111|0x000000070f400000, 0x000000070f400000, 0x000000070f600000|  0%| F|  |TAMS 0x000000070f400000| PB 0x000000070f400000| Untracked |  0
| 112|0x000000070f600000, 0x000000070f600000, 0x000000070f800000|  0%| F|  |TAMS 0x000000070f600000| PB 0x000000070f600000| Untracked |  0
| 113|0x000000070f800000, 0x000000070f800000, 0x000000070fa00000|  0%| F|  |TAMS 0x000000070f800000| PB 0x000000070f800000| Untracked |  0
| 114|0x000000070fa00000, 0x000000070fa00000, 0x000000070fc00000|  0%| F|  |TAMS 0x000000070fa00000| PB 0x000000070fa00000| Untracked |  0
| 115|0x000000070fc00000, 0x000000070fc00000, 0x000000070fe00000|  0%| F|  |TAMS 0x000000070fc00000| PB 0x000000070fc00000| Untracked |  0
| 116|0x000000070fe00000, 0x000000070fe00000, 0x0000000710000000|  0%| F|  |TAMS 0x000000070fe00000| PB 0x000000070fe00000| Untracked |  0
| 117|0x0000000710000000, 0x0000000710000000, 0x0000000710200000|  0%| F|  |TAMS 0x0000000710000000| PB 0x0000000710000000| Untracked |  0
| 118|0x0000000710200000, 0x00000007103ec460, 0x0000000710400000| 96%| E|  |TAMS 0x0000000710200000| PB 0x0000000710200000| Complete |  0
| 119|0x0000000710400000, 0x0000000710600000, 0x0000000710600000|100%| E|CS|TAMS 0x0000000710400000| PB 0x0000000710400000| Complete |  0
| 120|0x0000000710600000, 0x0000000710800000, 0x0000000710800000|100%| E|CS|TAMS 0x0000000710600000| PB 0x0000000710600000| Complete |  0
| 121|0x0000000710800000, 0x0000000710a00000, 0x0000000710a00000|100%| E|CS|TAMS 0x0000000710800000| PB 0x0000000710800000| Complete |  0
| 122|0x0000000710a00000, 0x0000000710c00000, 0x0000000710c00000|100%| E|CS|TAMS 0x0000000710a00000| PB 0x0000000710a00000| Complete |  0
| 123|0x0000000710c00000, 0x0000000710e00000, 0x0000000710e00000|100%| E|CS|TAMS 0x0000000710c00000| PB 0x0000000710c00000| Complete |  0
| 124|0x0000000710e00000, 0x0000000711000000, 0x0000000711000000|100%| E|CS|TAMS 0x0000000710e00000| PB 0x0000000710e00000| Complete |  0
| 125|0x0000000711000000, 0x0000000711200000, 0x0000000711200000|100%| E|CS|TAMS 0x0000000711000000| PB 0x0000000711000000| Complete |  0
| 126|0x0000000711200000, 0x0000000711400000, 0x0000000711400000|100%| E|CS|TAMS 0x0000000711200000| PB 0x0000000711200000| Complete |  0
| 127|0x0000000711400000, 0x0000000711600000, 0x0000000711600000|100%| E|CS|TAMS 0x0000000711400000| PB 0x0000000711400000| Complete |  0

Card table byte_map: [0x0000022680910000,0x0000022681110000] _byte_map_base: 0x000002267d105000

Marking Bits: (CMBitMap*) 0x00000226e84ff6c0
 Bits: [0x0000022681110000, 0x00000226850b8000)

Polling page: 0x00000226e62b0000

Metaspace:

Usage:
  Non-class:     11.04 MB used.
      Class:      1.39 MB used.
       Both:     12.44 MB used.

Virtual space:
  Non-class space:       64.00 MB reserved,      11.19 MB ( 17%) committed,  1 nodes.
      Class space:        1.00 GB reserved,       1.50 MB ( <1%) committed,  1 nodes.
             Both:        1.06 GB reserved,      12.69 MB (  1%) committed. 

Chunk freelists:
   Non-Class:  4.46 MB
       Class:  14.51 MB
        Both:  18.97 MB

MaxMetaspaceSize: unlimited
CompressedClassSpaceSize: 1.00 GB
Initial GC threshold: 21.00 MB
Current GC threshold: 21.00 MB
CDS: on
 - commit_granule_bytes: 65536.
 - commit_granule_words: 8192.
 - virtual_space_node_default_size: 8388608.
 - enlarge_chunks_in_place: 1.
 - use_allocation_guard: 0.


Internal statistics:

num_allocs_failed_limit: 0.
num_arena_births: 328.
num_arena_deaths: 0.
num_vsnodes_births: 2.
num_vsnodes_deaths: 0.
num_space_committed: 203.
num_space_uncommitted: 0.
num_chunks_returned_to_freelist: 0.
num_chunks_taken_from_freelist: 433.
num_chunk_merges: 0.
num_chunk_splits: 263.
num_chunks_enlarged: 115.
num_inconsistent_stats: 0.

CodeHeap 'non-profiled nmethods': size=120064Kb used=469Kb max_used=469Kb free=119594Kb
 bounds [0x00000226f86a0000, 0x00000226f8910000, 0x00000226ffbe0000]
CodeHeap 'profiled nmethods': size=120000Kb used=1840Kb max_used=1840Kb free=118159Kb
 bounds [0x00000226f0be0000, 0x00000226f0e50000, 0x00000226f8110000]
CodeHeap 'non-nmethods': size=5696Kb used=1883Kb max_used=1894Kb free=3812Kb
 bounds [0x00000226f8110000, 0x00000226f8380000, 0x00000226f86a0000]
CodeCache: size=245760Kb, used=4192Kb, max_used=4203Kb, free=241565Kb
 total_blobs=2468, nmethods=1547, adapters=827, full_count=0
Compilation: enabled, stopped_count=0, restarted_count=0

Compilation events (20 events):
Event: 2.794 Thread 0x0000022687b236b0 nmethod 1527 0x00000226f0da5288 code [0x00000226f0da53a0, 0x00000226f0da5588]
Event: 2.795 Thread 0x0000022687b236b0 1528   !   3       jdk.internal.misc.ScopedMemoryAccess::getIntUnaligned (18 bytes)
Event: 2.795 Thread 0x0000022687b236b0 nmethod 1528 0x00000226f0da5608 code [0x00000226f0da5780, 0x00000226f0da5c90]
Event: 2.795 Thread 0x0000022687b236b0 1530       3       java.nio.ByteBuffer::position (8 bytes)
Event: 2.795 Thread 0x0000022687b236b0 nmethod 1530 0x00000226f0da5d08 code [0x00000226f0da5e20, 0x00000226f0da5f70]
Event: 2.795 Thread 0x0000022687b236b0 1529   !   3       jdk.internal.misc.ScopedMemoryAccess::getIntUnalignedInternal (36 bytes)
Event: 2.795 Thread 0x0000022687b236b0 nmethod 1529 0x00000226f0da6008 code [0x00000226f0da6160, 0x00000226f0da64f0]
Event: 2.795 Thread 0x0000022687b236b0 1532       3       java.nio.channels.spi.AbstractInterruptibleChannel::isOpen (13 bytes)
Event: 2.795 Thread 0x0000022687b236b0 nmethod 1532 0x00000226f0da6588 code [0x00000226f0da66a0, 0x00000226f0da6800]
Event: 2.795 Thread 0x0000022687b236b0 1531       1       sun.nio.ch.NativeThread::isNativeThread (2 bytes)
Event: 2.796 Thread 0x0000022687b236b0 nmethod 1531 0x00000226f8714488 code [0x00000226f87145a0, 0x00000226f8714648]
Event: 2.796 Thread 0x0000022687b236b0 1533       1       java.lang.Thread::isInterrupted (5 bytes)
Event: 2.796 Thread 0x0000022687b236b0 nmethod 1533 0x00000226f8714788 code [0x00000226f87148a0, 0x00000226f8714970]
Event: 2.803 Thread 0x0000022687b236b0 1534       3       java.lang.invoke.InfoFromMemberName::getName (8 bytes)
Event: 2.803 Thread 0x0000022687b236b0 nmethod 1534 0x00000226f0da6888 code [0x00000226f0da69e0, 0x00000226f0da6d98]
Event: 2.804 Thread 0x0000022687b236b0 1536       3       jdk.internal.ref.PhantomCleanable::<init> (49 bytes)
Event: 2.804 Thread 0x0000022687b236b0 nmethod 1536 0x00000226f0da6e08 code [0x00000226f0da6fe0, 0x00000226f0da7ae8]
Event: 2.804 Thread 0x0000022687b236b0 1538       3       java.lang.invoke.MethodHandles$Lookup$ClassOption::optionsToFlag (40 bytes)
Event: 2.805 Thread 0x0000022687b236b0 nmethod 1538 0x00000226f0da7b88 code [0x00000226f0da7ce0, 0x00000226f0da81b0]
Event: 2.805 Thread 0x0000022687b236b0 1537       3       java.lang.invoke.InnerClassLambdaMetafactory::<init> (277 bytes)

GC Heap History (0 events):
No events

Dll operation events (17 events):
Event: 0.013 Loaded shared library C:\Program Files\Java\jdk-23\bin\java.dll
Event: 0.052 Loaded shared library C:\Program Files\Java\jdk-23\bin\jsvml.dll
Event: 0.111 Loaded shared library C:\Program Files\Java\jdk-23\bin\zip.dll
Event: 0.116 Loaded shared library C:\Program Files\Java\jdk-23\bin\instrument.dll
Event: 0.122 Loaded shared library C:\Program Files\Java\jdk-23\bin\net.dll
Event: 0.124 Loaded shared library C:\Program Files\Java\jdk-23\bin\nio.dll
Event: 0.131 Loaded shared library C:\Program Files\Java\jdk-23\bin\zip.dll
Event: 0.169 Loaded shared library C:\Program Files\Java\jdk-23\bin\extnet.dll
Event: 0.183 Loaded shared library C:\Users\Usuario\Documents\GitHub\Java_HandLight_Control\libs\opencv\build\java\x64\opencv_java4110.dll
Event: 0.195 Loaded shared library C:\Program Files\Java\jdk-23\bin\jimage.dll
Event: 0.240 Loaded shared library C:\Program Files\Java\jdk-23\bin\management.dll
Event: 0.252 Loaded shared library C:\Program Files\Java\jdk-23\bin\management_ext.dll
Event: 1.756 Loaded shared library C:\Program Files\Java\jdk-23\bin\verify.dll
Event: 1.762 Loaded shared library C:\Users\Usuario\Documents\GitHub\Java_HandLight_Control\libs\rxtx\rxtxSerial.dll
Event: 2.467 Loaded shared library C:\Program Files\Java\jdk-23\bin\awt.dll
Event: 2.710 Loaded shared library C:\Program Files\Java\jdk-23\bin\freetype.dll
Event: 2.712 Loaded shared library C:\Program Files\Java\jdk-23\bin\fontmanager.dll

Deoptimization events (20 events):
Event: 2.681 Thread 0x00000226e60c0ca0 Uncommon trap: trap_request=0xffffff45 fr.pc=0x00000226f8705d60 relative=0x0000000000000480
Event: 2.681 Thread 0x00000226e60c0ca0 Uncommon trap: reason=unstable_if action=reinterpret pc=0x00000226f8705d60 method=java.util.HashMap.hash(Ljava/lang/Object;)I @ 1 c2
Event: 2.681 Thread 0x00000226e60c0ca0 DEOPT PACKING pc=0x00000226f8705d60 sp=0x0000003cf20fee80
Event: 2.681 Thread 0x00000226e60c0ca0 DEOPT UNPACKING pc=0x00000226f8164402 sp=0x0000003cf20fed78 mode 2
Event: 2.684 Thread 0x00000226e60c0ca0 Uncommon trap: trap_request=0xffffff45 fr.pc=0x00000226f870f67c relative=0x0000000000000a3c
Event: 2.684 Thread 0x00000226e60c0ca0 Uncommon trap: reason=unstable_if action=reinterpret pc=0x00000226f870f67c method=java.util.HashMap.hash(Ljava/lang/Object;)I @ 1 c2
Event: 2.684 Thread 0x00000226e60c0ca0 DEOPT PACKING pc=0x00000226f870f67c sp=0x0000003cf20feee0
Event: 2.684 Thread 0x00000226e60c0ca0 DEOPT UNPACKING pc=0x00000226f8164402 sp=0x0000003cf20fee80 mode 2
Event: 2.687 Thread 0x00000226d20ea630 Uncommon trap: trap_request=0xffffff45 fr.pc=0x00000226f86e3268 relative=0x0000000000000068
Event: 2.687 Thread 0x00000226d20ea630 Uncommon trap: reason=unstable_if action=reinterpret pc=0x00000226f86e3268 method=java.lang.CharacterDataLatin1.toUpperCase(I)I @ 17 c2
Event: 2.687 Thread 0x00000226d20ea630 DEOPT PACKING pc=0x00000226f86e3268 sp=0x0000003cf4f4e5e0
Event: 2.687 Thread 0x00000226d20ea630 DEOPT UNPACKING pc=0x00000226f8164402 sp=0x0000003cf4f4e570 mode 2
Event: 2.720 Thread 0x00000226e60c0ca0 Uncommon trap: trap_request=0xffffff45 fr.pc=0x00000226f8705004 relative=0x0000000000000364
Event: 2.720 Thread 0x00000226e60c0ca0 Uncommon trap: reason=unstable_if action=reinterpret pc=0x00000226f8705004 method=java.lang.StringUTF16.compress([CII)[B @ 17 c2
Event: 2.720 Thread 0x00000226e60c0ca0 DEOPT PACKING pc=0x00000226f8705004 sp=0x0000003cf20fde30
Event: 2.720 Thread 0x00000226e60c0ca0 DEOPT UNPACKING pc=0x00000226f8164402 sp=0x0000003cf20fdd60 mode 2
Event: 2.803 Thread 0x00000226e60c0ca0 Uncommon trap: trap_request=0xffffff45 fr.pc=0x00000226f870e5ac relative=0x000000000000034c
Event: 2.803 Thread 0x00000226e60c0ca0 Uncommon trap: reason=unstable_if action=reinterpret pc=0x00000226f870e5ac method=java.lang.Class.getPackageName()Ljava/lang/String; @ 55 c2
Event: 2.803 Thread 0x00000226e60c0ca0 DEOPT PACKING pc=0x00000226f870e5ac sp=0x0000003cf20fe360
Event: 2.803 Thread 0x00000226e60c0ca0 DEOPT UNPACKING pc=0x00000226f8164402 sp=0x0000003cf20fe300 mode 2

Classes loaded (20 events):
Event: 2.791 Loading class sun/font/CMap$CMapFormat4
Event: 2.791 Loading class sun/font/CMap$CMapFormat4 done
Event: 2.791 Loading class java/nio/ByteBufferAsCharBufferB
Event: 2.791 Loading class java/nio/ByteBufferAsCharBufferB done
Event: 2.792 Loading class jdk/internal/foreign/MemorySessionImpl
Event: 2.792 Loading class java/lang/foreign/MemorySegment$Scope
Event: 2.792 Loading class java/lang/foreign/MemorySegment$Scope done
Event: 2.792 Loading class jdk/internal/foreign/MemorySessionImpl done
Event: 2.796 Loading class sun/font/FontDesignMetrics$KeyReference
Event: 2.796 Loading class sun/font/FontDesignMetrics$KeyReference done
Event: 2.796 Loading class sun/awt/image/BufImgSurfaceManager
Event: 2.796 Loading class sun/awt/image/BufImgSurfaceManager done
Event: 2.796 Loading class sun/awt/image/BufImgSurfaceData
Event: 2.796 Loading class sun/awt/image/BufImgSurfaceData done
Event: 2.796 Loading class sun/awt/image/BufImgSurfaceData$ICMColorData
Event: 2.796 Loading class sun/awt/image/BufImgSurfaceData$ICMColorData done
Event: 2.804 Loading class java/util/stream/ReduceOps$2
Event: 2.804 Loading class java/util/stream/ReduceOps$2 done
Event: 2.804 Loading class java/util/stream/ReduceOps$2ReducingSink
Event: 2.804 Loading class java/util/stream/ReduceOps$2ReducingSink done

Classes unloaded (0 events):
No events

Classes redefined (0 events):
No events

Internal exceptions (20 events):
Event: 0.733 Thread 0x00000226d22eb7d0 Exception <a 'java/lang/NoSuchMethodError'{0x00000007109ac178}: 'int java.lang.invoke.DelegatingMethodHandle$Holder.reinvoke_L(java.lang.Object, java.lang.Object, java.lang.Object, java.lang.Object, java.lang.Object)'> (0x00000007109ac178) 
thrown [s\open\src\hotspot\share\interpreter\linkResolver.cpp, line 796]
Event: 0.740 Thread 0x00000226d22eb7d0 Exception <a 'java/lang/NoSuchMethodError'{0x00000007109c7e00}: 'java.lang.Object java.lang.invoke.DirectMethodHandle$Holder.invokeInterface(java.lang.Object, java.lang.Object, java.lang.Object, java.lang.Object, java.lang.Object)'> (0x00000007109c7e00) 
thrown [s\open\src\hotspot\share\interpreter\linkResolver.cpp, line 796]
Event: 0.747 Thread 0x00000226d22eb7d0 Exception <a 'java/lang/NoSuchMethodError'{0x00000007109eb3d0}: 'double java.lang.invoke.DirectMethodHandle$Holder.invokeInterface(java.lang.Object, java.lang.Object)'> (0x00000007109eb3d0) 
thrown [s\open\src\hotspot\share\interpreter\linkResolver.cpp, line 796]
Event: 0.749 Thread 0x00000226d22eb7d0 Exception <a 'java/lang/NoSuchMethodError'{0x00000007109f30a0}: 'double java.lang.invoke.DelegatingMethodHandle$Holder.reinvoke_L(java.lang.Object, java.lang.Object)'> (0x00000007109f30a0) 
thrown [s\open\src\hotspot\share\interpreter\linkResolver.cpp, line 796]
Event: 1.394 Thread 0x00000226d22eb7d0 Exception <a 'java/lang/NoSuchMethodError'{0x000000071060c3d8}: 'long java.lang.invoke.DirectMethodHandle$Holder.invokeVirtual(java.lang.Object, java.lang.Object)'> (0x000000071060c3d8) 
thrown [s\open\src\hotspot\share\interpreter\linkResolver.cpp, line 796]
Event: 1.394 Thread 0x00000226d22eb7d0 Exception <a 'java/lang/NoSuchMethodError'{0x000000071060f9d0}: 'long java.lang.invoke.DelegatingMethodHandle$Holder.reinvoke_L(java.lang.Object, java.lang.Object)'> (0x000000071060f9d0) 
thrown [s\open\src\hotspot\share\interpreter\linkResolver.cpp, line 796]
Event: 1.765 Thread 0x00000226e60c0ca0 Exception <a 'java/io/FileNotFoundException'{0x0000000710681d40}> (0x0000000710681d40) 
thrown [s\open\src\hotspot\share\prims\jni.cpp, line 520]
Event: 1.768 Thread 0x00000226e60c0ca0 Exception <a 'java/io/FileNotFoundException'{0x00000007106939a8}> (0x00000007106939a8) 
thrown [s\open\src\hotspot\share\prims\jni.cpp, line 520]
Event: 2.463 Thread 0x00000226e60c0ca0 Exception <a 'java/lang/ClassNotFoundException'{0x000000071079fdb8}: sun/awt/resources/spi/awtProvider> (0x000000071079fdb8) 
thrown [s\open\src\hotspot\share\classfile\systemDictionary.cpp, line 313]
Event: 2.468 Thread 0x00000226e60c0ca0 Exception <a 'java/io/FileNotFoundException'{0x00000007107a9090}> (0x00000007107a9090) 
thrown [s\open\src\hotspot\share\prims\jni.cpp, line 520]
Event: 2.471 Thread 0x00000226e60c0ca0 Exception <a 'java/io/FileNotFoundException'{0x00000007107d3728}> (0x00000007107d3728) 
thrown [s\open\src\hotspot\share\prims\jni.cpp, line 520]
Event: 2.651 Thread 0x00000226e60c0ca0 Exception <a 'java/lang/NoSuchMethodError'{0x0000000710592f70}: 'java.lang.Object java.lang.invoke.DirectMethodHandle$Holder.invokeStatic(java.lang.Object, int, java.lang.Object)'> (0x0000000710592f70) 
thrown [s\open\src\hotspot\share\interpreter\linkResolver.cpp, line 796]
Event: 2.670 Thread 0x00000226e60c0ca0 Exception <a 'java/lang/ClassNotFoundException'{0x0000000710234ae0}: com/sun/swing/internal/plaf/metal/resources/spi/metalProvider> (0x0000000710234ae0) 
thrown [s\open\src\hotspot\share\classfile\systemDictionary.cpp, line 313]
Event: 2.671 Thread 0x00000226e60c0ca0 Exception <a 'java/lang/ClassNotFoundException'{0x0000000710238ac0}: com/sun/swing/internal/plaf/basic/resources/spi/basicProvider> (0x0000000710238ac0) 
thrown [s\open\src\hotspot\share\classfile\systemDictionary.cpp, line 313]
Event: 2.676 Thread 0x00000226e60c0ca0 Implicit null exception at 0x00000226f86dd59d to 0x00000226f86dd61d
Event: 2.680 Thread 0x00000226e60c0ca0 Exception <a 'java/lang/NoSuchMethodError'{0x0000000710255080}: 'int java.lang.invoke.Invokers$Holder.invokeExact_MT(java.lang.Object, java.lang.Object)'> (0x0000000710255080) 
thrown [s\open\src\hotspot\share\interpreter\linkResolver.cpp, line 796]
Event: 2.681 Thread 0x00000226e60c0ca0 Implicit null exception at 0x00000226f870592d to 0x00000226f8705d44
Event: 2.684 Thread 0x00000226e60c0ca0 Implicit null exception at 0x00000226f870ec7d to 0x00000226f870f660
Event: 2.690 Thread 0x00000226d20ea630 Exception <a 'java/lang/NoSuchMethodError'{0x0000000710503f60}: 'void java.lang.invoke.DirectMethodHandle$Holder.invokeVirtual(java.lang.Object, java.lang.Object)'> (0x0000000710503f60) 
thrown [s\open\src\hotspot\share\interpreter\linkResolver.cpp, line 796]
Event: 2.706 Thread 0x00000226e60c0ca0 Exception <a 'java/lang/NoSuchMethodError'{0x00000007102fb928}: 'void java.lang.invoke.DirectMethodHandle$Holder.invokeStaticInit(java.lang.Object)'> (0x00000007102fb928) 
thrown [s\open\src\hotspot\share\interpreter\linkResolver.cpp, line 796]

VM Operations (18 events):
Event: 0.091 Executing VM operation: HandshakeAllThreads (Deoptimize)
Event: 0.091 Executing VM operation: HandshakeAllThreads (Deoptimize) done
Event: 0.162 Executing VM operation: HandshakeAllThreads (Deoptimize)
Event: 0.162 Executing VM operation: HandshakeAllThreads (Deoptimize) done
Event: 0.207 Executing VM operation: HandshakeAllThreads (Deoptimize)
Event: 0.207 Executing VM operation: HandshakeAllThreads (Deoptimize) done
Event: 0.246 Executing VM operation: HandshakeAllThreads (Deoptimize)
Event: 0.246 Executing VM operation: HandshakeAllThreads (Deoptimize) done
Event: 0.246 Executing VM operation: HandshakeAllThreads (Deoptimize)
Event: 0.246 Executing VM operation: HandshakeAllThreads (Deoptimize) done
Event: 0.545 Executing VM operation: HandshakeAllThreads (Deoptimize)
Event: 0.545 Executing VM operation: HandshakeAllThreads (Deoptimize) done
Event: 0.643 Executing VM operation: HandshakeAllThreads (Deoptimize)
Event: 0.643 Executing VM operation: HandshakeAllThreads (Deoptimize) done
Event: 0.717 Executing VM operation: HandshakeAllThreads (Deoptimize)
Event: 0.717 Executing VM operation: HandshakeAllThreads (Deoptimize) done
Event: 1.764 Executing VM operation: HandshakeAllThreads (Deoptimize)
Event: 1.764 Executing VM operation: HandshakeAllThreads (Deoptimize) done

Memory protections (0 events):
No events

Nmethod flushes (0 events):
No events

Events (20 events):
Event: 0.051 Thread 0x00000226e60c0ca0 Thread added: 0x0000022687b0d240
Event: 0.051 Thread 0x00000226e60c0ca0 Thread added: 0x0000022687b22800
Event: 0.051 Thread 0x00000226e60c0ca0 Thread added: 0x0000022687b236b0
Event: 0.081 Thread 0x00000226e60c0ca0 Thread added: 0x0000022687c487d0
Event: 0.105 Thread 0x0000022687b236b0 Thread added: 0x0000022687ce6cb0
Event: 0.155 Thread 0x00000226e60c0ca0 Thread added: 0x0000022687d43b90
Event: 0.155 Thread 0x00000226e60c0ca0 Thread added: 0x0000022687e19e50
Event: 0.492 Thread 0x0000022687ce6cb0 Thread added: 0x00000226cda5b350
Event: 0.657 Thread 0x0000022687b09d70 Thread added: 0x00000226d220f690
Event: 0.676 Thread 0x00000226d220f690 Thread added: 0x00000226d22eb7d0
Event: 0.703 Thread 0x00000226d22eb7d0 Thread added: 0x00000226d23f1010
Event: 0.715 Thread 0x00000226d22eb7d0 Thread added: 0x00000226d254bc40
Event: 1.393 Thread 0x0000022687ce6cb0 Thread exited: 0x0000022687ce6cb0
Event: 1.393 Thread 0x00000226cda5b350 Thread exited: 0x00000226cda5b350
Event: 1.853 Thread 0x00000226e60c0ca0 Thread added: 0x0000022687ce6cb0
Event: 2.507 Thread 0x00000226e60c0ca0 Thread added: 0x00000226d20e9910
Event: 2.509 Thread 0x00000226e60c0ca0 Thread added: 0x00000226d20e71b0
Event: 2.510 Thread 0x00000226e60c0ca0 Thread added: 0x00000226d20ea630
Event: 2.692 Thread 0x00000226d20ea630 Thread added: 0x00000226d20ec700
Event: 2.777 Thread 0x00000226d20ec700 Thread added: 0x00000226d20e7840


Dynamic libraries:
0x00007ff6994e0000 - 0x00007ff6994f0000 	C:\Program Files\Java\jdk-23\bin\java.exe
0x00007fffcdc90000 - 0x00007fffcdea7000 	C:\WINDOWS\SYSTEM32\ntdll.dll
0x00007fffcccb0000 - 0x00007fffccd74000 	C:\WINDOWS\System32\KERNEL32.DLL
0x00007fffcb480000 - 0x00007fffcb851000 	C:\WINDOWS\System32\KERNELBASE.dll
0x00007fffcadd0000 - 0x00007fffcaee1000 	C:\WINDOWS\System32\ucrtbase.dll
0x00007fffc2ff0000 - 0x00007fffc3007000 	C:\Program Files\Java\jdk-23\bin\jli.dll
0x00007fffc2fa0000 - 0x00007fffc2fbb000 	C:\Program Files\Java\jdk-23\bin\VCRUNTIME140.dll
0x00007fffcce50000 - 0x00007fffcd001000 	C:\WINDOWS\System32\USER32.dll
0x00007fffb5550000 - 0x00007fffb57e2000 	C:\WINDOWS\WinSxS\amd64_microsoft.windows.common-controls_6595b64144ccf1df_6.0.22621.4830_none_270fe7d773858e80\COMCTL32.dll
0x00007fffcb290000 - 0x00007fffcb2b6000 	C:\WINDOWS\System32\win32u.dll
0x00007fffcc2b0000 - 0x00007fffcc2d9000 	C:\WINDOWS\System32\GDI32.dll
0x00007fffcca70000 - 0x00007fffccb17000 	C:\WINDOWS\System32\msvcrt.dll
0x00007fffcb2c0000 - 0x00007fffcb3db000 	C:\WINDOWS\System32\gdi32full.dll
0x00007fffcb3e0000 - 0x00007fffcb47a000 	C:\WINDOWS\System32\msvcp_win.dll
0x00007fffcc7d0000 - 0x00007fffcc801000 	C:\WINDOWS\System32\IMM32.DLL
0x00007fffc6e20000 - 0x00007fffc6e2c000 	C:\Program Files\Java\jdk-23\bin\vcruntime140_1.dll
0x00007fff97e50000 - 0x00007fff97ede000 	C:\Program Files\Java\jdk-23\bin\msvcp140.dll
0x00007fff6f540000 - 0x00007fff70290000 	C:\Program Files\Java\jdk-23\bin\server\jvm.dll
0x00007fffcd6a0000 - 0x00007fffcd751000 	C:\WINDOWS\System32\ADVAPI32.dll
0x00007fffcc200000 - 0x00007fffcc2a7000 	C:\WINDOWS\System32\sechost.dll
0x00007fffcaef0000 - 0x00007fffcaf18000 	C:\WINDOWS\System32\bcrypt.dll
0x00007fffcd360000 - 0x00007fffcd474000 	C:\WINDOWS\System32\RPCRT4.dll
0x00007fffccc30000 - 0x00007fffccca1000 	C:\WINDOWS\System32\WS2_32.dll
0x00007fffcaa40000 - 0x00007fffcaa8d000 	C:\WINDOWS\SYSTEM32\POWRPROF.dll
0x00007fffc0280000 - 0x00007fffc02b4000 	C:\WINDOWS\SYSTEM32\WINMM.dll
0x00007fffc3cb0000 - 0x00007fffc3cba000 	C:\WINDOWS\SYSTEM32\VERSION.dll
0x00007fffcaa20000 - 0x00007fffcaa33000 	C:\WINDOWS\SYSTEM32\UMPDC.dll
0x00007fffc9e20000 - 0x00007fffc9e38000 	C:\WINDOWS\SYSTEM32\kernel.appcore.dll
0x00007fffc5f40000 - 0x00007fffc5f4a000 	C:\Program Files\Java\jdk-23\bin\jimage.dll
0x00007fffbf730000 - 0x00007fffbf962000 	C:\WINDOWS\SYSTEM32\DBGHELP.DLL
0x00007fffcd760000 - 0x00007fffcdaf0000 	C:\WINDOWS\System32\combase.dll
0x00007fffcd230000 - 0x00007fffcd307000 	C:\WINDOWS\System32\OLEAUT32.dll
0x00007fffbc1b0000 - 0x00007fffbc1e2000 	C:\WINDOWS\SYSTEM32\dbgcore.DLL
0x00007fffcb860000 - 0x00007fffcb8db000 	C:\WINDOWS\System32\bcryptPrimitives.dll
0x00007fffc4430000 - 0x00007fffc443f000 	C:\Program Files\Java\jdk-23\bin\instrument.dll
0x00007fffc2f80000 - 0x00007fffc2f9e000 	C:\Program Files\Java\jdk-23\bin\java.dll
0x00007fffcd4f0000 - 0x00007fffcd691000 	C:\WINDOWS\System32\ole32.dll
0x00007fffcb960000 - 0x00007fffcc1e8000 	C:\WINDOWS\System32\SHELL32.dll
0x00007fffcafe0000 - 0x00007fffcb11f000 	C:\WINDOWS\System32\wintypes.dll
0x00007fffc8d30000 - 0x00007fffc963d000 	C:\WINDOWS\SYSTEM32\windows.storage.dll
0x00007fffcc850000 - 0x00007fffcc95a000 	C:\WINDOWS\System32\SHCORE.dll
0x00007fffcd1d0000 - 0x00007fffcd22e000 	C:\WINDOWS\System32\shlwapi.dll
0x00007fffcad00000 - 0x00007fffcad2b000 	C:\WINDOWS\SYSTEM32\profapi.dll
0x00007fff85720000 - 0x00007fff857f7000 	C:\Program Files\Java\jdk-23\bin\jsvml.dll
0x00007fffc2e30000 - 0x00007fffc2e47000 	C:\Program Files\Java\jdk-23\bin\zip.dll
0x00007fffc4380000 - 0x00007fffc4390000 	C:\Program Files\Java\jdk-23\bin\net.dll
0x00007fffca290000 - 0x00007fffca2fa000 	C:\WINDOWS\system32\mswsock.dll
0x00007fffc2e70000 - 0x00007fffc2e86000 	C:\Program Files\Java\jdk-23\bin\nio.dll
0x00007fffc40b0000 - 0x00007fffc40b9000 	C:\Program Files\Java\jdk-23\bin\extnet.dll
0x00007fff6c2c0000 - 0x00007fff6f533000 	C:\Users\Usuario\Documents\GitHub\Java_HandLight_Control\libs\opencv\build\java\x64\opencv_java4110.dll
0x00007fffa8d40000 - 0x00007fffa8f0e000 	C:\WINDOWS\SYSTEM32\MFPlat.DLL
0x00007fffab1a0000 - 0x00007fffab22a000 	C:\WINDOWS\SYSTEM32\MF.dll
0x00007fff989c0000 - 0x00007fff98ae1000 	C:\WINDOWS\SYSTEM32\MFReadWrite.dll
0x00007fffc85b0000 - 0x00007fffc86a7000 	C:\WINDOWS\SYSTEM32\dxgi.dll
0x00007fffc5910000 - 0x00007fffc5b67000 	C:\WINDOWS\SYSTEM32\d3d11.dll
0x00007fffcaac0000 - 0x00007fffcab0e000 	C:\WINDOWS\SYSTEM32\cfgmgr32.dll
0x00007fff76ed0000 - 0x00007fff7726b000 	C:\WINDOWS\SYSTEM32\MFCORE.DLL
0x00007fffbd730000 - 0x00007fffbd763000 	C:\WINDOWS\SYSTEM32\RTWorkQ.DLL
0x00007fffc83f0000 - 0x00007fffc84a3000 	C:\WINDOWS\system32\uxtheme.dll
0x00007fffc8560000 - 0x00007fffc8597000 	C:\WINDOWS\SYSTEM32\dxcore.dll
0x00007fffc27e0000 - 0x00007fffc2829000 	C:\WINDOWS\SYSTEM32\directxdatabasehelper.dll
0x00007fffbe160000 - 0x00007fffbe221000 	C:\WINDOWS\System32\DriverStore\FileRepository\nvhdc.inf_amd64_42a8f84195a93e6e\nvldumdx.dll
0x00007fffca540000 - 0x00007fffca552000 	C:\WINDOWS\SYSTEM32\msasn1.dll
0x00007fffc3bd0000 - 0x00007fffc3c02000 	C:\WINDOWS\SYSTEM32\cryptnet.dll
0x00007fffcb120000 - 0x00007fffcb286000 	C:\WINDOWS\System32\CRYPT32.dll
0x00007fffca4e0000 - 0x00007fffca4ec000 	C:\WINDOWS\SYSTEM32\cryptbase.dll
0x00007fffca620000 - 0x00007fffca66a000 	C:\WINDOWS\SYSTEM32\wldp.dll
0x00007fffc3850000 - 0x00007fffc39b2000 	C:\WINDOWS\SYSTEM32\drvstore.dll
0x00007fffcaa90000 - 0x00007fffcaabc000 	C:\WINDOWS\SYSTEM32\devobj.dll
0x00007fffcb8e0000 - 0x00007fffcb952000 	C:\WINDOWS\System32\wintrust.dll
0x00007fffcc810000 - 0x00007fffcc82f000 	C:\WINDOWS\System32\imagehlp.dll
0x00007fffc9910000 - 0x00007fffc9a12000 	C:\WINDOWS\SYSTEM32\DNSAPI.dll
0x00007fffc98a0000 - 0x00007fffc98cd000 	C:\WINDOWS\SYSTEM32\IPHLPAPI.DLL
0x00007fffccd80000 - 0x00007fffccd89000 	C:\WINDOWS\System32\NSI.dll
0x00007fffc2490000 - 0x00007fffc249a000 	C:\Windows\System32\rasadhlp.dll
0x00007fffc3450000 - 0x00007fffc34d3000 	C:\WINDOWS\System32\fwpuclnt.dll
0x00007fffca4f0000 - 0x00007fffca50b000 	C:\WINDOWS\SYSTEM32\CRYPTSP.dll
0x00007fffc9d80000 - 0x00007fffc9db7000 	C:\WINDOWS\system32\rsaenh.dll
0x00007fffb8ce0000 - 0x00007fffbacce000 	C:\WINDOWS\System32\DriverStore\FileRepository\nvhdc.inf_amd64_42a8f84195a93e6e\nvgpucomp64.dll
0x00007fffc2d70000 - 0x00007fffc2d7a000 	C:\Program Files\Java\jdk-23\bin\management.dll
0x00007fffc2d60000 - 0x00007fffc2d6b000 	C:\Program Files\Java\jdk-23\bin\management_ext.dll
0x00007fffcce40000 - 0x00007fffcce48000 	C:\WINDOWS\System32\PSAPI.DLL
0x00007fffb0d50000 - 0x00007fffb4e6c000 	C:\WINDOWS\System32\DriverStore\FileRepository\nvhdc.inf_amd64_42a8f84195a93e6e\nvwgf2umx.dll
0x00007fffa7900000 - 0x00007fffa7a55000 	C:\WINDOWS\System32\DriverStore\FileRepository\nvhdc.inf_amd64_42a8f84195a93e6e\nvppex.dll
0x00007fffb6ad0000 - 0x00007fffb6b0c000 	C:\WINDOWS\SYSTEM32\CompPkgSup.DLL
0x00007fffccd90000 - 0x00007fffcce40000 	C:\WINDOWS\System32\clbcatq.dll
0x00007fff79040000 - 0x00007fff7970b000 	C:\Windows\System32\Windows.Media.dll
0x00007fff79950000 - 0x00007fff799ee000 	C:\Windows\System32\FrameServerClient.dll
0x00007fff98dc0000 - 0x00007fff98e40000 	C:\Windows\System32\MFSENSORGROUP.dll
0x00007fffacee0000 - 0x00007fffacfdc000 	C:\Windows\System32\Windows.ApplicationModel.dll
0x00007fffc24a0000 - 0x00007fffc24ab000 	C:\WINDOWS\SYSTEM32\AVRT.dll
0x00007fffc4a30000 - 0x00007fffc4b74000 	C:\Windows\System32\AppXDeploymentClient.dll
0x00007fff799f0000 - 0x00007fff79a85000 	C:\Windows\System32\Windows.Media.MediaControl.dll
0x00007fffc25f0000 - 0x00007fffc268e000 	C:\Windows\System32\MMDevAPI.DLL
0x00007fffad7a0000 - 0x00007fffad88b000 	C:\Windows\System32\Windows.StateRepositoryPS.dll
0x00007fffbcf30000 - 0x00007fffbcf6d000 	C:\WINDOWS\SYSTEM32\windows.staterepositoryclient.dll
0x00007fffb5a70000 - 0x00007fffb5a8a000 	C:\WINDOWS\SYSTEM32\windows.staterepositorycore.dll
0x00007fff97da0000 - 0x00007fff97e42000 	C:\WINDOWS\System32\DriverStore\FileRepository\nvhdc.inf_amd64_42a8f84195a93e6e\nvDecMFTMjpegx.dll
0x00007fffca380000 - 0x00007fffca3a8000 	C:\WINDOWS\SYSTEM32\USERENV.dll
0x00007fff94c40000 - 0x00007fff94c57000 	C:\WINDOWS\system32\napinsp.dll
0x00007fff94c80000 - 0x00007fff94c9b000 	C:\WINDOWS\system32\pnrpnsp.dll
0x00007fff634b0000 - 0x00007fff634d7000 	C:\WINDOWS\system32\nlansp_c.dll
0x00007fff94c60000 - 0x00007fff94c71000 	C:\WINDOWS\System32\winrnr.dll
0x00007fffc3e70000 - 0x00007fffc3e85000 	C:\WINDOWS\system32\wshbth.dll
0x00007fffad180000 - 0x00007fffad1a1000 	C:\Windows\System32\mfmjpegdec.dll
0x00007fff84010000 - 0x00007fff8413f000 	C:\Windows\System32\mfperfhelper.dll
0x00007fffb7280000 - 0x00007fffb72d0000 	C:\WINDOWS\SYSTEM32\pdh.dll
0x00007fffb4f80000 - 0x00007fffb4f91000 	C:\WINDOWS\System32\perfproc.dll
0x00007fffb6e50000 - 0x00007fffb6e60000 	C:\WINDOWS\System32\perfos.dll
0x00007fffc8530000 - 0x00007fffc8540000 	C:\WINDOWS\SYSTEM32\pfclient.dll
0x00007fff75ae0000 - 0x00007fff75c47000 	C:\WINDOWS\System32\msvproc.dll
0x00007fffb6480000 - 0x00007fffb6490000 	C:\Program Files\Java\jdk-23\bin\verify.dll
0x0000000180000000 - 0x0000000180025000 	C:\Users\Usuario\Documents\GitHub\Java_HandLight_Control\libs\rxtx\rxtxSerial.dll
0x00007fff75950000 - 0x00007fff75ade000 	C:\Program Files\Java\jdk-23\bin\awt.dll
0x00007fffc6a10000 - 0x00007fffc6aa7000 	C:\WINDOWS\SYSTEM32\apphelp.dll
0x00007fffcdaf0000 - 0x00007fffcdc4d000 	C:\WINDOWS\System32\MSCTF.dll
0x00007fffc88a0000 - 0x00007fffc88cb000 	C:\WINDOWS\system32\DWMAPI.DLL
0x00007fff77970000 - 0x00007fff77a70000 	C:\WINDOWS\system32\opengl32.dll
0x00007fff77af0000 - 0x00007fff77b1d000 	C:\WINDOWS\SYSTEM32\GLU32.dll
0x00007fffa95a0000 - 0x00007fffa9748000 	C:\WINDOWS\system32\d3d9.dll
0x00007fff6a820000 - 0x00007fff6c2b4000 	C:\WINDOWS\System32\DriverStore\FileRepository\nvhdc.inf_amd64_42a8f84195a93e6e\nvd3dumx.dll
0x00007fffca320000 - 0x00007fffca346000 	C:\WINDOWS\SYSTEM32\gpapi.dll
0x00007fff94980000 - 0x00007fff94a07000 	C:\Program Files\Java\jdk-23\bin\freetype.dll
0x00007fff776c0000 - 0x00007fff77797000 	C:\Program Files\Java\jdk-23\bin\fontmanager.dll
0x00007fffbd1b0000 - 0x00007fffbd2f3000 	C:\WINDOWS\SYSTEM32\textinputframework.dll
0x00007fffbedf0000 - 0x00007fffbee59000 	C:\WINDOWS\system32\Oleacc.dll
0x00007fffb7710000 - 0x00007fffb775b000 	C:\WINDOWS\system32\ApplicationTargetedFeatureDatabase.dll
0x00007fffc70c0000 - 0x00007fffc7365000 	C:\Windows\System32\twinapi.appcore.dll

dbghelp: loaded successfully - version: 4.0.5 - missing functions: none
symbol engine: initialized successfully - sym options: 0x614 - pdb path: .;C:\Program Files\Java\jdk-23\bin;C:\WINDOWS\SYSTEM32;C:\WINDOWS\WinSxS\amd64_microsoft.windows.common-controls_6595b64144ccf1df_6.0.22621.4830_none_270fe7d773858e80;C:\Program Files\Java\jdk-23\bin\server;C:\Users\Usuario\Documents\GitHub\Java_HandLight_Control\libs\opencv\build\java\x64;C:\WINDOWS\System32\DriverStore\FileRepository\nvhdc.inf_amd64_42a8f84195a93e6e;C:\Users\Usuario\Documents\GitHub\Java_HandLight_Control\libs\rxtx

VM Arguments:
jvm_args: -Djava.library.path=C:\Users\Usuario\Documents\GitHub\Java_HandLight_Control\libs\opencv\build\java\x64;C:\Users\Usuario\Documents\GitHub\Java_HandLight_Control\libs\rxtx -javaagent:C:\Program Files\JetBrains\IntelliJ IDEA 2024.3.5\lib\idea_rt.jar=55272 -Dfile.encoding=UTF-8 -Dsun.stdout.encoding=UTF-8 -Dsun.stderr.encoding=UTF-8 
java_command: Main
java_class_path (initial): C:\Users\Usuario\Documents\GitHub\Java_HandLight_Control\out\production\Java_HandLight_Control;C:\Users\Usuario\Documents\GitHub\Java_HandLight_Control\libs\opencv\build\java\opencv-4110.jar;C:\Users\Usuario\Documents\GitHub\Java_HandLight_Control\libs\rxtx\RXTXcomm.jar
Launcher Type: SUN_STANDARD

[Global flags]
     intx CICompilerCount                          = 4                                         {product} {ergonomic}
     uint ConcGCThreads                            = 2                                         {product} {ergonomic}
     uint G1ConcRefinementThreads                  = 8                                         {product} {ergonomic}
   size_t G1HeapRegionSize                         = 2097152                                   {product} {ergonomic}
   size_t InitialHeapSize                          = 268435456                                 {product} {ergonomic}
   size_t MarkStackSize                            = 4194304                                   {product} {ergonomic}
   size_t MarkStackSizeMax                         = 536870912                                 {product} {ergonomic}
   size_t MaxHeapSize                              = 4271898624                                {product} {ergonomic}
   size_t MaxNewSize                               = 2562719744                                {product} {ergonomic}
   size_t MinHeapDeltaBytes                        = 2097152                                   {product} {ergonomic}
   size_t MinHeapSize                              = 8388608                                   {product} {ergonomic}
    uintx NonNMethodCodeHeapSize                   = 5832704                                {pd product} {ergonomic}
    uintx NonProfiledCodeHeapSize                  = 122945536                              {pd product} {ergonomic}
    uintx ProfiledCodeHeapSize                     = 122880000                              {pd product} {ergonomic}
    uintx ReservedCodeCacheSize                    = 251658240                              {pd product} {ergonomic}
     bool SegmentedCodeCache                       = true                                      {product} {ergonomic}
   size_t SoftMaxHeapSize                          = 4271898624                             {manageable} {ergonomic}
     bool UseCompressedOops                        = true                           {product lp64_product} {ergonomic}
     bool UseG1GC                                  = true                                      {product} {ergonomic}
     bool UseLargePagesIndividualAllocation        = false                                  {pd product} {ergonomic}

Logging:
Log output configuration:
 #0: stdout all=warning uptime,level,tags foldmultilines=false
 #1: stderr all=off uptime,level,tags foldmultilines=false

Environment Variables:
PATH=C:\Program Files\Common Files\Oracle\Java\javapath;C:\WINDOWS\system32;C:\WINDOWS;C:\WINDOWS\System32\Wbem;C:\WINDOWS\System32\WindowsPowerShell\v1.0\;C:\WINDOWS\System32\OpenSSH\;C:\Program Files\Git\cmd;C:\Users\Usuario\AppData\Local\Microsoft\WindowsApps;C:\Users\Usuario\AppData\Local\Programs\Microsoft VS Code\bin;C:\Users\Usuario\AppData\Local\GitHubDesktop\bin
USERNAME=Usuario
OS=Windows_NT
PROCESSOR_IDENTIFIER=AMD64 Family 23 Model 1 Stepping 1, AuthenticAMD
TMP=C:\Users\Usuario\AppData\Local\Temp
TEMP=C:\Users\Usuario\AppData\Local\Temp




Periodic native trim disabled

---------------  S Y S T E M  ---------------

OS:
 Windows 11 , 64 bit Build 22621 (10.0.22621.4974)
OS uptime: 0 days 18:16 hours

CPU: total 8 (initial active 8) (8 cores per cpu, 2 threads per core) family 23 model 1 stepping 1 microcode 0x0, cx8, cmov, fxsr, ht, mmx, 3dnowpref, sse, sse2, sse3, ssse3, sse4a, sse4.1, sse4.2, popcnt, lzcnt, tsc, tscinvbit, avx, avx2, aes, clmul, bmi1, bmi2, adx, sha, fma, vzeroupper, clflush, clflushopt, rdtscp, f16c
Processor Information for the first 8 processors :
  Max Mhz: 3200, Current Mhz: 3200, Mhz Limit: 3200

Memory: 4k page, system-wide physical 16288M (5224M free)
TotalPageFile size 21920M (AvailPageFile size 7863M)
current process WorkingSet (physical memory assigned to process): 158M, peak: 158M
current process commit charge ("private bytes"): 487M, peak: 487M

vm_info: Java HotSpot(TM) 64-Bit Server VM (23.0.2+7-58) for windows-amd64 JRE (23.0.2+7-58), built on 2024-11-29T09:34:55Z with MS VC++ 17.6 (VS2022)

END.
