#
# A fatal error has been detected by the Java Runtime Environment:
#
#  EXCEPTION_ACCESS_VIOLATION (0xc0000005) at pc=0x00000001800044cb, pid=9204, tid=1780
#
# JRE version: Java(TM) SE Runtime Environment (23.0.2+7) (build 23.0.2+7-58)
# Java VM: Java HotSpot(TM) 64-Bit Server VM (23.0.2+7-58, mixed mode, sharing, tiered, compressed oops, compressed class ptrs, g1 gc, windows-amd64)
# Problematic frame:
# C  [rxtxSerial.dll+0x44cb]
#
# No core dump will be written. Minidumps are not enabled by default on client versions of Windows
#
# If you would like to submit a bug report, please visit:
#   https://bugreport.java.com/bugreport/crash.jsp
# The crash happened outside the Java Virtual Machine in native code.
# See problematic frame for where to report the bug.
#

---------------  S U M M A R Y ------------

Command Line: -Djava.library.path=C:\Users\Usuario\Documents\GitHub\Java_HandLight_Control\libs\opencv\build\java\x64;C:\Users\Usuario\Documents\GitHub\Java_HandLight_Control\libs\rxtx -javaagent:C:\Program Files\JetBrains\IntelliJ IDEA 2024.3.5\lib\idea_rt.jar=55265 -Dfile.encoding=UTF-8 -Dsun.stdout.encoding=UTF-8 -Dsun.stderr.encoding=UTF-8 Main

Host: AMD Ryzen 5 1400 Quad-Core Processor           , 8 cores, 15G,  Windows 11 , 64 bit Build 22621 (10.0.22621.4974)
Time: Sat Mar 29 12:43:06 2025 Hora estándar central (México) elapsed time: 3.780457 seconds (0d 0h 0m 3s)

---------------  T H R E A D  ---------------

Current thread (0x00000224904d2b50):  JavaThread "main"             [_thread_in_native, id=1780, stack(0x00000024f4800000,0x00000024f4900000) (1024K)]

Stack: [0x00000024f4800000,0x00000024f4900000],  sp=0x00000024f48fea70,  free space=1018k
Native frames: (J=compiled Java code, j=interpreted, Vv=VM code, C=native code)
C  [rxtxSerial.dll+0x44cb]  (no source info available)
C  0x00000224a240d207  (no source info available)

The last pc belongs to native method entry point (kind = native) (printed below).
Java frames: (J=compiled Java code, j=interpreted, Vv=VM code)
j  gnu.io.RXTXPort.nativeDrain(Z)Z+0
j  gnu.io.RXTXPort$SerialOutputStream.flush()V+92
j  Main.sendData(Ljava/lang/String;)V+24
j  Main.executeButtonAction(I)V+8
j  Main.handleButtonInteractions(Lorg/opencv/core/Rect;)V+42
j  Main.main([Ljava/lang/String;)V+97
v  ~StubRoutines::call_stub 0x00000224a2400fcd

siginfo: EXCEPTION_ACCESS_VIOLATION (0xc0000005), reading address 0xfffffffff59feccc


Registers:
RAX=0x000000000000001c, RBX=0x0000000000000001, RCX=0x00000024f48fee4c, RDX=0x0000000000000000
RSP=0x00000024f48fea70, RBP=0x0000000000000001, RSI=0x0000000000000000, RDI=0x00000224904d2f10
R8 =0x00000024f48fe730, R9 =0x0000000180000000, R10=0x0000000000000000, R11=0x0000000000000200
R12=0xfffffffff59fecc0, R13=0x0000000000000000, R14=0x00000024f48fef60, R15=0x00000224904d2b50
RIP=0x00000001800044cb, EFLAGS=0x0000000000010286


Register to memory mapping:

RAX=0x000000000000001c is an unknown value
RBX=0x0000000000000001 is an unknown value
RCX=0x00000024f48fee4c is pointing into the stack for thread: 0x00000224904d2b50
RDX=0x0 is null
RSP=0x00000024f48fea70 is pointing into the stack for thread: 0x00000224904d2b50
RBP=0x0000000000000001 is an unknown value
RSI=0x0 is null
RDI=0x00000224904d2f10 points into unknown readable memory: 0x00007fff70126e10 | 10 6e 12 70 ff 7f 00 00
R8 =0x00000024f48fe730 is pointing into the stack for thread: 0x00000224904d2b50
R9 =0x0000000180000000 rxtxSerial.dll
R10=0x0 is null
R11=0x0000000000000200 is an unknown value
R12=0xfffffffff59fecc0 is an unknown value
R13=0x0 is null
R14=0x00000024f48fef60 is pointing into the stack for thread: 0x00000224904d2b50
R15=0x00000224904d2b50 is a thread

Top of Stack: (sp=0x00000024f48fea70)
0x00000024f48fea70:   00000224f3603270 000000018001c4c0
0x00000024f48fea80:   0000000000000000 0000000000000000
0x00000024f48fea90:   000002249059eed8 00000007114665c8
0x00000024f48feaa0:   00000024f48fef60 00007fff6fb23750
0x00000024f48feab0:   00000224904d31f8 00000224904d2b50
0x00000024f48feac0:   00000024f48fee70 00007fff6f921f30
0x00000024f48fead0:   00000224904d2b50 0000000000010120
0x00000024f48feae0:   00000024f48feb80 00000024f48fea98
0x00000024f48feaf0:   00000024f48fead9 0000000800000002
0x00000024f48feb00:   00000224904d2b00 0000000000000000
0x00000024f48feb10:   0000cd70c4f39a08 00000224904d31d0
0x00000024f48feb20:   000002249059eed0 00007fff6fbf1ebb
0x00000024f48feb30:   00000224904d31f8 00000224904d3101
0x00000024f48feb40:   0000000000000003 00007fff6fbee0ef
0x00000024f48feb50:   000002249059eed0 000002249059eed8
0x00000024f48feb60:   00000024f48fee70 00000024f48fef60
0x00000024f48feb70:   00007fff701b2e08 00007fff6f9125b2
0x00000024f48feb80:   00000224904d2b50 0000000000000008
0x00000024f48feb90:   00000224904d2b50 0000000000000008
0x00000024f48feba0:   00007fff6fef8738 0000002000000000
0x00000024f48febb0:   0000000000000000 0000000000000000
0x00000024f48febc0:   00000224b24c1e28 0000000000000004
0x00000024f48febd0:   0000000000000088 0000000000000020
0x00000024f48febe0:   0000000000000030 6e675f6176614a00
0x00000024f48febf0:   00000224f3603270 616e5f74726f5058
0x00000024f48fec00:   6961724465766974 000000000000006e
0x00000024f48fec10:   00000224f73d1319 00007fff6fbf1f49
0x00000024f48fec20:   0000cd70c4f39b58 00007fff6ff9006e
0x00000024f48fec30:   00000224904d2b50 0000000000000003
0x00000024f48fec40:   00000224904d35a8 00000024f48fee70
0x00000024f48fec50:   00000224904d31d0 00000224904d31d0
0x00000024f48fec60:   00000224904d2b50 00007fff6fbf1978 

Instructions: (pc=0x00000001800044cb)
0x00000001800043cb:   89 54 24 30 e8 3c f4 ff ff 48 8b 54 24 30 4c 8d
0x00000001800043db:   0d b4 80 01 00 4c 8d 05 b1 80 01 00 48 8b cf 8b
0x00000001800043eb:   e8 e8 1f f4 ff ff 33 db 4c 63 e0 8b cd e8 43 41
0x00000001800043fb:   00 00 ff c3 8b f0 85 c0 74 0f e8 72 63 00 00 83
0x000000018000440b:   38 04 75 05 83 fb 03 7c e2 48 8d 15 a5 80 01 00
0x000000018000441b:   48 8d 8c 24 c0 03 00 00 44 8b c6 e8 11 5e 00 00
0x000000018000442b:   85 f6 0f 84 86 00 00 00 e8 44 63 00 00 8b 08 e8
0x000000018000443b:   59 62 00 00 4c 8b 07 48 8d 15 a7 80 01 00 48 8b
0x000000018000444b:   cf 48 8b f0 41 ff 50 30 48 8b d8 48 85 c0 75 1b
0x000000018000445b:   48 8b 07 48 8b cf ff 90 80 00 00 00 4c 8b 1f 48
0x000000018000446b:   8b cf 41 ff 93 88 00 00 00 eb 43 4c 8d 0d 63 80
0x000000018000447b:   01 00 48 8d 15 7c 90 01 00 48 8d 8c 24 78 03 00
0x000000018000448b:   00 4c 8b c6 e8 a8 5d 00 00 4c 8b 1f 4c 8d 84 24
0x000000018000449b:   78 03 00 00 48 8b d3 48 8b cf 41 ff 53 70 4c 8b
0x00000001800044ab:   1f 48 8b d3 48 8b cf 41 ff 93 b8 00 00 00 45 84
0x00000001800044bb:   ed 0f 85 b7 00 00 00 4d 85 e4 0f 84 ae 00 00 00
0x00000001800044cb:   41 83 7c 24 0c 00 0f 84 a2 00 00 00 48 8d 4c 24
0x00000001800044db:   38 49 8b d4 41 b8 40 03 00 00 e8 06 64 00 00 4c
0x00000001800044eb:   8b 1f 48 8b 54 24 30 48 8b cf 41 ff 93 f8 00 00
0x00000001800044fb:   00 48 8b 54 24 30 4c 8d 0d f8 7a 01 00 4c 8d 05
0x000000018000450b:   f5 7a 01 00 48 8b cf 48 8b d8 e8 f6 f2 ff ff 4c
0x000000018000451b:   8b 1f 4c 8d 0d e4 7a 01 00 4c 8d 05 e5 7a 01 00
0x000000018000452b:   48 8b d3 48 8b cf 41 ff 93 08 01 00 00 83 bc 24
0x000000018000453b:   d0 00 00 00 01 48 8b f0 7f 34 48 85 db 74 2f 48
0x000000018000454b:   8b 17 48 8b cf ff 92 88 00 00 00 4c 8b 1f 48 8b
0x000000018000455b:   54 24 30 41 b9 02 00 00 00 4c 8b c6 48 8b cf c7
0x000000018000456b:   44 24 20 01 00 00 00 41 ff 93 28 01 00 00 32 c0
0x000000018000457b:   48 8b 8c 24 10 04 00 00 48 33 cc e8 05 5b 00 00
0x000000018000458b:   48 8b 9c 24 60 04 00 00 48 81 c4 20 04 00 00 41
0x000000018000459b:   5d 41 5c 5f 5e 5d c3 cc cc cc cc cc cc cc cc cc
0x00000001800045ab:   cc cc cc cc cc 40 53 48 83 ec 20 41 8b d8 4c 8d
0x00000001800045bb:   0d dc 7e 01 00 4c 8d 05 25 7f 01 00 e8 44 f2 ff 


Stack slot to memory mapping:

stack at sp + 0 slots: {method} {0x00000224f3603278} 'nativeDrain' '(Z)Z' in 'gnu/io/RXTXPort'
stack at sp + 1 slots: 0x000000018001c4c0 rxtxSerial.dll
stack at sp + 2 slots: 0x0 is null
stack at sp + 3 slots: 0x0 is null
stack at sp + 4 slots: 0x000002249059eed8 points into unknown readable memory: 0x00000007103f93f0 | f0 93 3f 10 07 00 00 00
stack at sp + 5 slots: 0x00000007114665c8 is an oop: jdk.internal.loader.ClassLoaders$AppClassLoader 
{0x00000007114665c8} - klass: 'jdk/internal/loader/ClassLoaders$AppClassLoader'
 - ---- fields (total size 13 words):
 - private 'defaultAssertionStatus' 'Z' @12  false (0x00)
 - injected 'loader_data' 'J' @16  2357787026176 (0x00000224f70ee300)
 - private final 'parent' 'Ljava/lang/ClassLoader;' @24  a 'jdk/internal/loader/ClassLoaders$PlatformClassLoader'{0x0000000711463698} (0xe228c6d3)
 - private final 'name' 'Ljava/lang/String;' @28  "app"{0x0000000711466630} (0xe228ccc6)
 - private final 'unnamedModule' 'Ljava/lang/Module;' @32  a 'java/lang/Module'{0x0000000711466788} (0xe228ccf1)
 - private final 'nameAndId' 'Ljava/lang/String;' @36  "'app'"{0x0000000711466888} (0xe228cd11)
 - private final 'parallelLockMap' 'Ljava/util/concurrent/ConcurrentHashMap;' @40  a 'java/util/concurrent/ConcurrentHashMap'{0x00000007114667c0} (0xe228ccf8)
 - private final 'package2certs' 'Ljava/util/concurrent/ConcurrentHashMap;' @44  a 'java/util/concurrent/ConcurrentHashMap'{0x0000000711466810} (0xe228cd02)
 - private final 'classes' 'Ljava/util/ArrayList;' @48  a 'java/util/ArrayList'{0x0000000711466660} (0xe228cccc)
 - private final 'defaultDomain' 'Ljava/security/ProtectionDomain;' @52  a 'java/security/ProtectionDomain'{0x0000000711466678} (0xe228cccf)
 - private final 'packages' 'Ljava/util/concurrent/ConcurrentHashMap;' @56  a 'java/util/concurrent/ConcurrentHashMap'{0x00000007114666e8} (0xe228ccdd)
 - private final 'libraries' 'Ljdk/internal/loader/NativeLibraries;' @60  a 'jdk/internal/loader/NativeLibraries'{0x0000000711466728} (0xe228cce5)
 - final 'assertionLock' 'Ljava/lang/Object;' @64  a 'java/lang/Object'{0x0000000711466800} (0xe228cd00)
 - private 'packageAssertionStatus' 'Ljava/util/Map;' @68  null (0x00000000)
 - 'classAssertionStatus' 'Ljava/util/Map;' @72  null (0x00000000)
 - private volatile 'classLoaderValueMap' 'Ljava/util/concurrent/ConcurrentHashMap;' @76  a 'java/util/concurrent/ConcurrentHashMap'{0x0000000711466e08} (0xe228cdc1)
 - private final 'pdcache' 'Ljava/util/Map;' @80  a 'java/util/concurrent/ConcurrentHashMap'{0x00000007114668b8} (0xe228cd17)
 - private final 'parent' 'Ljdk/internal/loader/BuiltinClassLoader;' @84  a 'jdk/internal/loader/ClassLoaders$PlatformClassLoader'{0x0000000711463698} (0xe228c6d3)
 - private 'ucp' 'Ljdk/internal/loader/URLClassPath;' @88  a 'jdk/internal/loader/URLClassPath'{0x00000007114643b8} (0xe228c877)
 - private final 'nameToModule' 'Ljava/util/Map;' @92  a 'java/util/concurrent/ConcurrentHashMap'{0x00000007114668f8} (0xe228cd1f)
 - private final 'moduleToReader' 'Ljava/util/Map;' @96  a 'java/util/concurrent/ConcurrentHashMap'{0x0000000711466938} (0xe228cd27)
 - private volatile 'resourceCache' 'Ljava/lang/ref/SoftReference;' @100  a 'java/lang/ref/SoftReference'{0x0000000711012e10} (0xe22025c2)
stack at sp + 6 slots: 0x00000024f48fef60 is pointing into the stack for thread: 0x00000224904d2b50
stack at sp + 7 slots: 0x00007fff6fb23750 jvm.dll

Lock stack of current Java thread (top to bottom):

native method entry point (kind = native)  [0x00000224a240cde0, 0x00000224a240d938]  2904 bytes
[MachCode]
  0x00000224a240cde0: 488b 4b08 | 0fb7 492e | 584c 8d74 | ccf8 6800 | 0000 0068 | 0000 0000 | 5055 488b | ec41 5568 
  0x00000224a240ce00: 0000 0000 | 4c8b 6b08 | 4d8d 6d38 | 5348 8b53 | 0848 8b52 | 0848 8b52 | 1848 8b52 | 7048 8b12 
  0x00000224a240ce20: 5248 8b53 | 1048 85d2 | 0f84 0700 | 0000 4881 | c210 0100 | 0052 488b | 5308 488b | 5208 488b 
  0x00000224a240ce40: 5210 5249 | 8bc6 482b | c548 c1e8 | 0350 6800 | 0000 0068 | f7ff ffff | 41c6 8771 | 0400 0001 
  0x00000224a240ce60: 488b 4310 | 4885 c074 | 208b 88cc | 0000 0083 | c102 8988 | cc00 0000 | 2388 e000 | 0000 0f84 
  0x00000224a240ce80: 000a 0000 | e9cf 0000 | 0048 8b43 | 1848 85c0 | 0f85 b000 | 0000 e805 | 0000 00e9 | 9900 0000 
  0x00000224a240cea0: 488b d348 | 8d44 2408 | 4c89 6dc0 | 498b cfc5 | f877 4989 | afb0 0300 | 0049 8987 | a003 0000 
  0x00000224a240cec0: 4883 ec20 | 40f6 c40f | 0f84 1900 | 0000 4883 | ec08 48b8 | 8028 916f | ff7f 0000 | ffd0 4883 
  0x00000224a240cee0: c408 e90c | 0000 0048 | b880 2891 | 6fff 7f00 | 00ff d048 | 83c4 2049 | c787 a003 | 0000 0000 
  0x00000224a240cf00: 0000 49c7 | 87b0 0300 | 0000 0000 | 0049 c787 | a803 0000 | 0000 0000 | c5f8 7749 | 837f 0800 
  0x00000224a240cf20: 0f84 0500 | 0000 e995 | 3fff ff4c | 8b6d c04c | 8b75 c84e | 8d74 f500 | c348 8b43 | 1848 85c0 
  0x00000224a240cf40: 0f84 1200 | 0000 8b48 | 0883 c102 | 8948 0823 | 481c 0f84 | 2c09 0000 | 493b a7e8 | 0400 000f 
  0x00000224a240cf60: 8748 0000 | 0089 8424 | 00f0 ffff | 8984 2400 | e0ff ff89 | 8424 00d0 | ffff 8984 | 2400 c0ff 
  0x00000224a240cf80: ff89 8424 | 00b0 ffff | 8984 2400 | a0ff ff89 | 8424 0090 | ffff 8984 | 2400 80ff | ff49 3ba7 
  0x00000224a240cfa0: e004 0000 | 7607 4989 | a7e8 0400 | 0041 c687 | 7104 0000 | 0049 ba41 | bd18 70ff | 7f00 0041 
  0x00000224a240cfc0: 803a 000f | 843e 0000 | 0048 8b55 | e849 8bcf | 4883 ec20 | 40f6 c40f | 0f84 1900 | 0000 4883 
  0x00000224a240cfe0: ec08 48b8 | f0f0 c86f | ff7f 0000 | ffd0 4883 | c408 e90c | 0000 0048 | b8f0 f0c8 | 6fff 7f00 
  0x00000224a240d000: 00ff d048 | 83c4 2048 | 8b5d e84c | 8b5b 0845 | 0fb7 5b2e | 41c1 e303 | 492b e348 | 83ec 2048 
  0x00000224a240d020: 83e4 f04c | 8b5b 604d | 85db 0f85 | ab00 0000 | e805 0000 | 00e9 9900 | 0000 488b | d348 8d44 
  0x00000224a240d040: 2408 4c89 | 6dc0 498b | cfc5 f877 | 4989 afb0 | 0300 0049 | 8987 a003 | 0000 4883 | ec20 40f6 
  0x00000224a240d060: c40f 0f84 | 1900 0000 | 4883 ec08 | 48b8 e04f | 916f ff7f | 0000 ffd0 | 4883 c408 | e90c 0000 
  0x00000224a240d080: 0048 b8e0 | 4f91 6fff | 7f00 00ff | d048 83c4 | 2049 c787 | a003 0000 | 0000 0000 | 49c7 87b0 
  0x00000224a240d0a0: 0300 0000 | 0000 0049 | c787 a803 | 0000 0000 | 0000 c5f8 | 7749 837f | 0800 0f84 | 0500 0000 
  0x00000224a240d0c0: e9fb 3dff | ff4c 8b6d | c04c 8b75 | c84e 8d74 | f500 c348 | 8b5d e84c | 8b5b 6041 | ffd3 488b 
  0x00000224a240d0e0: 5de8 4889 | 4518 448b | 5b28 41f6 | c308 0f84 | 1b00 0000 | 4c8b 5b08 | 4d8b 5b08 | 4d8b 5b18 
  0x00000224a240d100: 4d8b 5b70 | 4d8b 1b4c | 895d 1048 | 8d55 1048 | 8b43 5849 | ba40 3fc9 | 6fff 7f00 | 0049 3bc2 
  0x00000224a240d120: 0f85 ab00 | 0000 e805 | 0000 00e9 | 9900 0000 | 488b d348 | 8d44 2408 | 4c89 6dc0 | 498b cfc5 
  0x00000224a240d140: f877 4989 | afb0 0300 | 0049 8987 | a003 0000 | 4883 ec20 | 40f6 c40f | 0f84 1900 | 0000 4883 
  0x00000224a240d160: ec08 48b8 | e04f 916f | ff7f 0000 | ffd0 4883 | c408 e90c | 0000 0048 | b8e0 4f91 | 6fff 7f00 
  0x00000224a240d180: 00ff d048 | 83c4 2049 | c787 a003 | 0000 0000 | 0000 49c7 | 87b0 0300 | 0000 0000 | 0049 c787 
  0x00000224a240d1a0: a803 0000 | 0000 0000 | c5f8 7749 | 837f 0800 | 0f84 0500 | 0000 e905 | 3dff ff4c | 8b6d c04c 
  0x00000224a240d1c0: 8b75 c84e | 8d74 f500 | c348 8b5d | e848 8b43 | 5849 8d8f | c003 0000 | c5f8 7749 | 89af b003 
  0x00000224a240d1e0: 0000 49ba | d8d1 40a2 | 2402 0000 | 4d89 97a8 | 0300 0049 | 89a7 a003 | 0000 41c7 | 8744 0400 
  0x00000224a240d200: 0004 0000 | 00ff d0c5 | f877 4883 | ec10 c5fb | 1104 2448 | 83ec 1048 | 8904 2448 | c744 2408 
  0x00000224a240d220: 0000 0000 | 41c7 8744 | 0400 0005 | 0000 00f0 | 8344 24c0 | 0049 3baf | 4804 0000 | 0f87 0e00 
  0x00000224a240d240: 0000 4183 | bf40 0400 | 0000 0f84 | 2000 0000 | 498b cf4c | 8be4 4883 | ec20 4883 | e4f0 48b8 
  0x00000224a240d260: 80ab 926f | ff7f 0000 | ffd0 498b | e44d 33e4 | 41c7 8744 | 0400 0008 | 0000 0049 | c787 a003 
  0x00000224a240d280: 0000 0000 | 0000 49c7 | 87b0 0300 | 0000 0000 | 0049 c787 | a803 0000 | 0000 0000 | c5f8 774d 
  0x00000224a240d2a0: 8b9f 3004 | 0000 41c7 | 8300 0100 | 0000 0000 | 0049 bbda | a540 a224 | 0200 004c | 3b5d 180f 
  0x00000224a240d2c0: 8524 0200 | 0048 8b04 | 2448 83c4 | 1048 85c0 | 0f84 fe01 | 0000 a803 | 0f85 0800 | 0000 488b 
  0x00000224a240d2e0: 00e9 ee01 | 0000 a801 | 0f85 0900 | 0000 488b | 40fe e9dd | 0100 0048 | 8b40 ff41 | 807f 3800 
  0x00000224a240d300: 0f84 ce01 | 0000 4883 | f800 0f84 | c401 0000 | 4d8b 5f28 | 4983 fb00 | 0f84 1400 | 0000 4983 
  0x00000224a240d320: eb08 4d89 | 5f28 4d03 | 5f30 4989 | 03e9 a201 | 0000 4881 | ecd0 0000 | 0048 8904 | 2448 894c 
  0x00000224a240d340: 2408 4889 | 5424 1048 | 8974 2418 | 4889 7c24 | 204c 8944 | 2428 4c89 | 4c24 304c | 8954 2438 
  0x00000224a240d360: 4c89 5c24 | 40c5 fb11 | 4424 50c5 | fb11 4c24 | 58c5 fb11 | 5424 60c5 | fb11 5c24 | 68c5 fb11 
  0x00000224a240d380: 6424 70c5 | fb11 6c24 | 78c5 fb11 | b424 8000 | 0000 c5fb | 11bc 2488 | 0000 00c5 | 7b11 8424 
  0x00000224a240d3a0: 9000 0000 | c57b 118c | 2498 0000 | 00c5 7b11 | 9424 a000 | 0000 c57b | 119c 24a8 | 0000 00c5 
  0x00000224a240d3c0: 7b11 a424 | b000 0000 | c57b 11ac | 24b8 0000 | 00c5 7b11 | b424 c000 | 0000 c57b | 11bc 24c8 
  0x00000224a240d3e0: 0000 0049 | 8bd7 488b | c848 83ec | 2040 f6c4 | 0f0f 8419 | 0000 0048 | 83ec 0848 | b800 0986 
  0x00000224a240d400: 6fff 7f00 | 00ff d048 | 83c4 08e9 | 0c00 0000 | 48b8 0009 | 866f ff7f | 0000 ffd0 | 4883 c420 
  0x00000224a240d420: c57b 10bc | 24c8 0000 | 00c5 7b10 | b424 c000 | 0000 c57b | 10ac 24b8 | 0000 00c5 | 7b10 a424 
  0x00000224a240d440: b000 0000 | c57b 109c | 24a8 0000 | 00c5 7b10 | 9424 a000 | 0000 c57b | 108c 2498 | 0000 00c5 
  0x00000224a240d460: 7b10 8424 | 9000 0000 | c5fb 10bc | 2488 0000 | 00c5 fb10 | b424 8000 | 0000 c5fb | 106c 2478 
  0x00000224a240d480: c5fb 1064 | 2470 c5fb | 105c 2468 | c5fb 1054 | 2460 c5fb | 104c 2458 | c5fb 1044 | 2450 4c8b 
  0x00000224a240d4a0: 5c24 404c | 8b54 2438 | 4c8b 4c24 | 304c 8b44 | 2428 488b | 7c24 2048 | 8b74 2418 | 488b 5424 
  0x00000224a240d4c0: 1048 8b4c | 2408 488b | 0424 4881 | c4d0 0000 | 00c5 f877 | 4889 4510 | 4883 ec10 | 4889 0424 
  0x00000224a240d4e0: 48c7 4424 | 0800 0000 | 0041 83bf | c804 0000 | 020f 85bf | 0000 0048 | 81ec 8000 | 0000 4889 
  0x00000224a240d500: 4424 7848 | 894c 2470 | 4889 5424 | 6848 895c | 2460 4889 | 6c24 5048 | 8974 2448 | 4889 7c24 
  0x00000224a240d520: 404c 8944 | 2438 4c89 | 4c24 304c | 8954 2428 | 4c89 5c24 | 204c 8964 | 2418 4c89 | 6c24 104c 
  0x00000224a240d540: 8974 2408 | 4c89 3c24 | 4c8b e448 | 83ec 2048 | 83e4 f048 | b8a0 25c9 | 6fff 7f00 | 00ff d049 
  0x00000224a240d560: 8be4 4c8b | 3c24 4c8b | 7424 084c | 8b6c 2410 | 4c8b 6424 | 184c 8b5c | 2420 4c8b | 5424 284c 
  0x00000224a240d580: 8b4c 2430 | 4c8b 4424 | 3848 8b7c | 2440 488b | 7424 4848 | 8b6c 2450 | 488b 5c24 | 6048 8b54 
  0x00000224a240d5a0: 2468 488b | 4c24 7048 | 8b44 2478 | 4881 c480 | 0000 004d | 33e4 488b | 5de8 4c8b | 6b08 4d8d 
  0x00000224a240d5c0: 6d38 4983 | 7f08 000f | 84bb 0000 | 00e8 0500 | 0000 e996 | 0000 0048 | 8d44 2408 | 4c89 6dc0 
  0x00000224a240d5e0: 498b cfc5 | f877 4989 | afb0 0300 | 0049 8987 | a003 0000 | 4883 ec20 | 40f6 c40f | 0f84 1900 
  0x00000224a240d600: 0000 4883 | ec08 48b8 | f06d 916f | ff7f 0000 | ffd0 4883 | c408 e90c | 0000 0048 | b8f0 6d91 
  0x00000224a240d620: 6fff 7f00 | 00ff d048 | 83c4 2049 | c787 a003 | 0000 0000 | 0000 49c7 | 87b0 0300 | 0000 0000 
  0x00000224a240d640: 0049 c787 | a803 0000 | 0000 0000 | c5f8 7749 | 837f 0800 | 0f84 0500 | 0000 e961 | 38ff ff4c 
  0x00000224a240d660: 8b6d c04c | 8b75 c84e | 8d74 f500 | c348 b940 | e5f0 6fff | 7f00 0048 | 83e4 f048 | b850 4db7 
  0x00000224a240d680: 6fff 7f00 | 00ff d0f4 | 448b 5b28 | 41f6 c320 | 0f84 7901 | 0000 488d | 55a8 4c8b | 5a08 4d85 
  0x00000224a240d6a0: db0f 85bb | 0000 00e8 | 0500 0000 | e996 0000 | 0048 8d44 | 2408 4c89 | 6dc0 498b | cfc5 f877 
  0x00000224a240d6c0: 4989 afb0 | 0300 0049 | 8987 a003 | 0000 4883 | ec20 40f6 | c40f 0f84 | 1900 0000 | 4883 ec08 
  0x00000224a240d6e0: 48b8 206d | 916f ff7f | 0000 ffd0 | 4883 c408 | e90c 0000 | 0048 b820 | 6d91 6fff | 7f00 00ff 
  0x00000224a240d700: d048 83c4 | 2049 c787 | a003 0000 | 0000 0000 | 49c7 87b0 | 0300 0000 | 0000 0049 | c787 a803 
  0x00000224a240d720: 0000 0000 | 0000 c5f8 | 7749 837f | 0800 0f84 | 0500 0000 | e987 37ff | ff4c 8b6d | c04c 8b75 
  0x00000224a240d740: c84e 8d74 | f500 c348 | b940 e5f0 | 6fff 7f00 | 0048 83e4 | f048 b850 | 4db7 6fff | 7f00 00ff 
  0x00000224a240d760: d0f4 4c89 | 6dc0 4c8b | 4a08 48c7 | 4208 0000 | 0000 458b | 8718 0600 | 004f 3b4c | 07f8 0f85 
  0x00000224a240d780: 4900 0000 | 4183 af18 | 0600 0008 | 4f3b 4c07 | f00f 842a | 0000 0049 | 8b01 a802 | 0f85 1200 
  0x00000224a240d7a0: 0000 4c8b | c049 83c8 | 01f0 4d0f | b101 0f84 | 0d00 0000 | 4183 8718 | 0600 0008 | e90c 0000 
  0x00000224a240d7c0: 0049 ff8f | 5005 0000 | e93e 0000 | 004c 894a | 0848 8bca | 4883 ec20 | 40f6 c40f | 0f84 1900 
  0x00000224a240d7e0: 0000 4883 | ec08 48b8 | e03f 916f | ff7f 0000 | ffd0 4883 | c408 e90c | 0000 0048 | b8e0 3f91 
  0x00000224a240d800: 6fff 7f00 | 00ff d048 | 83c4 204c | 8b6d c049 | ba41 bd18 | 70ff 7f00 | 0041 803a | 000f 843e 
  0x00000224a240d820: 0000 0048 | 8b55 e849 | 8bcf 4883 | ec20 40f6 | c40f 0f84 | 1900 0000 | 4883 ec08 | 48b8 f0f0 
  0x00000224a240d840: c86f ff7f | 0000 ffd0 | 4883 c408 | e90c 0000 | 0048 b8f0 | f0c8 6fff | 7f00 00ff | d048 83c4 
  0x00000224a240d860: 2048 8b04 | 2448 83c4 | 10c5 fb10 | 0424 4883 | c410 4c8b | 5d18 41ff | d34c 8b5d | f8c9 5f49 
  0x00000224a240d880: 8be3 ffe7 | ba00 0000 | 00e8 0500 | 0000 e996 | 0000 0048 | 8d44 2408 | 4c89 6dc0 | 498b cfc5 
  0x00000224a240d8a0: f877 4989 | afb0 0300 | 0049 8987 | a003 0000 | 4883 ec20 | 40f6 c40f | 0f84 1900 | 0000 4883 
  0x00000224a240d8c0: ec08 48b8 | 9033 916f | ff7f 0000 | ffd0 4883 | c408 e90c | 0000 0048 | b890 3391 | 6fff 7f00 
  0x00000224a240d8e0: 00ff d048 | 83c4 2049 | c787 a003 | 0000 0000 | 0000 49c7 | 87b0 0300 | 0000 0000 | 0049 c787 
  0x00000224a240d900: a803 0000 | 0000 0000 | c5f8 7749 | 837f 0800 | 0f84 0500 | 0000 e9a5 | 35ff ff4c | 8b6d c04c 
  0x00000224a240d920: 8b75 c84e | 8d74 f500 | c348 8b5d | e8e9 26f6 | ffff 660f | 1f44 0000 
[/MachCode]

---------------  P R O C E S S  ---------------

Threads class SMR info:
_java_thread_list=0x00000224fc6db610, length=22, elements={
0x00000224904d2b50, 0x00000224b18690a0, 0x00000224b1869ec0, 0x00000224b186e190,
0x00000224b186f680, 0x00000224b18700e0, 0x00000224b1870c70, 0x00000224b187d050,
0x00000224b187e440, 0x00000224b183db80, 0x00000224f725e090, 0x00000224f725ee20,
0x00000224fc53ade0, 0x00000224fc5416e0, 0x00000224fc53e8f0, 0x00000224fc53c820,
0x00000224fc6e7eb0, 0x00000224fc6e6b00, 0x00000224fc6e8540, 0x00000224fc6e15b0,
0x00000224fc6e3d10, 0x00000224fc6e5750
}

Java Threads: ( => current thread )
=>0x00000224904d2b50 JavaThread "main"                              [_thread_in_native, id=1780, stack(0x00000024f4800000,0x00000024f4900000) (1024K)]
  0x00000224b18690a0 JavaThread "Reference Handler"          daemon [_thread_blocked, id=14476, stack(0x00000024f5000000,0x00000024f5100000) (1024K)]
  0x00000224b1869ec0 JavaThread "Finalizer"                  daemon [_thread_blocked, id=16160, stack(0x00000024f5100000,0x00000024f5200000) (1024K)]
  0x00000224b186e190 JavaThread "Signal Dispatcher"          daemon [_thread_blocked, id=6584, stack(0x00000024f5200000,0x00000024f5300000) (1024K)]
  0x00000224b186f680 JavaThread "Attach Listener"            daemon [_thread_blocked, id=5032, stack(0x00000024f5300000,0x00000024f5400000) (1024K)]
  0x00000224b18700e0 JavaThread "Service Thread"             daemon [_thread_blocked, id=8648, stack(0x00000024f5400000,0x00000024f5500000) (1024K)]
  0x00000224b1870c70 JavaThread "Monitor Deflation Thread"   daemon [_thread_blocked, id=16360, stack(0x00000024f5500000,0x00000024f5600000) (1024K)]
  0x00000224b187d050 JavaThread "C2 CompilerThread0"         daemon [_thread_blocked, id=17912, stack(0x00000024f5600000,0x00000024f5700000) (1024K)]
  0x00000224b187e440 JavaThread "C1 CompilerThread0"         daemon [_thread_blocked, id=13540, stack(0x00000024f5700000,0x00000024f5800000) (1024K)]
  0x00000224b183db80 JavaThread "Common-Cleaner"             daemon [_thread_blocked, id=9364, stack(0x00000024f5800000,0x00000024f5900000) (1024K)]
  0x00000224f725e090 JavaThread "Monitor Ctrl-Break"         daemon [_thread_in_native, id=15456, stack(0x00000024f5a00000,0x00000024f5b00000) (1024K)]
  0x00000224f725ee20 JavaThread "Notification Thread"        daemon [_thread_blocked, id=14564, stack(0x00000024f5b00000,0x00000024f5c00000) (1024K)]
  0x00000224fc53ade0 JavaThread "RMI TCP Accept-0"           daemon [_thread_in_native, id=1956, stack(0x00000024f6670000,0x00000024f6770000) (1024K)]
  0x00000224fc5416e0 JavaThread "RMI TCP Connection(1)-192.168.1.72" daemon [_thread_in_native, id=13212, stack(0x00000024f6770000,0x00000024f6870000) (1024K)]
  0x00000224fc53e8f0 JavaThread "RMI Scheduler(0)"           daemon [_thread_blocked, id=4276, stack(0x00000024f6870000,0x00000024f6970000) (1024K)]
  0x00000224fc53c820 JavaThread "JMX server connection timeout 26" daemon [_thread_blocked, id=9732, stack(0x00000024f6a70000,0x00000024f6b70000) (1024K)]
  0x00000224fc6e7eb0 JavaThread "Thread-0"                          [_thread_in_native, id=10164, stack(0x00000024f5900000,0x00000024f5a00000) (1024K)]
  0x00000224fc6e6b00 JavaThread "Java2D Disposer"            daemon [_thread_blocked, id=9664, stack(0x00000024f7370000,0x00000024f7470000) (1024K)]
  0x00000224fc6e8540 JavaThread "AWT-Shutdown"                      [_thread_blocked, id=12208, stack(0x00000024f7470000,0x00000024f7570000) (1024K)]
  0x00000224fc6e15b0 JavaThread "AWT-Windows"                daemon [_thread_in_native, id=10168, stack(0x00000024f7570000,0x00000024f7670000) (1024K)]
  0x00000224fc6e3d10 JavaThread "AWT-EventQueue-0"                  [_thread_blocked, id=8588, stack(0x00000024f7770000,0x00000024f7870000) (1024K)]
  0x00000224fc6e5750 JavaThread "D3D Screen Updater"         daemon [_thread_blocked, id=17692, stack(0x00000024f7870000,0x00000024f7970000) (1024K)]
Total: 22

Other Threads:
  0x00000224b1852600 VMThread "VM Thread"                           [id=15988, stack(0x00000024f4f00000,0x00000024f5000000) (1024K)]
  0x00000224b183bd30 WatcherThread "VM Periodic Task Thread"        [id=7812, stack(0x00000024f4e00000,0x00000024f4f00000) (1024K)]
  0x00000224927f0dd0 WorkerThread "GC Thread#0"                     [id=2072, stack(0x00000024f4900000,0x00000024f4a00000) (1024K)]
  0x0000022492805e00 ConcurrentGCThread "G1 Main Marker"            [id=10244, stack(0x00000024f4a00000,0x00000024f4b00000) (1024K)]
  0x0000022492806910 WorkerThread "G1 Conc#0"                       [id=1756, stack(0x00000024f4b00000,0x00000024f4c00000) (1024K)]
  0x000002249284e690 ConcurrentGCThread "G1 Refine#0"               [id=15080, stack(0x00000024f4c00000,0x00000024f4d00000) (1024K)]
  0x00000224b16ff2d0 ConcurrentGCThread "G1 Service"                [id=7792, stack(0x00000024f4d00000,0x00000024f4e00000) (1024K)]
Total: 7

Threads with active compile tasks:
Total: 0

VM state: not at safepoint (normal execution)

VM Mutex/Monitor currently owned by a thread: None

Heap address: 0x0000000701600000, size: 4074 MB, Compressed Oops mode: Zero based, Oop shift amount: 3

CDS archive(s) mapped at: [0x00000224b2000000-0x00000224b2d70000-0x00000224b2d70000), size 14090240, SharedBaseAddress: 0x00000224b2000000, ArchiveRelocationMode: 1.
Compressed class space mapped at: 0x00000224b3000000-0x00000224f3000000, reserved size: 1073741824
Narrow klass base: 0x00000224b2000000, Narrow klass shift: 0, Narrow klass range: 0x41000000

GC Precious Log:
 CardTable entry size: 512
 Card Set container configuration: InlinePtr #cards 4 size 8 Array Of Cards #cards 16 size 48 Howl #buckets 8 coarsen threshold 3686 Howl Bitmap #cards 512 size 80 coarsen threshold 460 Card regions per heap region 1 cards per card region 4096
 CPUs: 8 total, 8 available
 Memory: 16288M
 Large Page Support: Disabled
 NUMA Support: Disabled
 Compressed Oops: Enabled (Zero based)
 Heap Region Size: 2M
 Heap Min Capacity: 8M
 Heap Initial Capacity: 256M
 Heap Max Capacity: 4074M
 Pre-touch: Disabled
 Parallel Workers: 8
 Concurrent Workers: 2
 Concurrent Refinement Workers: 8
 Periodic GC: Disabled

Heap:
 garbage-first heap   total reserved 4171776K, committed 262144K, used 79872K [0x0000000701600000, 0x0000000800000000)
  region size 2048K, 10 young (20480K), 0 survivors (0K)
 Metaspace       used 12784K, committed 13056K, reserved 1114112K
  class space    used 1434K, committed 1536K, reserved 1048576K

Heap Regions: E=young(eden), S=young(survivor), O=old, HS=humongous(starts), HC=humongous(continues), CS=collection set, F=free, TAMS=top-at-mark-start, PB=parsable bottom
|   0|0x0000000701600000, 0x0000000701800000, 0x0000000701800000|100%|HS|  |TAMS 0x0000000701600000| PB 0x0000000701600000| Complete |  0
|   1|0x0000000701800000, 0x0000000701a00000, 0x0000000701a00000|100%|HS|  |TAMS 0x0000000701800000| PB 0x0000000701800000| Complete |  0
|   2|0x0000000701a00000, 0x0000000701c00000, 0x0000000701c00000|100%|HS|  |TAMS 0x0000000701a00000| PB 0x0000000701a00000| Complete |  0
|   3|0x0000000701c00000, 0x0000000701e00000, 0x0000000701e00000|100%|HS|  |TAMS 0x0000000701c00000| PB 0x0000000701c00000| Complete |  0
|   4|0x0000000701e00000, 0x0000000702000000, 0x0000000702000000|100%|HS|  |TAMS 0x0000000701e00000| PB 0x0000000701e00000| Complete |  0
|   5|0x0000000702000000, 0x0000000702200000, 0x0000000702200000|100%|HS|  |TAMS 0x0000000702000000| PB 0x0000000702000000| Complete |  0
|   6|0x0000000702200000, 0x0000000702400000, 0x0000000702400000|100%|HS|  |TAMS 0x0000000702200000| PB 0x0000000702200000| Complete |  0
|   7|0x0000000702400000, 0x0000000702600000, 0x0000000702600000|100%|HS|  |TAMS 0x0000000702400000| PB 0x0000000702400000| Complete |  0
|   8|0x0000000702600000, 0x0000000702800000, 0x0000000702800000|100%|HS|  |TAMS 0x0000000702600000| PB 0x0000000702600000| Complete |  0
|   9|0x0000000702800000, 0x0000000702a00000, 0x0000000702a00000|100%|HS|  |TAMS 0x0000000702800000| PB 0x0000000702800000| Complete |  0
|  10|0x0000000702a00000, 0x0000000702c00000, 0x0000000702c00000|100%|HS|  |TAMS 0x0000000702a00000| PB 0x0000000702a00000| Complete |  0
|  11|0x0000000702c00000, 0x0000000702e00000, 0x0000000702e00000|100%|HS|  |TAMS 0x0000000702c00000| PB 0x0000000702c00000| Complete |  0
|  12|0x0000000702e00000, 0x0000000703000000, 0x0000000703000000|100%|HS|  |TAMS 0x0000000702e00000| PB 0x0000000702e00000| Complete |  0
|  13|0x0000000703000000, 0x0000000703200000, 0x0000000703200000|100%|HS|  |TAMS 0x0000000703000000| PB 0x0000000703000000| Complete |  0
|  14|0x0000000703200000, 0x0000000703400000, 0x0000000703400000|100%|HS|  |TAMS 0x0000000703200000| PB 0x0000000703200000| Complete |  0
|  15|0x0000000703400000, 0x0000000703600000, 0x0000000703600000|100%|HS|  |TAMS 0x0000000703400000| PB 0x0000000703400000| Complete |  0
|  16|0x0000000703600000, 0x0000000703800000, 0x0000000703800000|100%|HS|  |TAMS 0x0000000703600000| PB 0x0000000703600000| Complete |  0
|  17|0x0000000703800000, 0x0000000703a00000, 0x0000000703a00000|100%|HS|  |TAMS 0x0000000703800000| PB 0x0000000703800000| Complete |  0
|  18|0x0000000703a00000, 0x0000000703c00000, 0x0000000703c00000|100%|HS|  |TAMS 0x0000000703a00000| PB 0x0000000703a00000| Complete |  0
|  19|0x0000000703c00000, 0x0000000703e00000, 0x0000000703e00000|100%|HS|  |TAMS 0x0000000703c00000| PB 0x0000000703c00000| Complete |  0
|  20|0x0000000703e00000, 0x0000000704000000, 0x0000000704000000|100%|HS|  |TAMS 0x0000000703e00000| PB 0x0000000703e00000| Complete |  0
|  21|0x0000000704000000, 0x0000000704200000, 0x0000000704200000|100%|HS|  |TAMS 0x0000000704000000| PB 0x0000000704000000| Complete |  0
|  22|0x0000000704200000, 0x0000000704400000, 0x0000000704400000|100%|HS|  |TAMS 0x0000000704200000| PB 0x0000000704200000| Complete |  0
|  23|0x0000000704400000, 0x0000000704600000, 0x0000000704600000|100%|HS|  |TAMS 0x0000000704400000| PB 0x0000000704400000| Complete |  0
|  24|0x0000000704600000, 0x0000000704800000, 0x0000000704800000|100%|HS|  |TAMS 0x0000000704600000| PB 0x0000000704600000| Complete |  0
|  25|0x0000000704800000, 0x0000000704a00000, 0x0000000704a00000|100%|HS|  |TAMS 0x0000000704800000| PB 0x0000000704800000| Complete |  0
|  26|0x0000000704a00000, 0x0000000704c00000, 0x0000000704c00000|100%|HS|  |TAMS 0x0000000704a00000| PB 0x0000000704a00000| Complete |  0
|  27|0x0000000704c00000, 0x0000000704e00000, 0x0000000704e00000|100%|HS|  |TAMS 0x0000000704c00000| PB 0x0000000704c00000| Complete |  0
|  28|0x0000000704e00000, 0x0000000705000000, 0x0000000705000000|100%|HS|  |TAMS 0x0000000704e00000| PB 0x0000000704e00000| Complete |  0
|  29|0x0000000705000000, 0x0000000705200000, 0x0000000705200000|100%|HS|  |TAMS 0x0000000705000000| PB 0x0000000705000000| Complete |  0
|  30|0x0000000705200000, 0x0000000705200000, 0x0000000705400000|  0%| F|  |TAMS 0x0000000705200000| PB 0x0000000705200000| Untracked |  0
|  31|0x0000000705400000, 0x0000000705400000, 0x0000000705600000|  0%| F|  |TAMS 0x0000000705400000| PB 0x0000000705400000| Untracked |  0
|  32|0x0000000705600000, 0x0000000705600000, 0x0000000705800000|  0%| F|  |TAMS 0x0000000705600000| PB 0x0000000705600000| Untracked |  0
|  33|0x0000000705800000, 0x0000000705800000, 0x0000000705a00000|  0%| F|  |TAMS 0x0000000705800000| PB 0x0000000705800000| Untracked |  0
|  34|0x0000000705a00000, 0x0000000705a00000, 0x0000000705c00000|  0%| F|  |TAMS 0x0000000705a00000| PB 0x0000000705a00000| Untracked |  0
|  35|0x0000000705c00000, 0x0000000705c00000, 0x0000000705e00000|  0%| F|  |TAMS 0x0000000705c00000| PB 0x0000000705c00000| Untracked |  0
|  36|0x0000000705e00000, 0x0000000705e00000, 0x0000000706000000|  0%| F|  |TAMS 0x0000000705e00000| PB 0x0000000705e00000| Untracked |  0
|  37|0x0000000706000000, 0x0000000706000000, 0x0000000706200000|  0%| F|  |TAMS 0x0000000706000000| PB 0x0000000706000000| Untracked |  0
|  38|0x0000000706200000, 0x0000000706200000, 0x0000000706400000|  0%| F|  |TAMS 0x0000000706200000| PB 0x0000000706200000| Untracked |  0
|  39|0x0000000706400000, 0x0000000706400000, 0x0000000706600000|  0%| F|  |TAMS 0x0000000706400000| PB 0x0000000706400000| Untracked |  0
|  40|0x0000000706600000, 0x0000000706600000, 0x0000000706800000|  0%| F|  |TAMS 0x0000000706600000| PB 0x0000000706600000| Untracked |  0
|  41|0x0000000706800000, 0x0000000706800000, 0x0000000706a00000|  0%| F|  |TAMS 0x0000000706800000| PB 0x0000000706800000| Untracked |  0
|  42|0x0000000706a00000, 0x0000000706a00000, 0x0000000706c00000|  0%| F|  |TAMS 0x0000000706a00000| PB 0x0000000706a00000| Untracked |  0
|  43|0x0000000706c00000, 0x0000000706c00000, 0x0000000706e00000|  0%| F|  |TAMS 0x0000000706c00000| PB 0x0000000706c00000| Untracked |  0
|  44|0x0000000706e00000, 0x0000000706e00000, 0x0000000707000000|  0%| F|  |TAMS 0x0000000706e00000| PB 0x0000000706e00000| Untracked |  0
|  45|0x0000000707000000, 0x0000000707000000, 0x0000000707200000|  0%| F|  |TAMS 0x0000000707000000| PB 0x0000000707000000| Untracked |  0
|  46|0x0000000707200000, 0x0000000707200000, 0x0000000707400000|  0%| F|  |TAMS 0x0000000707200000| PB 0x0000000707200000| Untracked |  0
|  47|0x0000000707400000, 0x0000000707400000, 0x0000000707600000|  0%| F|  |TAMS 0x0000000707400000| PB 0x0000000707400000| Untracked |  0
|  48|0x0000000707600000, 0x0000000707600000, 0x0000000707800000|  0%| F|  |TAMS 0x0000000707600000| PB 0x0000000707600000| Untracked |  0
|  49|0x0000000707800000, 0x0000000707800000, 0x0000000707a00000|  0%| F|  |TAMS 0x0000000707800000| PB 0x0000000707800000| Untracked |  0
|  50|0x0000000707a00000, 0x0000000707a00000, 0x0000000707c00000|  0%| F|  |TAMS 0x0000000707a00000| PB 0x0000000707a00000| Untracked |  0
|  51|0x0000000707c00000, 0x0000000707c00000, 0x0000000707e00000|  0%| F|  |TAMS 0x0000000707c00000| PB 0x0000000707c00000| Untracked |  0
|  52|0x0000000707e00000, 0x0000000707e00000, 0x0000000708000000|  0%| F|  |TAMS 0x0000000707e00000| PB 0x0000000707e00000| Untracked |  0
|  53|0x0000000708000000, 0x0000000708000000, 0x0000000708200000|  0%| F|  |TAMS 0x0000000708000000| PB 0x0000000708000000| Untracked |  0
|  54|0x0000000708200000, 0x0000000708200000, 0x0000000708400000|  0%| F|  |TAMS 0x0000000708200000| PB 0x0000000708200000| Untracked |  0
|  55|0x0000000708400000, 0x0000000708400000, 0x0000000708600000|  0%| F|  |TAMS 0x0000000708400000| PB 0x0000000708400000| Untracked |  0
|  56|0x0000000708600000, 0x0000000708600000, 0x0000000708800000|  0%| F|  |TAMS 0x0000000708600000| PB 0x0000000708600000| Untracked |  0
|  57|0x0000000708800000, 0x0000000708800000, 0x0000000708a00000|  0%| F|  |TAMS 0x0000000708800000| PB 0x0000000708800000| Untracked |  0
|  58|0x0000000708a00000, 0x0000000708a00000, 0x0000000708c00000|  0%| F|  |TAMS 0x0000000708a00000| PB 0x0000000708a00000| Untracked |  0
|  59|0x0000000708c00000, 0x0000000708c00000, 0x0000000708e00000|  0%| F|  |TAMS 0x0000000708c00000| PB 0x0000000708c00000| Untracked |  0
|  60|0x0000000708e00000, 0x0000000708e00000, 0x0000000709000000|  0%| F|  |TAMS 0x0000000708e00000| PB 0x0000000708e00000| Untracked |  0
|  61|0x0000000709000000, 0x0000000709000000, 0x0000000709200000|  0%| F|  |TAMS 0x0000000709000000| PB 0x0000000709000000| Untracked |  0
|  62|0x0000000709200000, 0x0000000709200000, 0x0000000709400000|  0%| F|  |TAMS 0x0000000709200000| PB 0x0000000709200000| Untracked |  0
|  63|0x0000000709400000, 0x0000000709400000, 0x0000000709600000|  0%| F|  |TAMS 0x0000000709400000| PB 0x0000000709400000| Untracked |  0
|  64|0x0000000709600000, 0x0000000709600000, 0x0000000709800000|  0%| F|  |TAMS 0x0000000709600000| PB 0x0000000709600000| Untracked |  0
|  65|0x0000000709800000, 0x0000000709800000, 0x0000000709a00000|  0%| F|  |TAMS 0x0000000709800000| PB 0x0000000709800000| Untracked |  0
|  66|0x0000000709a00000, 0x0000000709a00000, 0x0000000709c00000|  0%| F|  |TAMS 0x0000000709a00000| PB 0x0000000709a00000| Untracked |  0
|  67|0x0000000709c00000, 0x0000000709c00000, 0x0000000709e00000|  0%| F|  |TAMS 0x0000000709c00000| PB 0x0000000709c00000| Untracked |  0
|  68|0x0000000709e00000, 0x0000000709e00000, 0x000000070a000000|  0%| F|  |TAMS 0x0000000709e00000| PB 0x0000000709e00000| Untracked |  0
|  69|0x000000070a000000, 0x000000070a000000, 0x000000070a200000|  0%| F|  |TAMS 0x000000070a000000| PB 0x000000070a000000| Untracked |  0
|  70|0x000000070a200000, 0x000000070a200000, 0x000000070a400000|  0%| F|  |TAMS 0x000000070a200000| PB 0x000000070a200000| Untracked |  0
|  71|0x000000070a400000, 0x000000070a400000, 0x000000070a600000|  0%| F|  |TAMS 0x000000070a400000| PB 0x000000070a400000| Untracked |  0
|  72|0x000000070a600000, 0x000000070a600000, 0x000000070a800000|  0%| F|  |TAMS 0x000000070a600000| PB 0x000000070a600000| Untracked |  0
|  73|0x000000070a800000, 0x000000070a800000, 0x000000070aa00000|  0%| F|  |TAMS 0x000000070a800000| PB 0x000000070a800000| Untracked |  0
|  74|0x000000070aa00000, 0x000000070aa00000, 0x000000070ac00000|  0%| F|  |TAMS 0x000000070aa00000| PB 0x000000070aa00000| Untracked |  0
|  75|0x000000070ac00000, 0x000000070ac00000, 0x000000070ae00000|  0%| F|  |TAMS 0x000000070ac00000| PB 0x000000070ac00000| Untracked |  0
|  76|0x000000070ae00000, 0x000000070ae00000, 0x000000070b000000|  0%| F|  |TAMS 0x000000070ae00000| PB 0x000000070ae00000| Untracked |  0
|  77|0x000000070b000000, 0x000000070b000000, 0x000000070b200000|  0%| F|  |TAMS 0x000000070b000000| PB 0x000000070b000000| Untracked |  0
|  78|0x000000070b200000, 0x000000070b200000, 0x000000070b400000|  0%| F|  |TAMS 0x000000070b200000| PB 0x000000070b200000| Untracked |  0
|  79|0x000000070b400000, 0x000000070b400000, 0x000000070b600000|  0%| F|  |TAMS 0x000000070b400000| PB 0x000000070b400000| Untracked |  0
|  80|0x000000070b600000, 0x000000070b600000, 0x000000070b800000|  0%| F|  |TAMS 0x000000070b600000| PB 0x000000070b600000| Untracked |  0
|  81|0x000000070b800000, 0x000000070b800000, 0x000000070ba00000|  0%| F|  |TAMS 0x000000070b800000| PB 0x000000070b800000| Untracked |  0
|  82|0x000000070ba00000, 0x000000070ba00000, 0x000000070bc00000|  0%| F|  |TAMS 0x000000070ba00000| PB 0x000000070ba00000| Untracked |  0
|  83|0x000000070bc00000, 0x000000070bc00000, 0x000000070be00000|  0%| F|  |TAMS 0x000000070bc00000| PB 0x000000070bc00000| Untracked |  0
|  84|0x000000070be00000, 0x000000070be00000, 0x000000070c000000|  0%| F|  |TAMS 0x000000070be00000| PB 0x000000070be00000| Untracked |  0
|  85|0x000000070c000000, 0x000000070c000000, 0x000000070c200000|  0%| F|  |TAMS 0x000000070c000000| PB 0x000000070c000000| Untracked |  0
|  86|0x000000070c200000, 0x000000070c200000, 0x000000070c400000|  0%| F|  |TAMS 0x000000070c200000| PB 0x000000070c200000| Untracked |  0
|  87|0x000000070c400000, 0x000000070c400000, 0x000000070c600000|  0%| F|  |TAMS 0x000000070c400000| PB 0x000000070c400000| Untracked |  0
|  88|0x000000070c600000, 0x000000070c600000, 0x000000070c800000|  0%| F|  |TAMS 0x000000070c600000| PB 0x000000070c600000| Untracked |  0
|  89|0x000000070c800000, 0x000000070c800000, 0x000000070ca00000|  0%| F|  |TAMS 0x000000070c800000| PB 0x000000070c800000| Untracked |  0
|  90|0x000000070ca00000, 0x000000070ca00000, 0x000000070cc00000|  0%| F|  |TAMS 0x000000070ca00000| PB 0x000000070ca00000| Untracked |  0
|  91|0x000000070cc00000, 0x000000070cc00000, 0x000000070ce00000|  0%| F|  |TAMS 0x000000070cc00000| PB 0x000000070cc00000| Untracked |  0
|  92|0x000000070ce00000, 0x000000070ce00000, 0x000000070d000000|  0%| F|  |TAMS 0x000000070ce00000| PB 0x000000070ce00000| Untracked |  0
|  93|0x000000070d000000, 0x000000070d000000, 0x000000070d200000|  0%| F|  |TAMS 0x000000070d000000| PB 0x000000070d000000| Untracked |  0
|  94|0x000000070d200000, 0x000000070d200000, 0x000000070d400000|  0%| F|  |TAMS 0x000000070d200000| PB 0x000000070d200000| Untracked |  0
|  95|0x000000070d400000, 0x000000070d400000, 0x000000070d600000|  0%| F|  |TAMS 0x000000070d400000| PB 0x000000070d400000| Untracked |  0
|  96|0x000000070d600000, 0x000000070d600000, 0x000000070d800000|  0%| F|  |TAMS 0x000000070d600000| PB 0x000000070d600000| Untracked |  0
|  97|0x000000070d800000, 0x000000070d800000, 0x000000070da00000|  0%| F|  |TAMS 0x000000070d800000| PB 0x000000070d800000| Untracked |  0
|  98|0x000000070da00000, 0x000000070da00000, 0x000000070dc00000|  0%| F|  |TAMS 0x000000070da00000| PB 0x000000070da00000| Untracked |  0
|  99|0x000000070dc00000, 0x000000070dc00000, 0x000000070de00000|  0%| F|  |TAMS 0x000000070dc00000| PB 0x000000070dc00000| Untracked |  0
| 100|0x000000070de00000, 0x000000070de00000, 0x000000070e000000|  0%| F|  |TAMS 0x000000070de00000| PB 0x000000070de00000| Untracked |  0
| 101|0x000000070e000000, 0x000000070e000000, 0x000000070e200000|  0%| F|  |TAMS 0x000000070e000000| PB 0x000000070e000000| Untracked |  0
| 102|0x000000070e200000, 0x000000070e200000, 0x000000070e400000|  0%| F|  |TAMS 0x000000070e200000| PB 0x000000070e200000| Untracked |  0
| 103|0x000000070e400000, 0x000000070e400000, 0x000000070e600000|  0%| F|  |TAMS 0x000000070e400000| PB 0x000000070e400000| Untracked |  0
| 104|0x000000070e600000, 0x000000070e600000, 0x000000070e800000|  0%| F|  |TAMS 0x000000070e600000| PB 0x000000070e600000| Untracked |  0
| 105|0x000000070e800000, 0x000000070e800000, 0x000000070ea00000|  0%| F|  |TAMS 0x000000070e800000| PB 0x000000070e800000| Untracked |  0
| 106|0x000000070ea00000, 0x000000070ea00000, 0x000000070ec00000|  0%| F|  |TAMS 0x000000070ea00000| PB 0x000000070ea00000| Untracked |  0
| 107|0x000000070ec00000, 0x000000070ec00000, 0x000000070ee00000|  0%| F|  |TAMS 0x000000070ec00000| PB 0x000000070ec00000| Untracked |  0
| 108|0x000000070ee00000, 0x000000070ee00000, 0x000000070f000000|  0%| F|  |TAMS 0x000000070ee00000| PB 0x000000070ee00000| Untracked |  0
| 109|0x000000070f000000, 0x000000070f000000, 0x000000070f200000|  0%| F|  |TAMS 0x000000070f000000| PB 0x000000070f000000| Untracked |  0
| 110|0x000000070f200000, 0x000000070f200000, 0x000000070f400000|  0%| F|  |TAMS 0x000000070f200000| PB 0x000000070f200000| Untracked |  0
| 111|0x000000070f400000, 0x000000070f400000, 0x000000070f600000|  0%| F|  |TAMS 0x000000070f400000| PB 0x000000070f400000| Untracked |  0
| 112|0x000000070f600000, 0x000000070f600000, 0x000000070f800000|  0%| F|  |TAMS 0x000000070f600000| PB 0x000000070f600000| Untracked |  0
| 113|0x000000070f800000, 0x000000070f800000, 0x000000070fa00000|  0%| F|  |TAMS 0x000000070f800000| PB 0x000000070f800000| Untracked |  0
| 114|0x000000070fa00000, 0x000000070fa00000, 0x000000070fc00000|  0%| F|  |TAMS 0x000000070fa00000| PB 0x000000070fa00000| Untracked |  0
| 115|0x000000070fc00000, 0x000000070fc00000, 0x000000070fe00000|  0%| F|  |TAMS 0x000000070fc00000| PB 0x000000070fc00000| Untracked |  0
| 116|0x000000070fe00000, 0x000000070fe00000, 0x0000000710000000|  0%| F|  |TAMS 0x000000070fe00000| PB 0x000000070fe00000| Untracked |  0
| 117|0x0000000710000000, 0x0000000710000000, 0x0000000710200000|  0%| F|  |TAMS 0x0000000710000000| PB 0x0000000710000000| Untracked |  0
| 118|0x0000000710200000, 0x0000000710400000, 0x0000000710400000|100%| E|  |TAMS 0x0000000710200000| PB 0x0000000710200000| Complete |  0
| 119|0x0000000710400000, 0x0000000710600000, 0x0000000710600000|100%| E|CS|TAMS 0x0000000710400000| PB 0x0000000710400000| Complete |  0
| 120|0x0000000710600000, 0x0000000710800000, 0x0000000710800000|100%| E|CS|TAMS 0x0000000710600000| PB 0x0000000710600000| Complete |  0
| 121|0x0000000710800000, 0x0000000710a00000, 0x0000000710a00000|100%| E|CS|TAMS 0x0000000710800000| PB 0x0000000710800000| Complete |  0
| 122|0x0000000710a00000, 0x0000000710c00000, 0x0000000710c00000|100%| E|CS|TAMS 0x0000000710a00000| PB 0x0000000710a00000| Complete |  0
| 123|0x0000000710c00000, 0x0000000710e00000, 0x0000000710e00000|100%| E|CS|TAMS 0x0000000710c00000| PB 0x0000000710c00000| Complete |  0
| 124|0x0000000710e00000, 0x0000000711000000, 0x0000000711000000|100%| E|CS|TAMS 0x0000000710e00000| PB 0x0000000710e00000| Complete |  0
| 125|0x0000000711000000, 0x0000000711200000, 0x0000000711200000|100%| E|CS|TAMS 0x0000000711000000| PB 0x0000000711000000| Complete |  0
| 126|0x0000000711200000, 0x0000000711400000, 0x0000000711400000|100%| E|CS|TAMS 0x0000000711200000| PB 0x0000000711200000| Complete |  0
| 127|0x0000000711400000, 0x0000000711600000, 0x0000000711600000|100%| E|CS|TAMS 0x0000000711400000| PB 0x0000000711400000| Complete |  0

Card table byte_map: [0x00000224aab10000,0x00000224ab310000] _byte_map_base: 0x00000224a7305000

Marking Bits: (CMBitMap*) 0x00000224927f14e0
 Bits: [0x00000224ab310000, 0x00000224af2b8000)

Polling page: 0x0000022491f50000

Metaspace:

Usage:
  Non-class:     11.08 MB used.
      Class:      1.40 MB used.
       Both:     12.49 MB used.

Virtual space:
  Non-class space:       64.00 MB reserved,      11.25 MB ( 18%) committed,  1 nodes.
      Class space:        1.00 GB reserved,       1.50 MB ( <1%) committed,  1 nodes.
             Both:        1.06 GB reserved,      12.75 MB (  1%) committed. 

Chunk freelists:
   Non-Class:  4.46 MB
       Class:  14.50 MB
        Both:  18.96 MB

MaxMetaspaceSize: unlimited
CompressedClassSpaceSize: 1.00 GB
Initial GC threshold: 21.00 MB
Current GC threshold: 21.00 MB
CDS: on
 - commit_granule_bytes: 65536.
 - commit_granule_words: 8192.
 - virtual_space_node_default_size: 8388608.
 - enlarge_chunks_in_place: 1.
 - use_allocation_guard: 0.


Internal statistics:

num_allocs_failed_limit: 0.
num_arena_births: 328.
num_arena_deaths: 0.
num_vsnodes_births: 2.
num_vsnodes_deaths: 0.
num_space_committed: 204.
num_space_uncommitted: 0.
num_chunks_returned_to_freelist: 0.
num_chunks_taken_from_freelist: 434.
num_chunk_merges: 0.
num_chunk_splits: 262.
num_chunks_enlarged: 115.
num_inconsistent_stats: 0.

CodeHeap 'non-profiled nmethods': size=120064Kb used=496Kb max_used=496Kb free=119567Kb
 bounds [0x00000224a2990000, 0x00000224a2c00000, 0x00000224a9ed0000]
CodeHeap 'profiled nmethods': size=120000Kb used=1903Kb max_used=1903Kb free=118096Kb
 bounds [0x000002249aed0000, 0x000002249b140000, 0x00000224a2400000]
CodeHeap 'non-nmethods': size=5696Kb used=1884Kb max_used=1898Kb free=3811Kb
 bounds [0x00000224a2400000, 0x00000224a2670000, 0x00000224a2990000]
CodeCache: size=245760Kb, used=4283Kb, max_used=4297Kb, free=241474Kb
 total_blobs=2539, nmethods=1618, adapters=827, full_count=0
Compilation: enabled, stopped_count=0, restarted_count=0

Compilation events (20 events):
Event: 3.631 Thread 0x00000224b187e440 nmethod 1606 0x000002249b0a9088 code [0x000002249b0a91a0, 0x000002249b0a9348]
Event: 3.662 Thread 0x00000224b187e440 1607       3       java.security.AccessControlContext::optimize (319 bytes)
Event: 3.663 Thread 0x00000224b187e440 nmethod 1607 0x000002249b0a9388 code [0x000002249b0a95e0, 0x000002249b0aa3e0]
Event: 3.663 Thread 0x00000224b187e440 1608       3       sun.java2d.pipe.RenderBuffer::position (11 bytes)
Event: 3.663 Thread 0x00000224b187e440 nmethod 1608 0x000002249b0aa488 code [0x000002249b0aa5a0, 0x000002249b0aa6b8]
Event: 3.679 Thread 0x00000224b187e440 1609       3       java.util.concurrent.CountDownLatch$Sync::tryAcquireShared (13 bytes)
Event: 3.680 Thread 0x00000224b187e440 nmethod 1609 0x000002249b0aa788 code [0x000002249b0aa8a0, 0x000002249b0aaa30]
Event: 3.690 Thread 0x00000224b187e440 1610       3       java.awt.image.ComponentSampleModel::getNumDataElements (5 bytes)
Event: 3.690 Thread 0x00000224b187e440 nmethod 1610 0x000002249b0aaa88 code [0x000002249b0aaba0, 0x000002249b0aacc0]
Event: 3.734 Thread 0x00000224b187e440 1613       3       javax.swing.SwingUtilities::computeIntersection (189 bytes)
Event: 3.734 Thread 0x00000224b187e440 nmethod 1613 0x000002249b0aad88 code [0x000002249b0aaea0, 0x000002249b0ab148]
Event: 3.734 Thread 0x00000224b187e440 1614       1       sun.java2d.pipe.Region::getLoX (5 bytes)
Event: 3.734 Thread 0x00000224b187e440 nmethod 1614 0x00000224a2a0b708 code [0x00000224a2a0b820, 0x00000224a2a0b8e8]
Event: 3.734 Thread 0x00000224b187e440 1615       1       sun.java2d.pipe.Region::getLoY (5 bytes)
Event: 3.735 Thread 0x00000224b187e440 nmethod 1615 0x00000224a2a0ba08 code [0x00000224a2a0bb20, 0x00000224a2a0bbe8]
Event: 3.735 Thread 0x00000224b187e440 1616       1       sun.java2d.pipe.Region::getHiX (5 bytes)
Event: 3.735 Thread 0x00000224b187e440 nmethod 1616 0x00000224a2a0bd08 code [0x00000224a2a0be20, 0x00000224a2a0bee8]
Event: 3.736 Thread 0x00000224b187e440 1617       1       sun.java2d.pipe.Region::getHiY (5 bytes)
Event: 3.736 Thread 0x00000224b187e440 nmethod 1617 0x00000224a2a0c008 code [0x00000224a2a0c120, 0x00000224a2a0c1e8]
Event: 3.766 Thread 0x00000224b187e440 1618       3       jdk.internal.ref.PhantomCleanable::<init> (49 bytes)

GC Heap History (0 events):
No events

Dll operation events (17 events):
Event: 0.013 Loaded shared library C:\Program Files\Java\jdk-23\bin\java.dll
Event: 0.054 Loaded shared library C:\Program Files\Java\jdk-23\bin\jsvml.dll
Event: 0.116 Loaded shared library C:\Program Files\Java\jdk-23\bin\zip.dll
Event: 0.121 Loaded shared library C:\Program Files\Java\jdk-23\bin\instrument.dll
Event: 0.126 Loaded shared library C:\Program Files\Java\jdk-23\bin\net.dll
Event: 0.129 Loaded shared library C:\Program Files\Java\jdk-23\bin\nio.dll
Event: 0.136 Loaded shared library C:\Program Files\Java\jdk-23\bin\zip.dll
Event: 0.168 Loaded shared library C:\Program Files\Java\jdk-23\bin\extnet.dll
Event: 0.181 Loaded shared library C:\Users\Usuario\Documents\GitHub\Java_HandLight_Control\libs\opencv\build\java\x64\opencv_java4110.dll
Event: 0.189 Loaded shared library C:\Program Files\Java\jdk-23\bin\jimage.dll
Event: 0.234 Loaded shared library C:\Program Files\Java\jdk-23\bin\management.dll
Event: 0.245 Loaded shared library C:\Program Files\Java\jdk-23\bin\management_ext.dll
Event: 1.783 Loaded shared library C:\Program Files\Java\jdk-23\bin\verify.dll
Event: 1.789 Loaded shared library C:\Users\Usuario\Documents\GitHub\Java_HandLight_Control\libs\rxtx\rxtxSerial.dll
Event: 2.490 Loaded shared library C:\Program Files\Java\jdk-23\bin\awt.dll
Event: 2.732 Loaded shared library C:\Program Files\Java\jdk-23\bin\freetype.dll
Event: 2.733 Loaded shared library C:\Program Files\Java\jdk-23\bin\fontmanager.dll

Deoptimization events (20 events):
Event: 2.701 Thread 0x00000224904d2b50 Uncommon trap: trap_request=0xffffff45 fr.pc=0x00000224a29f3994 relative=0x0000000000000454
Event: 2.701 Thread 0x00000224904d2b50 Uncommon trap: reason=unstable_if action=reinterpret pc=0x00000224a29f3994 method=java.util.HashMap.hash(Ljava/lang/Object;)I @ 1 c2
Event: 2.701 Thread 0x00000224904d2b50 DEOPT PACKING pc=0x00000224a29f3994 sp=0x00000024f48feab0
Event: 2.701 Thread 0x00000224904d2b50 DEOPT UNPACKING pc=0x00000224a2454402 sp=0x00000024f48fe9a8 mode 2
Event: 2.704 Thread 0x00000224904d2b50 Uncommon trap: trap_request=0xffffff45 fr.pc=0x00000224a29fd4fc relative=0x0000000000000a3c
Event: 2.704 Thread 0x00000224904d2b50 Uncommon trap: reason=unstable_if action=reinterpret pc=0x00000224a29fd4fc method=java.util.HashMap.hash(Ljava/lang/Object;)I @ 1 c2
Event: 2.704 Thread 0x00000224904d2b50 DEOPT PACKING pc=0x00000224a29fd4fc sp=0x00000024f48feb10
Event: 2.704 Thread 0x00000224904d2b50 DEOPT UNPACKING pc=0x00000224a2454402 sp=0x00000024f48feab0 mode 2
Event: 2.707 Thread 0x00000224fc6e15b0 Uncommon trap: trap_request=0xffffff45 fr.pc=0x00000224a29d2b68 relative=0x0000000000000068
Event: 2.707 Thread 0x00000224fc6e15b0 Uncommon trap: reason=unstable_if action=reinterpret pc=0x00000224a29d2b68 method=java.lang.CharacterDataLatin1.toUpperCase(I)I @ 17 c2
Event: 2.707 Thread 0x00000224fc6e15b0 DEOPT PACKING pc=0x00000224a29d2b68 sp=0x00000024f766e580
Event: 2.707 Thread 0x00000224fc6e15b0 DEOPT UNPACKING pc=0x00000224a2454402 sp=0x00000024f766e510 mode 2
Event: 2.741 Thread 0x00000224904d2b50 Uncommon trap: trap_request=0xffffff45 fr.pc=0x00000224a29f4a84 relative=0x0000000000000364
Event: 2.741 Thread 0x00000224904d2b50 Uncommon trap: reason=unstable_if action=reinterpret pc=0x00000224a29f4a84 method=java.lang.StringUTF16.compress([CII)[B @ 17 c2
Event: 2.741 Thread 0x00000224904d2b50 DEOPT PACKING pc=0x00000224a29f4a84 sp=0x00000024f48fda60
Event: 2.741 Thread 0x00000224904d2b50 DEOPT UNPACKING pc=0x00000224a2454402 sp=0x00000024f48fd990 mode 2
Event: 2.838 Thread 0x00000224904d2b50 Uncommon trap: trap_request=0xffffff45 fr.pc=0x00000224a29fc42c relative=0x000000000000034c
Event: 2.838 Thread 0x00000224904d2b50 Uncommon trap: reason=unstable_if action=reinterpret pc=0x00000224a29fc42c method=java.lang.Class.getPackageName()Ljava/lang/String; @ 55 c2
Event: 2.838 Thread 0x00000224904d2b50 DEOPT PACKING pc=0x00000224a29fc42c sp=0x00000024f48fdf90
Event: 2.838 Thread 0x00000224904d2b50 DEOPT UNPACKING pc=0x00000224a2454402 sp=0x00000024f48fdf30 mode 2

Classes loaded (20 events):
Event: 2.861 Loading class java/awt/im/spi/InputMethod
Event: 2.861 Loading class java/awt/im/spi/InputMethod done
Event: 2.861 Loading class sun/awt/im/InputMethodAdapter done
Event: 2.861 Loading class sun/awt/windows/WInputMethod done
Event: 2.870 Loading class sun/awt/im/CompositionAreaHandler
Event: 2.870 Loading class sun/awt/im/CompositionAreaHandler done
Event: 2.871 Loading class java/text/AttributedString
Event: 2.871 Loading class java/text/AttributedString done
Event: 2.871 Loading class java/text/AttributedString$AttributedStringIterator
Event: 2.871 Loading class java/text/AttributedCharacterIterator
Event: 2.871 Loading class java/text/CharacterIterator
Event: 2.871 Loading class java/text/CharacterIterator done
Event: 2.871 Loading class java/text/AttributedCharacterIterator done
Event: 2.871 Loading class java/text/AttributedString$AttributedStringIterator done
Event: 2.872 Loading class java/awt/TextComponent
Event: 2.872 Loading class java/awt/TextComponent done
Event: 2.872 Loading class javax/swing/text/JTextComponent
Event: 2.873 Loading class javax/swing/Scrollable
Event: 2.873 Loading class javax/swing/Scrollable done
Event: 2.873 Loading class javax/swing/text/JTextComponent done

Classes unloaded (0 events):
No events

Classes redefined (0 events):
No events

Internal exceptions (20 events):
Event: 0.717 Thread 0x00000224fc5416e0 Exception <a 'java/lang/NoSuchMethodError'{0x00000007109ac080}: 'int java.lang.invoke.DelegatingMethodHandle$Holder.reinvoke_L(java.lang.Object, java.lang.Object, java.lang.Object, java.lang.Object, java.lang.Object)'> (0x00000007109ac080) 
thrown [s\open\src\hotspot\share\interpreter\linkResolver.cpp, line 796]
Event: 0.724 Thread 0x00000224fc5416e0 Exception <a 'java/lang/NoSuchMethodError'{0x00000007109c7d08}: 'java.lang.Object java.lang.invoke.DirectMethodHandle$Holder.invokeInterface(java.lang.Object, java.lang.Object, java.lang.Object, java.lang.Object, java.lang.Object)'> (0x00000007109c7d08) 
thrown [s\open\src\hotspot\share\interpreter\linkResolver.cpp, line 796]
Event: 0.730 Thread 0x00000224fc5416e0 Exception <a 'java/lang/NoSuchMethodError'{0x00000007109eb318}: 'double java.lang.invoke.DirectMethodHandle$Holder.invokeInterface(java.lang.Object, java.lang.Object)'> (0x00000007109eb318) 
thrown [s\open\src\hotspot\share\interpreter\linkResolver.cpp, line 796]
Event: 0.731 Thread 0x00000224fc5416e0 Exception <a 'java/lang/NoSuchMethodError'{0x00000007109f2f88}: 'double java.lang.invoke.DelegatingMethodHandle$Holder.reinvoke_L(java.lang.Object, java.lang.Object)'> (0x00000007109f2f88) 
thrown [s\open\src\hotspot\share\interpreter\linkResolver.cpp, line 796]
Event: 1.441 Thread 0x00000224fc5416e0 Exception <a 'java/lang/NoSuchMethodError'{0x000000071060c2c8}: 'long java.lang.invoke.DirectMethodHandle$Holder.invokeVirtual(java.lang.Object, java.lang.Object)'> (0x000000071060c2c8) 
thrown [s\open\src\hotspot\share\interpreter\linkResolver.cpp, line 796]
Event: 1.442 Thread 0x00000224fc5416e0 Exception <a 'java/lang/NoSuchMethodError'{0x000000071060f8c0}: 'long java.lang.invoke.DelegatingMethodHandle$Holder.reinvoke_L(java.lang.Object, java.lang.Object)'> (0x000000071060f8c0) 
thrown [s\open\src\hotspot\share\interpreter\linkResolver.cpp, line 796]
Event: 1.791 Thread 0x00000224904d2b50 Exception <a 'java/io/FileNotFoundException'{0x0000000710681c60}> (0x0000000710681c60) 
thrown [s\open\src\hotspot\share\prims\jni.cpp, line 520]
Event: 1.794 Thread 0x00000224904d2b50 Exception <a 'java/io/FileNotFoundException'{0x00000007106946d0}> (0x00000007106946d0) 
thrown [s\open\src\hotspot\share\prims\jni.cpp, line 520]
Event: 2.485 Thread 0x00000224904d2b50 Exception <a 'java/lang/ClassNotFoundException'{0x00000007107a0ef0}: sun/awt/resources/spi/awtProvider> (0x00000007107a0ef0) 
thrown [s\open\src\hotspot\share\classfile\systemDictionary.cpp, line 313]
Event: 2.491 Thread 0x00000224904d2b50 Exception <a 'java/io/FileNotFoundException'{0x00000007107aa1c8}> (0x00000007107aa1c8) 
thrown [s\open\src\hotspot\share\prims\jni.cpp, line 520]
Event: 2.494 Thread 0x00000224904d2b50 Exception <a 'java/io/FileNotFoundException'{0x00000007107d4860}> (0x00000007107d4860) 
thrown [s\open\src\hotspot\share\prims\jni.cpp, line 520]
Event: 2.672 Thread 0x00000224904d2b50 Exception <a 'java/lang/NoSuchMethodError'{0x0000000710594298}: 'java.lang.Object java.lang.invoke.DirectMethodHandle$Holder.invokeStatic(java.lang.Object, int, java.lang.Object)'> (0x0000000710594298) 
thrown [s\open\src\hotspot\share\interpreter\linkResolver.cpp, line 796]
Event: 2.690 Thread 0x00000224904d2b50 Exception <a 'java/lang/ClassNotFoundException'{0x0000000710235e68}: com/sun/swing/internal/plaf/metal/resources/spi/metalProvider> (0x0000000710235e68) 
thrown [s\open\src\hotspot\share\classfile\systemDictionary.cpp, line 313]
Event: 2.691 Thread 0x00000224904d2b50 Exception <a 'java/lang/ClassNotFoundException'{0x0000000710239e48}: com/sun/swing/internal/plaf/basic/resources/spi/basicProvider> (0x0000000710239e48) 
thrown [s\open\src\hotspot\share\classfile\systemDictionary.cpp, line 313]
Event: 2.696 Thread 0x00000224904d2b50 Implicit null exception at 0x00000224a29fa29d to 0x00000224a29fa31d
Event: 2.700 Thread 0x00000224904d2b50 Exception <a 'java/lang/NoSuchMethodError'{0x0000000710256408}: 'int java.lang.invoke.Invokers$Holder.invokeExact_MT(java.lang.Object, java.lang.Object)'> (0x0000000710256408) 
thrown [s\open\src\hotspot\share\interpreter\linkResolver.cpp, line 796]
Event: 2.701 Thread 0x00000224904d2b50 Implicit null exception at 0x00000224a29f3592 to 0x00000224a29f3978
Event: 2.704 Thread 0x00000224904d2b50 Implicit null exception at 0x00000224a29fcafd to 0x00000224a29fd4e0
Event: 2.711 Thread 0x00000224fc6e15b0 Exception <a 'java/lang/NoSuchMethodError'{0x0000000710504358}: 'void java.lang.invoke.DirectMethodHandle$Holder.invokeVirtual(java.lang.Object, java.lang.Object)'> (0x0000000710504358) 
thrown [s\open\src\hotspot\share\interpreter\linkResolver.cpp, line 796]
Event: 2.728 Thread 0x00000224904d2b50 Exception <a 'java/lang/NoSuchMethodError'{0x00000007102fcb78}: 'void java.lang.invoke.DirectMethodHandle$Holder.invokeStaticInit(java.lang.Object)'> (0x00000007102fcb78) 
thrown [s\open\src\hotspot\share\interpreter\linkResolver.cpp, line 796]

VM Operations (20 events):
Event: 0.096 Executing VM operation: HandshakeAllThreads (Deoptimize)
Event: 0.096 Executing VM operation: HandshakeAllThreads (Deoptimize) done
Event: 0.161 Executing VM operation: HandshakeAllThreads (Deoptimize)
Event: 0.161 Executing VM operation: HandshakeAllThreads (Deoptimize) done
Event: 0.202 Executing VM operation: HandshakeAllThreads (Deoptimize)
Event: 0.202 Executing VM operation: HandshakeAllThreads (Deoptimize) done
Event: 0.239 Executing VM operation: HandshakeAllThreads (Deoptimize)
Event: 0.239 Executing VM operation: HandshakeAllThreads (Deoptimize) done
Event: 0.239 Executing VM operation: HandshakeAllThreads (Deoptimize)
Event: 0.239 Executing VM operation: HandshakeAllThreads (Deoptimize) done
Event: 0.549 Executing VM operation: HandshakeAllThreads (Deoptimize)
Event: 0.549 Executing VM operation: HandshakeAllThreads (Deoptimize) done
Event: 0.637 Executing VM operation: HandshakeAllThreads (Deoptimize)
Event: 0.637 Executing VM operation: HandshakeAllThreads (Deoptimize) done
Event: 0.702 Executing VM operation: HandshakeAllThreads (Deoptimize)
Event: 0.702 Executing VM operation: HandshakeAllThreads (Deoptimize) done
Event: 1.791 Executing VM operation: HandshakeAllThreads (Deoptimize)
Event: 1.791 Executing VM operation: HandshakeAllThreads (Deoptimize) done
Event: 2.853 Executing VM operation: HandshakeAllThreads (Deoptimize)
Event: 2.853 Executing VM operation: HandshakeAllThreads (Deoptimize) done

Memory protections (0 events):
No events

Nmethod flushes (0 events):
No events

Events (20 events):
Event: 0.052 Thread 0x00000224904d2b50 Thread added: 0x00000224b1870c70
Event: 0.052 Thread 0x00000224904d2b50 Thread added: 0x00000224b187d050
Event: 0.052 Thread 0x00000224904d2b50 Thread added: 0x00000224b187e440
Event: 0.085 Thread 0x00000224904d2b50 Thread added: 0x00000224b183db80
Event: 0.108 Thread 0x00000224b187d050 Thread added: 0x00000224f711ca30
Event: 0.155 Thread 0x00000224904d2b50 Thread added: 0x00000224f725e090
Event: 0.155 Thread 0x00000224904d2b50 Thread added: 0x00000224f725ee20
Event: 0.481 Thread 0x00000224b187e440 Thread added: 0x00000224f7beaa10
Event: 0.647 Thread 0x00000224b186f680 Thread added: 0x00000224fc53ade0
Event: 0.664 Thread 0x00000224fc53ade0 Thread added: 0x00000224fc5416e0
Event: 0.688 Thread 0x00000224fc5416e0 Thread added: 0x00000224fc53e8f0
Event: 0.700 Thread 0x00000224fc5416e0 Thread added: 0x00000224fc53c820
Event: 1.440 Thread 0x00000224f7beaa10 Thread exited: 0x00000224f7beaa10
Event: 1.782 Thread 0x00000224f711ca30 Thread exited: 0x00000224f711ca30
Event: 1.881 Thread 0x00000224904d2b50 Thread added: 0x00000224fc6e7eb0
Event: 2.530 Thread 0x00000224904d2b50 Thread added: 0x00000224fc6e6b00
Event: 2.531 Thread 0x00000224904d2b50 Thread added: 0x00000224fc6e8540
Event: 2.532 Thread 0x00000224904d2b50 Thread added: 0x00000224fc6e15b0
Event: 2.713 Thread 0x00000224fc6e15b0 Thread added: 0x00000224fc6e3d10
Event: 2.811 Thread 0x00000224fc6e3d10 Thread added: 0x00000224fc6e5750


Dynamic libraries:
0x00007ff6994e0000 - 0x00007ff6994f0000 	C:\Program Files\Java\jdk-23\bin\java.exe
0x00007fffcdc90000 - 0x00007fffcdea7000 	C:\WINDOWS\SYSTEM32\ntdll.dll
0x00007fffcccb0000 - 0x00007fffccd74000 	C:\WINDOWS\System32\KERNEL32.DLL
0x00007fffcb480000 - 0x00007fffcb851000 	C:\WINDOWS\System32\KERNELBASE.dll
0x00007fffcadd0000 - 0x00007fffcaee1000 	C:\WINDOWS\System32\ucrtbase.dll
0x00007fffc2fa0000 - 0x00007fffc2fb7000 	C:\Program Files\Java\jdk-23\bin\jli.dll
0x00007fffc2ff0000 - 0x00007fffc300b000 	C:\Program Files\Java\jdk-23\bin\VCRUNTIME140.dll
0x00007fffcce50000 - 0x00007fffcd001000 	C:\WINDOWS\System32\USER32.dll
0x00007fffcb290000 - 0x00007fffcb2b6000 	C:\WINDOWS\System32\win32u.dll
0x00007fffb5550000 - 0x00007fffb57e2000 	C:\WINDOWS\WinSxS\amd64_microsoft.windows.common-controls_6595b64144ccf1df_6.0.22621.4830_none_270fe7d773858e80\COMCTL32.dll
0x00007fffcc2b0000 - 0x00007fffcc2d9000 	C:\WINDOWS\System32\GDI32.dll
0x00007fffcca70000 - 0x00007fffccb17000 	C:\WINDOWS\System32\msvcrt.dll
0x00007fffcb2c0000 - 0x00007fffcb3db000 	C:\WINDOWS\System32\gdi32full.dll
0x00007fffcb3e0000 - 0x00007fffcb47a000 	C:\WINDOWS\System32\msvcp_win.dll
0x00007fffcc7d0000 - 0x00007fffcc801000 	C:\WINDOWS\System32\IMM32.DLL
0x00007fffc6e20000 - 0x00007fffc6e2c000 	C:\Program Files\Java\jdk-23\bin\vcruntime140_1.dll
0x00007fff97e50000 - 0x00007fff97ede000 	C:\Program Files\Java\jdk-23\bin\msvcp140.dll
0x00007fff6f540000 - 0x00007fff70290000 	C:\Program Files\Java\jdk-23\bin\server\jvm.dll
0x00007fffcd6a0000 - 0x00007fffcd751000 	C:\WINDOWS\System32\ADVAPI32.dll
0x00007fffcc200000 - 0x00007fffcc2a7000 	C:\WINDOWS\System32\sechost.dll
0x00007fffcaef0000 - 0x00007fffcaf18000 	C:\WINDOWS\System32\bcrypt.dll
0x00007fffcd360000 - 0x00007fffcd474000 	C:\WINDOWS\System32\RPCRT4.dll
0x00007fffccc30000 - 0x00007fffccca1000 	C:\WINDOWS\System32\WS2_32.dll
0x00007fffcaa40000 - 0x00007fffcaa8d000 	C:\WINDOWS\SYSTEM32\POWRPROF.dll
0x00007fffc0280000 - 0x00007fffc02b4000 	C:\WINDOWS\SYSTEM32\WINMM.dll
0x00007fffc3cb0000 - 0x00007fffc3cba000 	C:\WINDOWS\SYSTEM32\VERSION.dll
0x00007fffcaa20000 - 0x00007fffcaa33000 	C:\WINDOWS\SYSTEM32\UMPDC.dll
0x00007fffc9e20000 - 0x00007fffc9e38000 	C:\WINDOWS\SYSTEM32\kernel.appcore.dll
0x00007fffc5f40000 - 0x00007fffc5f4a000 	C:\Program Files\Java\jdk-23\bin\jimage.dll
0x00007fffbf730000 - 0x00007fffbf962000 	C:\WINDOWS\SYSTEM32\DBGHELP.DLL
0x00007fffcd760000 - 0x00007fffcdaf0000 	C:\WINDOWS\System32\combase.dll
0x00007fffcd230000 - 0x00007fffcd307000 	C:\WINDOWS\System32\OLEAUT32.dll
0x00007fffbc1b0000 - 0x00007fffbc1e2000 	C:\WINDOWS\SYSTEM32\dbgcore.DLL
0x00007fffcb860000 - 0x00007fffcb8db000 	C:\WINDOWS\System32\bcryptPrimitives.dll
0x00007fffc4430000 - 0x00007fffc443f000 	C:\Program Files\Java\jdk-23\bin\instrument.dll
0x00007fffc2f80000 - 0x00007fffc2f9e000 	C:\Program Files\Java\jdk-23\bin\java.dll
0x00007fffcd4f0000 - 0x00007fffcd691000 	C:\WINDOWS\System32\ole32.dll
0x00007fffcb960000 - 0x00007fffcc1e8000 	C:\WINDOWS\System32\SHELL32.dll
0x00007fffcafe0000 - 0x00007fffcb11f000 	C:\WINDOWS\System32\wintypes.dll
0x00007fffc8d30000 - 0x00007fffc963d000 	C:\WINDOWS\SYSTEM32\windows.storage.dll
0x00007fffcc850000 - 0x00007fffcc95a000 	C:\WINDOWS\System32\SHCORE.dll
0x00007fffcd1d0000 - 0x00007fffcd22e000 	C:\WINDOWS\System32\shlwapi.dll
0x00007fffcad00000 - 0x00007fffcad2b000 	C:\WINDOWS\SYSTEM32\profapi.dll
0x00007fff85720000 - 0x00007fff857f7000 	C:\Program Files\Java\jdk-23\bin\jsvml.dll
0x00007fffc2e30000 - 0x00007fffc2e47000 	C:\Program Files\Java\jdk-23\bin\zip.dll
0x00007fffc4380000 - 0x00007fffc4390000 	C:\Program Files\Java\jdk-23\bin\net.dll
0x00007fffca290000 - 0x00007fffca2fa000 	C:\WINDOWS\system32\mswsock.dll
0x00007fffc2e70000 - 0x00007fffc2e86000 	C:\Program Files\Java\jdk-23\bin\nio.dll
0x00007fffc40b0000 - 0x00007fffc40b9000 	C:\Program Files\Java\jdk-23\bin\extnet.dll
0x00007fff6c2c0000 - 0x00007fff6f533000 	C:\Users\Usuario\Documents\GitHub\Java_HandLight_Control\libs\opencv\build\java\x64\opencv_java4110.dll
0x00007fffa8d40000 - 0x00007fffa8f0e000 	C:\WINDOWS\SYSTEM32\MFPlat.DLL
0x00007fffab1a0000 - 0x00007fffab22a000 	C:\WINDOWS\SYSTEM32\MF.dll
0x00007fffc85b0000 - 0x00007fffc86a7000 	C:\WINDOWS\SYSTEM32\dxgi.dll
0x00007fff989c0000 - 0x00007fff98ae1000 	C:\WINDOWS\SYSTEM32\MFReadWrite.dll
0x00007fffc5910000 - 0x00007fffc5b67000 	C:\WINDOWS\SYSTEM32\d3d11.dll
0x00007fffcaac0000 - 0x00007fffcab0e000 	C:\WINDOWS\SYSTEM32\cfgmgr32.dll
0x00007fff76ed0000 - 0x00007fff7726b000 	C:\WINDOWS\SYSTEM32\MFCORE.DLL
0x00007fffbd730000 - 0x00007fffbd763000 	C:\WINDOWS\SYSTEM32\RTWorkQ.DLL
0x00007fffc83f0000 - 0x00007fffc84a3000 	C:\WINDOWS\system32\uxtheme.dll
0x00007fffc8560000 - 0x00007fffc8597000 	C:\WINDOWS\SYSTEM32\dxcore.dll
0x00007fffc27e0000 - 0x00007fffc2829000 	C:\WINDOWS\SYSTEM32\directxdatabasehelper.dll
0x00007fffbe160000 - 0x00007fffbe221000 	C:\WINDOWS\System32\DriverStore\FileRepository\nvhdc.inf_amd64_42a8f84195a93e6e\nvldumdx.dll
0x00007fffca540000 - 0x00007fffca552000 	C:\WINDOWS\SYSTEM32\msasn1.dll
0x00007fffc3bd0000 - 0x00007fffc3c02000 	C:\WINDOWS\SYSTEM32\cryptnet.dll
0x00007fffcb120000 - 0x00007fffcb286000 	C:\WINDOWS\System32\CRYPT32.dll
0x00007fffca4e0000 - 0x00007fffca4ec000 	C:\WINDOWS\SYSTEM32\cryptbase.dll
0x00007fffca620000 - 0x00007fffca66a000 	C:\WINDOWS\SYSTEM32\wldp.dll
0x00007fffc3850000 - 0x00007fffc39b2000 	C:\WINDOWS\SYSTEM32\drvstore.dll
0x00007fffcaa90000 - 0x00007fffcaabc000 	C:\WINDOWS\SYSTEM32\devobj.dll
0x00007fffcb8e0000 - 0x00007fffcb952000 	C:\WINDOWS\System32\wintrust.dll
0x00007fffcc810000 - 0x00007fffcc82f000 	C:\WINDOWS\System32\imagehlp.dll
0x00007fffc9910000 - 0x00007fffc9a12000 	C:\WINDOWS\SYSTEM32\DNSAPI.dll
0x00007fffc98a0000 - 0x00007fffc98cd000 	C:\WINDOWS\SYSTEM32\IPHLPAPI.DLL
0x00007fffccd80000 - 0x00007fffccd89000 	C:\WINDOWS\System32\NSI.dll
0x00007fffc2490000 - 0x00007fffc249a000 	C:\Windows\System32\rasadhlp.dll
0x00007fffc3450000 - 0x00007fffc34d3000 	C:\WINDOWS\System32\fwpuclnt.dll
0x00007fffca4f0000 - 0x00007fffca50b000 	C:\WINDOWS\SYSTEM32\CRYPTSP.dll
0x00007fffc9d80000 - 0x00007fffc9db7000 	C:\WINDOWS\system32\rsaenh.dll
0x00007fffb8ce0000 - 0x00007fffbacce000 	C:\WINDOWS\System32\DriverStore\FileRepository\nvhdc.inf_amd64_42a8f84195a93e6e\nvgpucomp64.dll
0x00007fffc2d70000 - 0x00007fffc2d7a000 	C:\Program Files\Java\jdk-23\bin\management.dll
0x00007fffc2d60000 - 0x00007fffc2d6b000 	C:\Program Files\Java\jdk-23\bin\management_ext.dll
0x00007fffcce40000 - 0x00007fffcce48000 	C:\WINDOWS\System32\PSAPI.DLL
0x00007fffb0d50000 - 0x00007fffb4e6c000 	C:\WINDOWS\System32\DriverStore\FileRepository\nvhdc.inf_amd64_42a8f84195a93e6e\nvwgf2umx.dll
0x00007fffa7900000 - 0x00007fffa7a55000 	C:\WINDOWS\System32\DriverStore\FileRepository\nvhdc.inf_amd64_42a8f84195a93e6e\nvppex.dll
0x00007fffb6ad0000 - 0x00007fffb6b0c000 	C:\WINDOWS\SYSTEM32\CompPkgSup.DLL
0x00007fffccd90000 - 0x00007fffcce40000 	C:\WINDOWS\System32\clbcatq.dll
0x00007fff79040000 - 0x00007fff7970b000 	C:\Windows\System32\Windows.Media.dll
0x00007fff79950000 - 0x00007fff799ee000 	C:\Windows\System32\FrameServerClient.dll
0x00007fff98dc0000 - 0x00007fff98e40000 	C:\Windows\System32\MFSENSORGROUP.dll
0x00007fffacee0000 - 0x00007fffacfdc000 	C:\Windows\System32\Windows.ApplicationModel.dll
0x00007fffc24a0000 - 0x00007fffc24ab000 	C:\WINDOWS\SYSTEM32\AVRT.dll
0x00007fffc4a30000 - 0x00007fffc4b74000 	C:\Windows\System32\AppXDeploymentClient.dll
0x00007fff799f0000 - 0x00007fff79a85000 	C:\Windows\System32\Windows.Media.MediaControl.dll
0x00007fffc25f0000 - 0x00007fffc268e000 	C:\Windows\System32\MMDevAPI.DLL
0x00007fffad7a0000 - 0x00007fffad88b000 	C:\Windows\System32\Windows.StateRepositoryPS.dll
0x00007fffbcf30000 - 0x00007fffbcf6d000 	C:\WINDOWS\SYSTEM32\windows.staterepositoryclient.dll
0x00007fffb5a70000 - 0x00007fffb5a8a000 	C:\WINDOWS\SYSTEM32\windows.staterepositorycore.dll
0x00007fff97da0000 - 0x00007fff97e42000 	C:\WINDOWS\System32\DriverStore\FileRepository\nvhdc.inf_amd64_42a8f84195a93e6e\nvDecMFTMjpegx.dll
0x00007fffca380000 - 0x00007fffca3a8000 	C:\WINDOWS\SYSTEM32\USERENV.dll
0x00007fff94c40000 - 0x00007fff94c57000 	C:\WINDOWS\system32\napinsp.dll
0x00007fff94c80000 - 0x00007fff94c9b000 	C:\WINDOWS\system32\pnrpnsp.dll
0x00007fff634b0000 - 0x00007fff634d7000 	C:\WINDOWS\system32\nlansp_c.dll
0x00007fff94c60000 - 0x00007fff94c71000 	C:\WINDOWS\System32\winrnr.dll
0x00007fffc3e70000 - 0x00007fffc3e85000 	C:\WINDOWS\system32\wshbth.dll
0x00007fffad180000 - 0x00007fffad1a1000 	C:\Windows\System32\mfmjpegdec.dll
0x00007fff84010000 - 0x00007fff8413f000 	C:\Windows\System32\mfperfhelper.dll
0x00007fffb7280000 - 0x00007fffb72d0000 	C:\WINDOWS\SYSTEM32\pdh.dll
0x00007fffb4f80000 - 0x00007fffb4f91000 	C:\WINDOWS\System32\perfproc.dll
0x00007fffb6e50000 - 0x00007fffb6e60000 	C:\WINDOWS\System32\perfos.dll
0x00007fffc8530000 - 0x00007fffc8540000 	C:\WINDOWS\SYSTEM32\pfclient.dll
0x00007fff75ae0000 - 0x00007fff75c47000 	C:\WINDOWS\System32\msvproc.dll
0x00007fffb6480000 - 0x00007fffb6490000 	C:\Program Files\Java\jdk-23\bin\verify.dll
0x0000000180000000 - 0x0000000180025000 	C:\Users\Usuario\Documents\GitHub\Java_HandLight_Control\libs\rxtx\rxtxSerial.dll
0x00007fff75950000 - 0x00007fff75ade000 	C:\Program Files\Java\jdk-23\bin\awt.dll
0x00007fffc6a10000 - 0x00007fffc6aa7000 	C:\WINDOWS\SYSTEM32\apphelp.dll
0x00007fffcdaf0000 - 0x00007fffcdc4d000 	C:\WINDOWS\System32\MSCTF.dll
0x00007fffc88a0000 - 0x00007fffc88cb000 	C:\WINDOWS\system32\DWMAPI.DLL
0x00007fff77970000 - 0x00007fff77a70000 	C:\WINDOWS\system32\opengl32.dll
0x00007fff77af0000 - 0x00007fff77b1d000 	C:\WINDOWS\SYSTEM32\GLU32.dll
0x00007fffa95a0000 - 0x00007fffa9748000 	C:\WINDOWS\system32\d3d9.dll
0x00007fff6a820000 - 0x00007fff6c2b4000 	C:\WINDOWS\System32\DriverStore\FileRepository\nvhdc.inf_amd64_42a8f84195a93e6e\nvd3dumx.dll
0x00007fffca320000 - 0x00007fffca346000 	C:\WINDOWS\SYSTEM32\gpapi.dll
0x00007fff94980000 - 0x00007fff94a07000 	C:\Program Files\Java\jdk-23\bin\freetype.dll
0x00007fff776c0000 - 0x00007fff77797000 	C:\Program Files\Java\jdk-23\bin\fontmanager.dll
0x00007fffbd1b0000 - 0x00007fffbd2f3000 	C:\WINDOWS\SYSTEM32\textinputframework.dll
0x00007fffbedf0000 - 0x00007fffbee59000 	C:\WINDOWS\system32\Oleacc.dll
0x00007fffb7710000 - 0x00007fffb775b000 	C:\WINDOWS\system32\ApplicationTargetedFeatureDatabase.dll
0x00007fffc70c0000 - 0x00007fffc7365000 	C:\Windows\System32\twinapi.appcore.dll

dbghelp: loaded successfully - version: 4.0.5 - missing functions: none
symbol engine: initialized successfully - sym options: 0x614 - pdb path: .;C:\Program Files\Java\jdk-23\bin;C:\WINDOWS\SYSTEM32;C:\WINDOWS\WinSxS\amd64_microsoft.windows.common-controls_6595b64144ccf1df_6.0.22621.4830_none_270fe7d773858e80;C:\Program Files\Java\jdk-23\bin\server;C:\Users\Usuario\Documents\GitHub\Java_HandLight_Control\libs\opencv\build\java\x64;C:\WINDOWS\System32\DriverStore\FileRepository\nvhdc.inf_amd64_42a8f84195a93e6e;C:\Users\Usuario\Documents\GitHub\Java_HandLight_Control\libs\rxtx

VM Arguments:
jvm_args: -Djava.library.path=C:\Users\Usuario\Documents\GitHub\Java_HandLight_Control\libs\opencv\build\java\x64;C:\Users\Usuario\Documents\GitHub\Java_HandLight_Control\libs\rxtx -javaagent:C:\Program Files\JetBrains\IntelliJ IDEA 2024.3.5\lib\idea_rt.jar=55265 -Dfile.encoding=UTF-8 -Dsun.stdout.encoding=UTF-8 -Dsun.stderr.encoding=UTF-8 
java_command: Main
java_class_path (initial): C:\Users\Usuario\Documents\GitHub\Java_HandLight_Control\out\production\Java_HandLight_Control;C:\Users\Usuario\Documents\GitHub\Java_HandLight_Control\libs\opencv\build\java\opencv-4110.jar;C:\Users\Usuario\Documents\GitHub\Java_HandLight_Control\libs\rxtx\RXTXcomm.jar
Launcher Type: SUN_STANDARD

[Global flags]
     intx CICompilerCount                          = 4                                         {product} {ergonomic}
     uint ConcGCThreads                            = 2                                         {product} {ergonomic}
     uint G1ConcRefinementThreads                  = 8                                         {product} {ergonomic}
   size_t G1HeapRegionSize                         = 2097152                                   {product} {ergonomic}
   size_t InitialHeapSize                          = 268435456                                 {product} {ergonomic}
   size_t MarkStackSize                            = 4194304                                   {product} {ergonomic}
   size_t MarkStackSizeMax                         = 536870912                                 {product} {ergonomic}
   size_t MaxHeapSize                              = 4271898624                                {product} {ergonomic}
   size_t MaxNewSize                               = 2562719744                                {product} {ergonomic}
   size_t MinHeapDeltaBytes                        = 2097152                                   {product} {ergonomic}
   size_t MinHeapSize                              = 8388608                                   {product} {ergonomic}
    uintx NonNMethodCodeHeapSize                   = 5832704                                {pd product} {ergonomic}
    uintx NonProfiledCodeHeapSize                  = 122945536                              {pd product} {ergonomic}
    uintx ProfiledCodeHeapSize                     = 122880000                              {pd product} {ergonomic}
    uintx ReservedCodeCacheSize                    = 251658240                              {pd product} {ergonomic}
     bool SegmentedCodeCache                       = true                                      {product} {ergonomic}
   size_t SoftMaxHeapSize                          = 4271898624                             {manageable} {ergonomic}
     bool UseCompressedOops                        = true                           {product lp64_product} {ergonomic}
     bool UseG1GC                                  = true                                      {product} {ergonomic}
     bool UseLargePagesIndividualAllocation        = false                                  {pd product} {ergonomic}

Logging:
Log output configuration:
 #0: stdout all=warning uptime,level,tags foldmultilines=false
 #1: stderr all=off uptime,level,tags foldmultilines=false

Environment Variables:
PATH=C:\Program Files\Common Files\Oracle\Java\javapath;C:\WINDOWS\system32;C:\WINDOWS;C:\WINDOWS\System32\Wbem;C:\WINDOWS\System32\WindowsPowerShell\v1.0\;C:\WINDOWS\System32\OpenSSH\;C:\Program Files\Git\cmd;C:\Users\Usuario\AppData\Local\Microsoft\WindowsApps;C:\Users\Usuario\AppData\Local\Programs\Microsoft VS Code\bin;C:\Users\Usuario\AppData\Local\GitHubDesktop\bin
USERNAME=Usuario
OS=Windows_NT
PROCESSOR_IDENTIFIER=AMD64 Family 23 Model 1 Stepping 1, AuthenticAMD
TMP=C:\Users\Usuario\AppData\Local\Temp
TEMP=C:\Users\Usuario\AppData\Local\Temp




Periodic native trim disabled

---------------  S Y S T E M  ---------------

OS:
 Windows 11 , 64 bit Build 22621 (10.0.22621.4974)
OS uptime: 0 days 18:16 hours

CPU: total 8 (initial active 8) (8 cores per cpu, 2 threads per core) family 23 model 1 stepping 1 microcode 0x0, cx8, cmov, fxsr, ht, mmx, 3dnowpref, sse, sse2, sse3, ssse3, sse4a, sse4.1, sse4.2, popcnt, lzcnt, tsc, tscinvbit, avx, avx2, aes, clmul, bmi1, bmi2, adx, sha, fma, vzeroupper, clflush, clflushopt, rdtscp, f16c
Processor Information for the first 8 processors :
  Max Mhz: 3200, Current Mhz: 3200, Mhz Limit: 3200

Memory: 4k page, system-wide physical 16288M (5160M free)
TotalPageFile size 21920M (AvailPageFile size 7971M)
current process WorkingSet (physical memory assigned to process): 258M, peak: 258M
current process commit charge ("private bytes"): 549M, peak: 549M

vm_info: Java HotSpot(TM) 64-Bit Server VM (23.0.2+7-58) for windows-amd64 JRE (23.0.2+7-58), built on 2024-11-29T09:34:55Z with MS VC++ 17.6 (VS2022)

END.
